[0.177s] DEBUG:colcon:Command line arguments: ['/usr/bin/colcon', 'build', '--packages-select', 'mbot_pkg']
[0.177s] DEBUG:colcon:Parsed command line arguments: Namespace(log_base=None, log_level=None, verb_name='build', build_base='build', install_base='install', merge_install=False, symlink_install=False, test_result_base=None, continue_on_error=False, executor='parallel', parallel_workers=32, event_handlers=None, ignore_user_meta=False, metas=['./colcon.meta'], base_paths=['.'], packages_ignore=None, packages_ignore_regex=None, paths=None, packages_up_to=None, packages_up_to_regex=None, packages_above=None, packages_above_and_dependencies=None, packages_above_depth=None, packages_select_by_dep=None, packages_skip_by_dep=None, packages_skip_up_to=None, packages_select_build_failed=False, packages_skip_build_finished=False, packages_select_test_failures=False, packages_skip_test_passed=False, packages_select=['mbot_pkg'], packages_skip=None, packages_select_regex=None, packages_skip_regex=None, packages_start=None, packages_end=None, allow_overriding=[], cmake_args=None, cmake_target=None, cmake_target_skip_unavailable=False, cmake_clean_cache=False, cmake_clean_first=False, cmake_force_configure=False, ament_cmake_args=None, catkin_cmake_args=None, catkin_skip_building_tests=False, verb_parser=<colcon_defaults.argument_parser.defaults.DefaultArgumentsDecorator object at 0x76d36f813250>, verb_extension=<colcon_core.verb.build.BuildVerb object at 0x76d36f812ce0>, main=<bound method BuildVerb.main of <colcon_core.verb.build.BuildVerb object at 0x76d36f812ce0>>)
[0.710s] Level 1:colcon.colcon_core.package_discovery:discover_packages(colcon_meta) check parameters
[0.711s] Level 1:colcon.colcon_core.package_discovery:discover_packages(recursive) check parameters
[0.711s] Level 1:colcon.colcon_core.package_discovery:discover_packages(ignore) check parameters
[0.711s] Level 1:colcon.colcon_core.package_discovery:discover_packages(path) check parameters
[0.711s] Level 1:colcon.colcon_core.package_discovery:discover_packages(colcon_meta) discover
[0.711s] Level 1:colcon.colcon_core.package_discovery:discover_packages(recursive) discover
[0.711s] INFO:colcon.colcon_core.package_discovery:Crawling recursively for packages in '/home/zy/ws'
[0.711s] Level 1:colcon.colcon_core.package_identification:_identify(.) by extensions ['ignore', 'ignore_ament_install']
[0.711s] Level 1:colcon.colcon_core.package_identification:_identify(.) by extension 'ignore'
[0.711s] Level 1:colcon.colcon_core.package_identification:_identify(.) by extension 'ignore_ament_install'
[0.711s] Level 1:colcon.colcon_core.package_identification:_identify(.) by extensions ['colcon_pkg']
[0.711s] Level 1:colcon.colcon_core.package_identification:_identify(.) by extension 'colcon_pkg'
[0.711s] Level 1:colcon.colcon_core.package_identification:_identify(.) by extensions ['colcon_meta']
[0.711s] Level 1:colcon.colcon_core.package_identification:_identify(.) by extension 'colcon_meta'
[0.711s] Level 1:colcon.colcon_core.package_identification:_identify(.) by extensions ['ros']
[0.711s] Level 1:colcon.colcon_core.package_identification:_identify(.) by extension 'ros'
[0.729s] Level 1:colcon.colcon_core.package_identification:_identify(.) by extensions ['cmake', 'python']
[0.729s] Level 1:colcon.colcon_core.package_identification:_identify(.) by extension 'cmake'
[0.729s] Level 1:colcon.colcon_core.package_identification:_identify(.) by extension 'python'
[0.729s] Level 1:colcon.colcon_core.package_identification:_identify(.) by extensions ['python_setup_py']
[0.730s] Level 1:colcon.colcon_core.package_identification:_identify(.) by extension 'python_setup_py'
[0.730s] Level 1:colcon.colcon_core.package_identification:_identify(action) by extensions ['ignore', 'ignore_ament_install']
[0.730s] Level 1:colcon.colcon_core.package_identification:_identify(action) by extension 'ignore'
[0.730s] Level 1:colcon.colcon_core.package_identification:_identify(action) by extension 'ignore_ament_install'
[0.730s] Level 1:colcon.colcon_core.package_identification:_identify(action) by extensions ['colcon_pkg']
[0.730s] Level 1:colcon.colcon_core.package_identification:_identify(action) by extension 'colcon_pkg'
[0.730s] Level 1:colcon.colcon_core.package_identification:_identify(action) by extensions ['colcon_meta']
[0.730s] Level 1:colcon.colcon_core.package_identification:_identify(action) by extension 'colcon_meta'
[0.730s] Level 1:colcon.colcon_core.package_identification:_identify(action) by extensions ['ros']
[0.730s] Level 1:colcon.colcon_core.package_identification:_identify(action) by extension 'ros'
[0.730s] Level 1:colcon.colcon_core.package_identification:_identify(action) by extensions ['cmake', 'python']
[0.730s] Level 1:colcon.colcon_core.package_identification:_identify(action) by extension 'cmake'
[0.730s] Level 1:colcon.colcon_core.package_identification:_identify(action) by extension 'python'
[0.730s] Level 1:colcon.colcon_core.package_identification:_identify(action) by extensions ['python_setup_py']
[0.730s] Level 1:colcon.colcon_core.package_identification:_identify(action) by extension 'python_setup_py'
[0.730s] Level 1:colcon.colcon_core.package_identification:_identify(build) by extensions ['ignore', 'ignore_ament_install']
[0.730s] Level 1:colcon.colcon_core.package_identification:_identify(build) by extension 'ignore'
[0.730s] Level 1:colcon.colcon_core.package_identification:_identify(build) ignored
[0.730s] Level 1:colcon.colcon_core.package_identification:_identify(install) by extensions ['ignore', 'ignore_ament_install']
[0.730s] Level 1:colcon.colcon_core.package_identification:_identify(install) by extension 'ignore'
[0.730s] Level 1:colcon.colcon_core.package_identification:_identify(install) ignored
[0.730s] Level 1:colcon.colcon_core.package_identification:_identify(launch) by extensions ['ignore', 'ignore_ament_install']
[0.730s] Level 1:colcon.colcon_core.package_identification:_identify(launch) by extension 'ignore'
[0.730s] Level 1:colcon.colcon_core.package_identification:_identify(launch) by extension 'ignore_ament_install'
[0.730s] Level 1:colcon.colcon_core.package_identification:_identify(launch) by extensions ['colcon_pkg']
[0.730s] Level 1:colcon.colcon_core.package_identification:_identify(launch) by extension 'colcon_pkg'
[0.730s] Level 1:colcon.colcon_core.package_identification:_identify(launch) by extensions ['colcon_meta']
[0.730s] Level 1:colcon.colcon_core.package_identification:_identify(launch) by extension 'colcon_meta'
[0.730s] Level 1:colcon.colcon_core.package_identification:_identify(launch) by extensions ['ros']
[0.730s] Level 1:colcon.colcon_core.package_identification:_identify(launch) by extension 'ros'
[0.730s] Level 1:colcon.colcon_core.package_identification:_identify(launch) by extensions ['cmake', 'python']
[0.730s] Level 1:colcon.colcon_core.package_identification:_identify(launch) by extension 'cmake'
[0.730s] Level 1:colcon.colcon_core.package_identification:_identify(launch) by extension 'python'
[0.731s] Level 1:colcon.colcon_core.package_identification:_identify(launch) by extensions ['python_setup_py']
[0.731s] Level 1:colcon.colcon_core.package_identification:_identify(launch) by extension 'python_setup_py'
[0.731s] Level 1:colcon.colcon_core.package_identification:_identify(log) by extensions ['ignore', 'ignore_ament_install']
[0.731s] Level 1:colcon.colcon_core.package_identification:_identify(log) by extension 'ignore'
[0.731s] Level 1:colcon.colcon_core.package_identification:_identify(log) ignored
[0.731s] Level 1:colcon.colcon_core.package_identification:_identify(src) by extensions ['ignore', 'ignore_ament_install']
[0.731s] Level 1:colcon.colcon_core.package_identification:_identify(src) by extension 'ignore'
[0.731s] Level 1:colcon.colcon_core.package_identification:_identify(src) by extension 'ignore_ament_install'
[0.731s] Level 1:colcon.colcon_core.package_identification:_identify(src) by extensions ['colcon_pkg']
[0.731s] Level 1:colcon.colcon_core.package_identification:_identify(src) by extension 'colcon_pkg'
[0.731s] Level 1:colcon.colcon_core.package_identification:_identify(src) by extensions ['colcon_meta']
[0.731s] Level 1:colcon.colcon_core.package_identification:_identify(src) by extension 'colcon_meta'
[0.731s] Level 1:colcon.colcon_core.package_identification:_identify(src) by extensions ['ros']
[0.731s] Level 1:colcon.colcon_core.package_identification:_identify(src) by extension 'ros'
[0.731s] Level 1:colcon.colcon_core.package_identification:_identify(src) by extensions ['cmake', 'python']
[0.731s] Level 1:colcon.colcon_core.package_identification:_identify(src) by extension 'cmake'
[0.731s] Level 1:colcon.colcon_core.package_identification:_identify(src) by extension 'python'
[0.731s] Level 1:colcon.colcon_core.package_identification:_identify(src) by extensions ['python_setup_py']
[0.731s] Level 1:colcon.colcon_core.package_identification:_identify(src) by extension 'python_setup_py'
[0.731s] Level 1:colcon.colcon_core.package_identification:_identify(src/build) by extensions ['ignore', 'ignore_ament_install']
[0.731s] Level 1:colcon.colcon_core.package_identification:_identify(src/build) by extension 'ignore'
[0.731s] Level 1:colcon.colcon_core.package_identification:_identify(src/build) ignored
[0.731s] Level 1:colcon.colcon_core.package_identification:_identify(src/control) by extensions ['ignore', 'ignore_ament_install']
[0.731s] Level 1:colcon.colcon_core.package_identification:_identify(src/control) by extension 'ignore'
[0.731s] Level 1:colcon.colcon_core.package_identification:_identify(src/control) by extension 'ignore_ament_install'
[0.731s] Level 1:colcon.colcon_core.package_identification:_identify(src/control) by extensions ['colcon_pkg']
[0.731s] Level 1:colcon.colcon_core.package_identification:_identify(src/control) by extension 'colcon_pkg'
[0.731s] Level 1:colcon.colcon_core.package_identification:_identify(src/control) by extensions ['colcon_meta']
[0.731s] Level 1:colcon.colcon_core.package_identification:_identify(src/control) by extension 'colcon_meta'
[0.731s] Level 1:colcon.colcon_core.package_identification:_identify(src/control) by extensions ['ros']
[0.731s] Level 1:colcon.colcon_core.package_identification:_identify(src/control) by extension 'ros'
[0.736s] DEBUG:colcon.colcon_core.package_identification:Package 'src/control' with type 'ros.ament_cmake' and name 'control'
[0.736s] Level 1:colcon.colcon_core.package_identification:_identify(src/mbot_interface) by extensions ['ignore', 'ignore_ament_install']
[0.736s] Level 1:colcon.colcon_core.package_identification:_identify(src/mbot_interface) by extension 'ignore'
[0.736s] Level 1:colcon.colcon_core.package_identification:_identify(src/mbot_interface) by extension 'ignore_ament_install'
[0.736s] Level 1:colcon.colcon_core.package_identification:_identify(src/mbot_interface) by extensions ['colcon_pkg']
[0.736s] Level 1:colcon.colcon_core.package_identification:_identify(src/mbot_interface) by extension 'colcon_pkg'
[0.736s] Level 1:colcon.colcon_core.package_identification:_identify(src/mbot_interface) by extensions ['colcon_meta']
[0.736s] Level 1:colcon.colcon_core.package_identification:_identify(src/mbot_interface) by extension 'colcon_meta'
[0.736s] Level 1:colcon.colcon_core.package_identification:_identify(src/mbot_interface) by extensions ['ros']
[0.736s] Level 1:colcon.colcon_core.package_identification:_identify(src/mbot_interface) by extension 'ros'
[0.738s] DEBUG:colcon.colcon_core.package_identification:Package 'src/mbot_interface' with type 'ros.ament_cmake' and name 'mbot_interface'
[0.738s] Level 1:colcon.colcon_core.package_identification:_identify(src/mbot_pkg) by extensions ['ignore', 'ignore_ament_install']
[0.738s] Level 1:colcon.colcon_core.package_identification:_identify(src/mbot_pkg) by extension 'ignore'
[0.738s] Level 1:colcon.colcon_core.package_identification:_identify(src/mbot_pkg) by extension 'ignore_ament_install'
[0.738s] Level 1:colcon.colcon_core.package_identification:_identify(src/mbot_pkg) by extensions ['colcon_pkg']
[0.738s] Level 1:colcon.colcon_core.package_identification:_identify(src/mbot_pkg) by extension 'colcon_pkg'
[0.738s] Level 1:colcon.colcon_core.package_identification:_identify(src/mbot_pkg) by extensions ['colcon_meta']
[0.738s] Level 1:colcon.colcon_core.package_identification:_identify(src/mbot_pkg) by extension 'colcon_meta'
[0.738s] Level 1:colcon.colcon_core.package_identification:_identify(src/mbot_pkg) by extensions ['ros']
[0.738s] Level 1:colcon.colcon_core.package_identification:_identify(src/mbot_pkg) by extension 'ros'
[0.739s] DEBUG:colcon.colcon_core.package_identification:Package 'src/mbot_pkg' with type 'ros.ament_cmake' and name 'mbot_pkg'
[0.739s] Level 1:colcon.colcon_core.package_identification:_identify(src/navigation) by extensions ['ignore', 'ignore_ament_install']
[0.739s] Level 1:colcon.colcon_core.package_identification:_identify(src/navigation) by extension 'ignore'
[0.740s] Level 1:colcon.colcon_core.package_identification:_identify(src/navigation) by extension 'ignore_ament_install'
[0.740s] Level 1:colcon.colcon_core.package_identification:_identify(src/navigation) by extensions ['colcon_pkg']
[0.740s] Level 1:colcon.colcon_core.package_identification:_identify(src/navigation) by extension 'colcon_pkg'
[0.740s] Level 1:colcon.colcon_core.package_identification:_identify(src/navigation) by extensions ['colcon_meta']
[0.740s] Level 1:colcon.colcon_core.package_identification:_identify(src/navigation) by extension 'colcon_meta'
[0.740s] Level 1:colcon.colcon_core.package_identification:_identify(src/navigation) by extensions ['ros']
[0.740s] Level 1:colcon.colcon_core.package_identification:_identify(src/navigation) by extension 'ros'
[0.741s] DEBUG:colcon.colcon_core.package_identification:Package 'src/navigation' with type 'ros.ament_cmake' and name 'navigation'
[0.741s] Level 1:colcon.colcon_core.package_identification:_identify(src/perception) by extensions ['ignore', 'ignore_ament_install']
[0.741s] Level 1:colcon.colcon_core.package_identification:_identify(src/perception) by extension 'ignore'
[0.741s] Level 1:colcon.colcon_core.package_identification:_identify(src/perception) by extension 'ignore_ament_install'
[0.741s] Level 1:colcon.colcon_core.package_identification:_identify(src/perception) by extensions ['colcon_pkg']
[0.741s] Level 1:colcon.colcon_core.package_identification:_identify(src/perception) by extension 'colcon_pkg'
[0.741s] Level 1:colcon.colcon_core.package_identification:_identify(src/perception) by extensions ['colcon_meta']
[0.741s] Level 1:colcon.colcon_core.package_identification:_identify(src/perception) by extension 'colcon_meta'
[0.741s] Level 1:colcon.colcon_core.package_identification:_identify(src/perception) by extensions ['ros']
[0.741s] Level 1:colcon.colcon_core.package_identification:_identify(src/perception) by extension 'ros'
[0.742s] DEBUG:colcon.colcon_core.package_identification:Package 'src/perception' with type 'ros.ament_cmake' and name 'perception'
[0.742s] Level 1:colcon.colcon_core.package_identification:_identify(src/slam) by extensions ['ignore', 'ignore_ament_install']
[0.742s] Level 1:colcon.colcon_core.package_identification:_identify(src/slam) by extension 'ignore'
[0.742s] Level 1:colcon.colcon_core.package_identification:_identify(src/slam) by extension 'ignore_ament_install'
[0.742s] Level 1:colcon.colcon_core.package_identification:_identify(src/slam) by extensions ['colcon_pkg']
[0.742s] Level 1:colcon.colcon_core.package_identification:_identify(src/slam) by extension 'colcon_pkg'
[0.742s] Level 1:colcon.colcon_core.package_identification:_identify(src/slam) by extensions ['colcon_meta']
[0.742s] Level 1:colcon.colcon_core.package_identification:_identify(src/slam) by extension 'colcon_meta'
[0.742s] Level 1:colcon.colcon_core.package_identification:_identify(src/slam) by extensions ['ros']
[0.742s] Level 1:colcon.colcon_core.package_identification:_identify(src/slam) by extension 'ros'
[0.743s] DEBUG:colcon.colcon_core.package_identification:Package 'src/slam' with type 'ros.ament_cmake' and name 'slam'
[0.743s] Level 1:colcon.colcon_core.package_discovery:discover_packages(recursive) using defaults
[0.743s] Level 1:colcon.colcon_core.package_discovery:discover_packages(ignore) discover
[0.743s] Level 1:colcon.colcon_core.package_discovery:discover_packages(ignore) using defaults
[0.743s] Level 1:colcon.colcon_core.package_discovery:discover_packages(path) discover
[0.743s] Level 1:colcon.colcon_core.package_discovery:discover_packages(path) using defaults
[0.786s] INFO:colcon.colcon_core.package_selection:Skipping not selected package 'control' in 'src/control'
[0.787s] INFO:colcon.colcon_core.package_selection:Skipping not selected package 'mbot_interface' in 'src/mbot_interface'
[0.787s] INFO:colcon.colcon_core.package_selection:Skipping not selected package 'navigation' in 'src/navigation'
[0.787s] INFO:colcon.colcon_core.package_selection:Skipping not selected package 'perception' in 'src/perception'
[0.787s] INFO:colcon.colcon_core.package_selection:Skipping not selected package 'slam' in 'src/slam'
[0.789s] Level 1:colcon.colcon_core.package_discovery:discover_packages(prefix_path) check parameters
[0.789s] Level 1:colcon.colcon_core.package_discovery:discover_packages(prefix_path) discover
[0.797s] DEBUG:colcon.colcon_installed_package_information.package_discovery:Found 3 installed packages in /home/zy/ws/install
[0.802s] DEBUG:colcon.colcon_installed_package_information.package_discovery:Found 315 installed packages in /opt/ros/humble
[0.810s] Level 1:colcon.colcon_core.package_discovery:discover_packages(prefix_path) using defaults
[1.000s] Level 5:colcon.colcon_core.verb:set package 'mbot_pkg' build argument 'cmake_args' from command line to 'None'
[1.000s] Level 5:colcon.colcon_core.verb:set package 'mbot_pkg' build argument 'cmake_target' from command line to 'None'
[1.000s] Level 5:colcon.colcon_core.verb:set package 'mbot_pkg' build argument 'cmake_target_skip_unavailable' from command line to 'False'
[1.000s] Level 5:colcon.colcon_core.verb:set package 'mbot_pkg' build argument 'cmake_clean_cache' from command line to 'False'
[1.000s] Level 5:colcon.colcon_core.verb:set package 'mbot_pkg' build argument 'cmake_clean_first' from command line to 'False'
[1.000s] Level 5:colcon.colcon_core.verb:set package 'mbot_pkg' build argument 'cmake_force_configure' from command line to 'False'
[1.000s] Level 5:colcon.colcon_core.verb:set package 'mbot_pkg' build argument 'ament_cmake_args' from command line to 'None'
[1.000s] Level 5:colcon.colcon_core.verb:set package 'mbot_pkg' build argument 'catkin_cmake_args' from command line to 'None'
[1.000s] Level 5:colcon.colcon_core.verb:set package 'mbot_pkg' build argument 'catkin_skip_building_tests' from command line to 'False'
[1.000s] DEBUG:colcon.colcon_core.verb:Building package 'mbot_pkg' with the following arguments: {'ament_cmake_args': None, 'build_base': '/home/zy/ws/build/mbot_pkg', 'catkin_cmake_args': None, 'catkin_skip_building_tests': False, 'cmake_args': None, 'cmake_clean_cache': False, 'cmake_clean_first': False, 'cmake_force_configure': False, 'cmake_target': None, 'cmake_target_skip_unavailable': False, 'install_base': '/home/zy/ws/install/mbot_pkg', 'merge_install': False, 'path': '/home/zy/ws/src/mbot_pkg', 'symlink_install': False, 'test_result_base': None}
[1.000s] INFO:colcon.colcon_core.executor:Executing jobs using 'parallel' executor
[1.001s] DEBUG:colcon.colcon_parallel_executor.executor.parallel:run_until_complete
[1.002s] INFO:colcon.colcon_ros.task.ament_cmake.build:Building ROS package in '/home/zy/ws/src/mbot_pkg' with build type 'ament_cmake'
[1.002s] INFO:colcon.colcon_cmake.task.cmake.build:Building CMake package in '/home/zy/ws/src/mbot_pkg'
[1.011s] INFO:colcon.colcon_core.plugin_system:Skipping extension 'colcon_core.shell.bat': Not used on non-Windows systems
[1.011s] INFO:colcon.colcon_core.shell:Skip shell extension 'powershell' for command environment: Not usable outside of PowerShell
[1.011s] DEBUG:colcon.colcon_core.shell:Skip shell extension 'dsv' for command environment
[1.309s] DEBUG:colcon.colcon_core.event_handler.log_command:Invoking command in '/home/zy/ws/build/mbot_pkg': CMAKE_PREFIX_PATH=/home/zy/ws/install/mbot_interface:/home/zy/ws/install/mbot_pkg:/home/zy/ws/install/control:/opt/ros/humble /usr/bin/cmake --build /home/zy/ws/build/mbot_pkg -- -j32 -l32
[1.388s] DEBUG:colcon.colcon_core.event_handler.log_command:Invoked command in '/home/zy/ws/build/mbot_pkg' returned '0': CMAKE_PREFIX_PATH=/home/zy/ws/install/mbot_interface:/home/zy/ws/install/mbot_pkg:/home/zy/ws/install/control:/opt/ros/humble /usr/bin/cmake --build /home/zy/ws/build/mbot_pkg -- -j32 -l32
[1.396s] DEBUG:colcon.colcon_core.event_handler.log_command:Invoking command in '/home/zy/ws/build/mbot_pkg': CMAKE_PREFIX_PATH=/home/zy/ws/install/mbot_interface:/home/zy/ws/install/mbot_pkg:/home/zy/ws/install/control:/opt/ros/humble /usr/bin/cmake --install /home/zy/ws/build/mbot_pkg
[1.412s] Level 1:colcon.colcon_core.environment:create_environment_scripts_only(mbot_pkg)
[1.413s] DEBUG:colcon.colcon_core.event_handler.log_command:Invoked command in '/home/zy/ws/build/mbot_pkg' returned '0': CMAKE_PREFIX_PATH=/home/zy/ws/install/mbot_interface:/home/zy/ws/install/mbot_pkg:/home/zy/ws/install/control:/opt/ros/humble /usr/bin/cmake --install /home/zy/ws/build/mbot_pkg
[1.429s] Level 1:colcon.colcon_core.environment:checking '/home/zy/ws/install/mbot_pkg' for CMake module files
[1.429s] Level 1:colcon.colcon_core.environment:checking '/home/zy/ws/install/mbot_pkg' for CMake config files
[1.429s] Level 1:colcon.colcon_core.shell:create_environment_hook('mbot_pkg', 'cmake_prefix_path')
[1.430s] INFO:colcon.colcon_core.shell:Creating environment hook '/home/zy/ws/install/mbot_pkg/share/mbot_pkg/hook/cmake_prefix_path.ps1'
[1.431s] INFO:colcon.colcon_core.shell:Creating environment descriptor '/home/zy/ws/install/mbot_pkg/share/mbot_pkg/hook/cmake_prefix_path.dsv'
[1.432s] INFO:colcon.colcon_core.shell:Creating environment hook '/home/zy/ws/install/mbot_pkg/share/mbot_pkg/hook/cmake_prefix_path.sh'
[1.433s] Level 1:colcon.colcon_core.environment:checking '/home/zy/ws/install/mbot_pkg/lib'
[1.433s] Level 1:colcon.colcon_core.environment:checking '/home/zy/ws/install/mbot_pkg/bin'
[1.434s] Level 1:colcon.colcon_core.environment:checking '/home/zy/ws/install/mbot_pkg/lib/pkgconfig/mbot_pkg.pc'
[1.434s] Level 1:colcon.colcon_core.environment:checking '/home/zy/ws/install/mbot_pkg/lib/python3.10/site-packages'
[1.434s] Level 1:colcon.colcon_core.environment:checking '/home/zy/ws/install/mbot_pkg/bin'
[1.434s] INFO:colcon.colcon_core.shell:Creating package script '/home/zy/ws/install/mbot_pkg/share/mbot_pkg/package.ps1'
[1.435s] INFO:colcon.colcon_core.shell:Creating package descriptor '/home/zy/ws/install/mbot_pkg/share/mbot_pkg/package.dsv'
[1.436s] INFO:colcon.colcon_core.shell:Creating package script '/home/zy/ws/install/mbot_pkg/share/mbot_pkg/package.sh'
[1.437s] INFO:colcon.colcon_core.shell:Creating package script '/home/zy/ws/install/mbot_pkg/share/mbot_pkg/package.bash'
[1.439s] INFO:colcon.colcon_core.shell:Creating package script '/home/zy/ws/install/mbot_pkg/share/mbot_pkg/package.zsh'
[1.440s] Level 1:colcon.colcon_core.environment:create_file_with_runtime_dependencies(/home/zy/ws/install/mbot_pkg/share/colcon-core/packages/mbot_pkg)
[1.440s] Level 1:colcon.colcon_core.environment:create_environment_scripts_only(mbot_pkg)
[1.441s] Level 1:colcon.colcon_core.environment:checking '/home/zy/ws/install/mbot_pkg' for CMake module files
[1.441s] Level 1:colcon.colcon_core.environment:checking '/home/zy/ws/install/mbot_pkg' for CMake config files
[1.441s] Level 1:colcon.colcon_core.shell:create_environment_hook('mbot_pkg', 'cmake_prefix_path')
[1.441s] INFO:colcon.colcon_core.shell:Creating environment hook '/home/zy/ws/install/mbot_pkg/share/mbot_pkg/hook/cmake_prefix_path.ps1'
[1.441s] INFO:colcon.colcon_core.shell:Creating environment descriptor '/home/zy/ws/install/mbot_pkg/share/mbot_pkg/hook/cmake_prefix_path.dsv'
[1.442s] INFO:colcon.colcon_core.shell:Creating environment hook '/home/zy/ws/install/mbot_pkg/share/mbot_pkg/hook/cmake_prefix_path.sh'
[1.443s] Level 1:colcon.colcon_core.environment:checking '/home/zy/ws/install/mbot_pkg/lib'
[1.443s] Level 1:colcon.colcon_core.environment:checking '/home/zy/ws/install/mbot_pkg/bin'
[1.443s] Level 1:colcon.colcon_core.environment:checking '/home/zy/ws/install/mbot_pkg/lib/pkgconfig/mbot_pkg.pc'
[1.443s] Level 1:colcon.colcon_core.environment:checking '/home/zy/ws/install/mbot_pkg/lib/python3.10/site-packages'
[1.443s] Level 1:colcon.colcon_core.environment:checking '/home/zy/ws/install/mbot_pkg/bin'
[1.443s] INFO:colcon.colcon_core.shell:Creating package script '/home/zy/ws/install/mbot_pkg/share/mbot_pkg/package.ps1'
[1.444s] INFO:colcon.colcon_core.shell:Creating package descriptor '/home/zy/ws/install/mbot_pkg/share/mbot_pkg/package.dsv'
[1.444s] INFO:colcon.colcon_core.shell:Creating package script '/home/zy/ws/install/mbot_pkg/share/mbot_pkg/package.sh'
[1.444s] INFO:colcon.colcon_core.shell:Creating package script '/home/zy/ws/install/mbot_pkg/share/mbot_pkg/package.bash'
[1.445s] INFO:colcon.colcon_core.shell:Creating package script '/home/zy/ws/install/mbot_pkg/share/mbot_pkg/package.zsh'
[1.445s] Level 1:colcon.colcon_core.environment:create_file_with_runtime_dependencies(/home/zy/ws/install/mbot_pkg/share/colcon-core/packages/mbot_pkg)
[1.445s] DEBUG:colcon.colcon_parallel_executor.executor.parallel:closing loop
[1.446s] DEBUG:colcon.colcon_parallel_executor.executor.parallel:loop closed
[1.446s] DEBUG:colcon.colcon_parallel_executor.executor.parallel:run_until_complete finished with '0'
[1.446s] DEBUG:colcon.colcon_core.event_reactor:joining thread
[1.552s] INFO:colcon.colcon_core.plugin_system:Skipping extension 'colcon_notification.desktop_notification.notify_send': Could not find 'notify-send'
[1.552s] INFO:colcon.colcon_core.plugin_system:Skipping extension 'colcon_notification.desktop_notification.terminal_notifier': Not used on non-Darwin systems
[1.552s] INFO:colcon.colcon_core.plugin_system:Skipping extension 'colcon_notification.desktop_notification.win32': Not used on non-Windows systems
[1.552s] INFO:colcon.colcon_notification.desktop_notification:Sending desktop notification using 'notify2'
[1.552s] DEBUG:colcon.colcon_notification.desktop_notification.notify2:Failed to initialize notify2: org.freedesktop.DBus.Error.FileNotFound: Failed to connect to socket /run/user/1000/bus: No such file or directory
[1.552s] DEBUG:colcon.colcon_core.event_reactor:joined thread
[1.553s] INFO:colcon.colcon_core.shell:Creating prefix script '/home/zy/ws/install/local_setup.ps1'
[1.556s] INFO:colcon.colcon_core.shell:Creating prefix util module '/home/zy/ws/install/_local_setup_util_ps1.py'
[1.557s] INFO:colcon.colcon_core.shell:Creating prefix chain script '/home/zy/ws/install/setup.ps1'
[1.558s] INFO:colcon.colcon_core.shell:Creating prefix script '/home/zy/ws/install/local_setup.sh'
[1.558s] INFO:colcon.colcon_core.shell:Creating prefix util module '/home/zy/ws/install/_local_setup_util_sh.py'
[1.559s] INFO:colcon.colcon_core.shell:Creating prefix chain script '/home/zy/ws/install/setup.sh'
[1.560s] INFO:colcon.colcon_core.shell:Creating prefix script '/home/zy/ws/install/local_setup.bash'
[1.561s] INFO:colcon.colcon_core.shell:Creating prefix chain script '/home/zy/ws/install/setup.bash'
[1.562s] INFO:colcon.colcon_core.shell:Creating prefix script '/home/zy/ws/install/local_setup.zsh'
[1.563s] INFO:colcon.colcon_core.shell:Creating prefix chain script '/home/zy/ws/install/setup.zsh'
