[0.141s] Invoking command in '/home/zy/ws/build/mbot_pkg': CMAKE_PREFIX_PATH=/home/zy/ws/install/mbot_interface:/home/zy/ws/install/mbot_pkg:/home/zy/ws/install/control:/opt/ros/humble /usr/bin/cmake /home/zy/ws/src/mbot_pkg -DCMAKE_INSTALL_PREFIX=/home/zy/ws/install/mbot_pkg
[0.312s] -- The C compiler identification is GNU 11.4.0
[0.723s] -- The CXX compiler identification is GNU 11.4.0
[1.020s] -- Detecting C compiler ABI info
[1.161s] -- Detecting C compiler ABI info - done
[1.165s] -- Check for working C compiler: /usr/bin/cc - skipped
[1.165s] -- Detecting C compile features
[1.165s] -- Detecting C compile features - done
[1.167s] -- Detecting CXX compiler ABI info
[1.316s] -- Detecting CXX compiler ABI info - done
[1.321s] -- Check for working CXX compiler: /usr/bin/c++ - skipped
[1.321s] -- Detecting CXX compile features
[1.321s] -- Detecting CXX compile features - done
[1.323s] -- Found ament_cmake: 1.3.11 (/opt/ros/humble/share/ament_cmake/cmake)
[1.407s] -- Found Python3: /usr/bin/python3 (found version "3.10.12") found components: Interpreter 
[1.455s] -- Found rclcpp: 16.0.12 (/opt/ros/humble/share/rclcpp/cmake)
[1.738s] -- Found rosidl_generator_c: 3.1.6 (/opt/ros/humble/share/rosidl_generator_c/cmake)
[1.741s] -- Found rosidl_adapter: 3.1.6 (/opt/ros/humble/share/rosidl_adapter/cmake)
[1.746s] -- Found rosidl_generator_cpp: 3.1.6 (/opt/ros/humble/share/rosidl_generator_cpp/cmake)
[1.752s] -- Using all available rosidl_typesupport_c: rosidl_typesupport_fastrtps_c;rosidl_typesupport_introspection_c
[1.760s] -- Using all available rosidl_typesupport_cpp: rosidl_typesupport_fastrtps_cpp;rosidl_typesupport_introspection_cpp
[1.782s] -- Found rmw_implementation_cmake: 6.1.2 (/opt/ros/humble/share/rmw_implementation_cmake/cmake)
[1.784s] -- Found rmw_fastrtps_cpp: 6.2.7 (/opt/ros/humble/share/rmw_fastrtps_cpp/cmake)
[3.108s] -- Found OpenSSL: /usr/lib/x86_64-linux-gnu/libcrypto.so (found version "3.0.2")  
[3.994s] -- Found FastRTPS: /opt/ros/humble/include  
[5.366s] -- Using RMW implementation 'rmw_fastrtps_cpp' as default
[5.370s] -- Looking for pthread.h
[5.714s] -- Looking for pthread.h - found
[5.714s] -- Performing Test CMAKE_HAVE_LIBC_PTHREAD
[5.876s] -- Performing Test CMAKE_HAVE_LIBC_PTHREAD - Success
[5.877s] -- Found Threads: TRUE  
[5.903s] -- Found mbot_interface: 0.0.0 (/home/zy/ws/install/mbot_interface/share/mbot_interface/cmake)
[5.907s] -- Found gazebo_ros: 3.9.0 (/opt/ros/humble/share/gazebo_ros/cmake)
[5.913s] -- Found PkgConfig: /usr/bin/pkg-config (found version "0.29.2") 
[5.914s] -- Checking for module 'bullet>=2.82'
[5.924s] --   Found bullet, version 3.05
[6.093s] -- Found fcl: /usr/include (found suitable version "0.7.0", minimum required is "0.5.0") 
[6.126s] -- Found assimp: /usr/include (found version "5.2.0") 
[6.136s] -- Found DART: /usr/include (Required is at least version "6.6") found components: dart 
[6.153s] -- Found Boost: /usr/lib/x86_64-linux-gnu/cmake/Boost-1.74.0/BoostConfig.cmake (found suitable version "1.74.0", minimum required is "1.40.0") found components: thread system filesystem program_options regex iostreams date_time 
[6.433s] -- Found Protobuf: /usr/lib/x86_64-linux-gnu/libprotobuf.so (found version "3.12.4") 
[6.436s] -- Looking for ignition-math6 -- found version 6.15.1
[6.439s] -- Searching for dependencies of ignition-math6
[6.440s] -- Looking for OGRE...
[6.441s] -- OGRE_PREFIX_WATCH changed.
[6.444s] -- Checking for module 'OGRE'
[6.453s] --   Found OGRE, version 1.9.0
[6.473s] -- Found Ogre Ghadamon (1.9.0)
[6.911s] -- Found OGRE: optimized;/usr/lib/x86_64-linux-gnu/libOgreMain.so;debug;/usr/lib/x86_64-linux-gnu/libOgreMain.so
[6.917s] -- Looking for OGRE_Paging...
[7.186s] -- Found OGRE_Paging: optimized;/usr/lib/x86_64-linux-gnu/libOgrePaging.so;debug;/usr/lib/x86_64-linux-gnu/libOgrePaging.so
[7.187s] -- Looking for OGRE_Terrain...
[7.395s] -- Found OGRE_Terrain: optimized;/usr/lib/x86_64-linux-gnu/libOgreTerrain.so;debug;/usr/lib/x86_64-linux-gnu/libOgreTerrain.so
[7.395s] -- Looking for OGRE_Property...
[7.603s] -- Found OGRE_Property: optimized;/usr/lib/x86_64-linux-gnu/libOgreProperty.so;debug;/usr/lib/x86_64-linux-gnu/libOgreProperty.so
[7.604s] -- Looking for OGRE_RTShaderSystem...
[7.812s] -- Found OGRE_RTShaderSystem: optimized;/usr/lib/x86_64-linux-gnu/libOgreRTShaderSystem.so;debug;/usr/lib/x86_64-linux-gnu/libOgreRTShaderSystem.so
[7.812s] -- Looking for OGRE_Volume...
[8.007s] -- Found OGRE_Volume: optimized;/usr/lib/x86_64-linux-gnu/libOgreVolume.so;debug;/usr/lib/x86_64-linux-gnu/libOgreVolume.so
[8.007s] -- Looking for OGRE_Overlay...
[8.220s] -- Found OGRE_Overlay: optimized;/usr/lib/x86_64-linux-gnu/libOgreOverlay.so;debug;/usr/lib/x86_64-linux-gnu/libOgreOverlay.so
[18.766s] -- Looking for ignition-math6 -- found version 6.15.1
[18.767s] -- Looking for ignition-transport8 -- found version 8.2.1
[18.767s] -- Searching for dependencies of ignition-transport8
[19.546s] -- Found Protobuf: /usr/lib/x86_64-linux-gnu/libprotobuf.so (found suitable version "3.12.4", minimum required is "3") 
[20.231s] -- Config-file not installed for ZeroMQ -- checking for pkg-config
[20.234s] -- Checking for module 'libzmq >= 4'
[20.243s] --   Found libzmq , version 4.3.4
[20.265s] -- Found ZeroMQ: TRUE (Required is at least version "4") 
[20.356s] -- Checking for module 'uuid'
[20.363s] --   Found uuid, version 2.37.2
[20.386s] -- Found UUID: TRUE  
[20.387s] -- Looking for ignition-msgs5 -- found version 5.8.1
[20.388s] -- Searching for dependencies of ignition-msgs5
[21.115s] -- Looking for ignition-math6 -- found version 6.15.1
[21.119s] -- Checking for module 'tinyxml2'
[21.126s] --   Found tinyxml2, version 9.0.0
[21.148s] -- Looking for ignition-msgs5 -- found version 5.8.1
[21.149s] -- Looking for ignition-common3 -- found version 3.14.0
[21.149s] -- Searching for dependencies of ignition-common3
[21.224s] -- Looking for dlfcn.h - found
[21.296s] -- Looking for libdl - found
[21.297s] -- Found DL: TRUE  
[21.492s] -- Found tinyobjloader: /usr/lib/x86_64-linux-gnu/cmake/tinyobjloader/tinyobjloader-config.cmake (found version "2.0.0") 
[21.492s] -- Searching for <ignition-common3> component [graphics]
[21.493s] -- Looking for ignition-common3-graphics -- found version 3.14.0
[21.493s] -- Searching for dependencies of ignition-common3-graphics
[21.494s] -- Looking for ignition-math6 -- found version 6.15.1
[21.495s] -- Looking for ignition-fuel_tools4 -- found version 4.4.0
[21.495s] -- Searching for dependencies of ignition-fuel_tools4
[22.534s] -- Found CURL: /usr/lib/x86_64-linux-gnu/libcurl.so (found version "7.81.0")  
[22.539s] -- Checking for module 'jsoncpp'
[22.547s] --   Found jsoncpp, version 1.9.5
[22.568s] -- Found JSONCPP: TRUE  
[22.572s] -- Checking for module 'libzip'
[22.580s] --   Found libzip, version 1.7.3
[22.603s] -- Found ZIP: TRUE  
[22.603s] -- Looking for ignition-common3 -- found version 3.14.0
[22.604s] -- Looking for ignition-math6 -- found version 6.15.1
[22.604s] -- Looking for ignition-msgs5 -- found version 5.8.1
[22.606s] -- Gazebo version: 11.10
[22.606s] -- Checking for module 'tbb'
[22.616s] --   Found tbb, version 2021.5.0
[22.638s] -- Found gazebo_plugins: 3.9.0 (/opt/ros/humble/share/gazebo_plugins/cmake)
[22.670s] -- Found urdf: 2.6.1 (/opt/ros/humble/share/urdf/cmake)
[23.361s] -- Found xacro: 2.0.13 (/opt/ros/humble/share/xacro/cmake)
[23.362s] -- Found sensor_msgs: 4.9.0 (/opt/ros/humble/share/sensor_msgs/cmake)
[23.377s] -- Found ament_lint_auto: 0.12.12 (/opt/ros/humble/share/ament_lint_auto/cmake)
[23.422s] -- Added test 'cppcheck' to perform static code analysis on C / C++ code
[23.422s] -- Configured cppcheck include dirs: $<BUILD_INTERFACE:/home/zy/ws/src/mbot_pkg/include>
[23.422s] -- Configured cppcheck exclude dirs and/or files: 
[23.423s] -- Added test 'flake8' to check Python code syntax and style conventions
[23.423s] -- Added test 'lint_cmake' to check CMake code style
[23.424s] -- Added test 'pep257' to check Python code against some of the docstring style conventions in PEP 257
[23.425s] -- Added test 'uncrustify' to check C / C++ code style
[23.425s] -- Configured uncrustify additional arguments: 
[23.426s] -- Added test 'xmllint' to check XML markup files
[23.427s] -- Configuring done
[23.443s] -- Generating done
[23.448s] -- Build files have been written to: /home/zy/ws/build/mbot_pkg
[23.457s] Invoked command in '/home/zy/ws/build/mbot_pkg' returned '0': CMAKE_PREFIX_PATH=/home/zy/ws/install/mbot_interface:/home/zy/ws/install/mbot_pkg:/home/zy/ws/install/control:/opt/ros/humble /usr/bin/cmake /home/zy/ws/src/mbot_pkg -DCMAKE_INSTALL_PREFIX=/home/zy/ws/install/mbot_pkg
[23.458s] Invoking command in '/home/zy/ws/build/mbot_pkg': CMAKE_PREFIX_PATH=/home/zy/ws/install/mbot_interface:/home/zy/ws/install/mbot_pkg:/home/zy/ws/install/control:/opt/ros/humble /usr/bin/cmake --build /home/zy/ws/build/mbot_pkg -- -j32 -l32
[23.491s] [ 50%] [32mBuilding CXX object CMakeFiles/mbot_manager.dir/src/mbot_manager.cpp.o[0m
[28.127s] [100%] [32m[1mLinking CXX executable mbot_manager[0m
[28.555s] [100%] Built target mbot_manager
[28.608s] Invoked command in '/home/zy/ws/build/mbot_pkg' returned '0': CMAKE_PREFIX_PATH=/home/zy/ws/install/mbot_interface:/home/zy/ws/install/mbot_pkg:/home/zy/ws/install/control:/opt/ros/humble /usr/bin/cmake --build /home/zy/ws/build/mbot_pkg -- -j32 -l32
[28.617s] Invoking command in '/home/zy/ws/build/mbot_pkg': CMAKE_PREFIX_PATH=/home/zy/ws/install/mbot_interface:/home/zy/ws/install/mbot_pkg:/home/zy/ws/install/control:/opt/ros/humble /usr/bin/cmake --install /home/zy/ws/build/mbot_pkg
[28.621s] -- Install configuration: ""
[28.622s] -- Installing: /home/zy/ws/install/mbot_pkg/lib/mbot_pkg/mbot_manager
[28.624s] -- Set runtime path of "/home/zy/ws/install/mbot_pkg/lib/mbot_pkg/mbot_manager" to ""
[28.624s] -- Installing: /home/zy/ws/install/mbot_pkg/share/mbot_pkg/launch
[28.625s] -- Installing: /home/zy/ws/install/mbot_pkg/share/mbot_pkg/launch/mbot.launch.py
[28.625s] -- Installing: /home/zy/ws/install/mbot_pkg/share/mbot_pkg/urdf
[28.625s] -- Installing: /home/zy/ws/install/mbot_pkg/share/mbot_pkg/urdf/mbot_gazebo.urdf.xacro
[28.625s] -- Installing: /home/zy/ws/install/mbot_pkg/share/mbot_pkg/urdf/test.urdf
[28.625s] -- Installing: /home/zy/ws/install/mbot_pkg/share/mbot_pkg/urdf/mbot_base.urdf.xacro
[28.625s] -- Installing: /home/zy/ws/install/mbot_pkg/share/mbot_pkg/worlds
[28.625s] -- Installing: /home/zy/ws/install/mbot_pkg/share/mbot_pkg/worlds/empty_world.world
[28.626s] -- Installing: /home/zy/ws/install/mbot_pkg/share/ament_index/resource_index/package_run_dependencies/mbot_pkg
[28.626s] -- Installing: /home/zy/ws/install/mbot_pkg/share/ament_index/resource_index/parent_prefix_path/mbot_pkg
[28.626s] -- Installing: /home/zy/ws/install/mbot_pkg/share/mbot_pkg/environment/ament_prefix_path.sh
[28.627s] -- Installing: /home/zy/ws/install/mbot_pkg/share/mbot_pkg/environment/ament_prefix_path.dsv
[28.627s] -- Installing: /home/zy/ws/install/mbot_pkg/share/mbot_pkg/environment/path.sh
[28.627s] -- Installing: /home/zy/ws/install/mbot_pkg/share/mbot_pkg/environment/path.dsv
[28.627s] -- Installing: /home/zy/ws/install/mbot_pkg/share/mbot_pkg/local_setup.bash
[28.627s] -- Installing: /home/zy/ws/install/mbot_pkg/share/mbot_pkg/local_setup.sh
[28.628s] -- Installing: /home/zy/ws/install/mbot_pkg/share/mbot_pkg/local_setup.zsh
[28.628s] -- Installing: /home/zy/ws/install/mbot_pkg/share/mbot_pkg/local_setup.dsv
[28.628s] -- Installing: /home/zy/ws/install/mbot_pkg/share/mbot_pkg/package.dsv
[28.628s] -- Installing: /home/zy/ws/install/mbot_pkg/share/ament_index/resource_index/packages/mbot_pkg
[28.628s] -- Installing: /home/zy/ws/install/mbot_pkg/share/mbot_pkg/cmake/mbot_pkgConfig.cmake
[28.628s] -- Installing: /home/zy/ws/install/mbot_pkg/share/mbot_pkg/cmake/mbot_pkgConfig-version.cmake
[28.628s] -- Installing: /home/zy/ws/install/mbot_pkg/share/mbot_pkg/package.xml
[28.630s] Invoked command in '/home/zy/ws/build/mbot_pkg' returned '0': CMAKE_PREFIX_PATH=/home/zy/ws/install/mbot_interface:/home/zy/ws/install/mbot_pkg:/home/zy/ws/install/control:/opt/ros/humble /usr/bin/cmake --install /home/zy/ws/build/mbot_pkg
