[01m[K/home/zy/ws/src/control/src/control_node.cpp:20:22:[m[K [01;31m[Kerror: [m[K‘[01m[Kmbot_interface[m[K’ was not declared in this scope
   20 |    rclcpp::Publisher<[01;31m[Kmbot_interface[m[K::msg::Person>::SharedPtr publisher_;
      |                      [01;31m[K^~~~~~~~~~~~~~[m[K
[01m[K/home/zy/ws/src/control/src/control_node.cpp:20:49:[m[K [01;31m[Kerror: [m[Ktemplate argument 1 is invalid
   20 |    rclcpp::Publisher<mbot_interface::msg::Person[01;31m[K>[m[K::SharedPtr publisher_;
      |                                                 [01;31m[K^[m[K
[01m[K/home/zy/ws/src/control/src/control_node.cpp:20:52:[m[K [01;31m[Kerror: [m[Kexpected ‘[01m[K;[m[K’ at end of member declaration
   20 |    rclcpp::Publisher<mbot_interface::msg::Person>::[01;31m[KSharedPtr[m[K publisher_;
      |                                                    [01;31m[K^~~~~~~~~[m[K
      |                                                             [32m[K;[m[K
[01m[K/home/zy/ws/src/control/src/control_node.cpp:20:62:[m[K [01;31m[Kerror: [m[K‘[01m[Kpublisher_[m[K’ does not name a type; did you mean ‘[01m[Krmw_publisher_t[m[K’?
   20 |    rclcpp::Publisher<mbot_interface::msg::Person>::SharedPtr [01;31m[Kpublisher_[m[K;
      |                                                              [01;31m[K^~~~~~~~~~[m[K
      |                                                              [32m[Krmw_publisher_t[m[K
[01m[K/home/zy/ws/src/control/src/control_node.cpp:[m[K In constructor ‘[01m[KMotionController::MotionController()[m[K’:
[01m[K/home/zy/ws/src/control/src/control_node.cpp:11:10:[m[K [01;31m[Kerror: [m[Kbase operand of ‘[01m[K->[m[K’ has non-pointer type ‘[01m[Kgeometry_msgs::msg::Twist[m[K’ {aka ‘[01m[Kgeometry_msgs::msg::Twist_<std::allocator<void> >[m[K’}
   11 |     twist[01;31m[K->[m[Klinear.x = 0.2;
      |          [01;31m[K^~[m[K
[01m[K/home/zy/ws/src/control/src/control_node.cpp:12:10:[m[K [01;31m[Kerror: [m[Kbase operand of ‘[01m[K->[m[K’ has non-pointer type ‘[01m[Kgeometry_msgs::msg::Twist[m[K’ {aka ‘[01m[Kgeometry_msgs::msg::Twist_<std::allocator<void> >[m[K’}
   12 |     twist[01;31m[K->[m[Kangular.z = 0.5;
      |          [01;31m[K^~[m[K
[01m[K/home/zy/ws/src/control/src/control_node.cpp:13:5:[m[K [01;31m[Kerror: [m[K‘[01m[Kpublisher_[m[K’ was not declared in this scope; did you mean ‘[01m[Krmw_publisher_t[m[K’?
   13 |     [01;31m[Kpublisher_[m[K = this->create_publisher<geometry_msgs::msg::Twist>("/mbot/cmd_vel", 10);
      |     [01;31m[K^~~~~~~~~~[m[K
      |     [32m[Krmw_publisher_t[m[K
[01m[K/home/zy/ws/src/control/src/control_node.cpp:[m[K In member function ‘[01m[Kvoid MotionController::timer_callback()[m[K’:
[01m[K/home/zy/ws/src/control/src/control_node.cpp:25:5:[m[K [01;31m[Kerror: [m[K‘[01m[Kpublisher_[m[K’ was not declared in this scope; did you mean ‘[01m[Krmw_publisher_t[m[K’?
   25 |     [01;31m[Kpublisher_[m[K->publish(twist);
      |     [01;31m[K^~~~~~~~~~[m[K
      |     [32m[Krmw_publisher_t[m[K
gmake[2]: *** [CMakeFiles/control_node.dir/build.make:76: CMakeFiles/control_node.dir/src/control_node.cpp.o] Error 1
gmake[1]: *** [CMakeFiles/Makefile2:137: CMakeFiles/control_node.dir/all] Error 2
gmake: *** [Makefile:146: all] Error 2
