-- Found ament_cmake: 1.3.11 (/opt/ros/humble/share/ament_cmake/cmake)
-- Found rclcpp: 16.0.12 (/opt/ros/humble/share/rclcpp/cmake)
-- Found rosidl_generator_c: 3.1.6 (/opt/ros/humble/share/rosidl_generator_c/cmake)
-- Found rosidl_adapter: 3.1.6 (/opt/ros/humble/share/rosidl_adapter/cmake)
-- Found rosidl_generator_cpp: 3.1.6 (/opt/ros/humble/share/rosidl_generator_cpp/cmake)
-- Using all available rosidl_typesupport_c: rosidl_typesupport_fastrtps_c;rosidl_typesupport_introspection_c
-- Using all available rosidl_typesupport_cpp: rosidl_typesupport_fastrtps_cpp;rosidl_typesupport_introspection_cpp
-- Found rmw_implementation_cmake: 6.1.2 (/opt/ros/humble/share/rmw_implementation_cmake/cmake)
-- Found rmw_fastrtps_cpp: 6.2.7 (/opt/ros/humble/share/rmw_fastrtps_cpp/cmake)
-- Using RMW implementation 'rmw_fastrtps_cpp' as default
-- Found mbot_interface: 0.0.0 (/home/zy/ws/install/mbot_interface/share/mbot_interface/cmake)
-- Found ament_lint_auto: 0.12.12 (/opt/ros/humble/share/ament_lint_auto/cmake)
-- Added test 'cppcheck' to perform static code analysis on C / C++ code
-- Configured cppcheck include dirs: $<BUILD_INTERFACE:/home/zy/ws/src/mbot_pkg/include>
-- Configured cppcheck exclude dirs and/or files: 
-- Added test 'lint_cmake' to check CMake code style
-- Added test 'uncrustify' to check C / C++ code style
-- Configured uncrustify additional arguments: 
-- Added test 'xmllint' to check XML markup files
-- Configuring done
-- Generating done
-- Build files have been written to: /home/zy/ws/build/mbot_pkg
[ 50%] [32mBuilding CXX object CMakeFiles/mbot_manager.dir/src/mbot_manager.cpp.o[0m
[100%] [32m[1mLinking CXX executable mbot_manager[0m
[100%] Built target mbot_manager
-- Install configuration: ""
-- Installing: /home/zy/ws/install/mbot_pkg/lib/mbot_pkg/mbot_manager
-- Set runtime path of "/home/zy/ws/install/mbot_pkg/lib/mbot_pkg/mbot_manager" to ""
-- Installing: /home/zy/ws/install/mbot_pkg/share/ament_index/resource_index/package_run_dependencies/mbot_pkg
-- Installing: /home/zy/ws/install/mbot_pkg/share/ament_index/resource_index/parent_prefix_path/mbot_pkg
-- Installing: /home/zy/ws/install/mbot_pkg/share/mbot_pkg/environment/ament_prefix_path.sh
-- Installing: /home/zy/ws/install/mbot_pkg/share/mbot_pkg/environment/ament_prefix_path.dsv
-- Installing: /home/zy/ws/install/mbot_pkg/share/mbot_pkg/environment/path.sh
-- Installing: /home/zy/ws/install/mbot_pkg/share/mbot_pkg/environment/path.dsv
-- Installing: /home/zy/ws/install/mbot_pkg/share/mbot_pkg/local_setup.bash
-- Installing: /home/zy/ws/install/mbot_pkg/share/mbot_pkg/local_setup.sh
-- Installing: /home/zy/ws/install/mbot_pkg/share/mbot_pkg/local_setup.zsh
-- Installing: /home/zy/ws/install/mbot_pkg/share/mbot_pkg/local_setup.dsv
-- Installing: /home/zy/ws/install/mbot_pkg/share/mbot_pkg/package.dsv
-- Installing: /home/zy/ws/install/mbot_pkg/share/ament_index/resource_index/packages/mbot_pkg
-- Installing: /home/zy/ws/install/mbot_pkg/share/mbot_pkg/cmake/mbot_pkgConfig.cmake
-- Installing: /home/zy/ws/install/mbot_pkg/share/mbot_pkg/cmake/mbot_pkgConfig-version.cmake
-- Installing: /home/zy/ws/install/mbot_pkg/share/mbot_pkg/package.xml
