[0.362s] Invoking command in '/home/zy/ws/build/mbot_pkg': CMAKE_PREFIX_PATH=/home/zy/ws/install/mbot_interface:/home/zy/ws/install/mbot_pkg:/home/zy/ws/install/control:/opt/ros/humble /usr/bin/cmake /home/zy/ws/src/mbot_pkg -DCMAKE_INSTALL_PREFIX=/home/zy/ws/install/mbot_pkg
[0.850s] -- The C compiler identification is GNU 11.4.0
[1.833s] -- The CXX compiler identification is GNU 11.4.0
[2.447s] -- Detecting C compiler ABI info
[2.643s] -- Detecting C compiler ABI info - done
[2.646s] -- Check for working C compiler: /usr/bin/cc - skipped
[2.693s] -- Detecting C compile features
[2.694s] -- Detecting C compile features - done
[2.701s] -- Detecting CXX compiler ABI info
[2.836s] -- Detecting CXX compiler ABI info - done
[2.840s] -- Check for working CXX compiler: /usr/bin/c++ - skipped
[2.840s] -- Detecting CXX compile features
[2.840s] -- Detecting CXX compile features - done
[2.893s] -- Found ament_cmake: 1.3.11 (/opt/ros/humble/share/ament_cmake/cmake)
[2.995s] -- Found Python3: /usr/bin/python3 (found version "3.10.12") found components: Interpreter 
[3.131s] -- Found rclcpp: 16.0.12 (/opt/ros/humble/share/rclcpp/cmake)
[3.452s] -- Found rosidl_generator_c: 3.1.6 (/opt/ros/humble/share/rosidl_generator_c/cmake)
[3.462s] -- Found rosidl_adapter: 3.1.6 (/opt/ros/humble/share/rosidl_adapter/cmake)
[3.482s] -- Found rosidl_generator_cpp: 3.1.6 (/opt/ros/humble/share/rosidl_generator_cpp/cmake)
[3.514s] -- Using all available rosidl_typesupport_c: rosidl_typesupport_fastrtps_c;rosidl_typesupport_introspection_c
[3.547s] -- Using all available rosidl_typesupport_cpp: rosidl_typesupport_fastrtps_cpp;rosidl_typesupport_introspection_cpp
[3.648s] -- Found rmw_implementation_cmake: 6.1.2 (/opt/ros/humble/share/rmw_implementation_cmake/cmake)
[3.655s] -- Found rmw_fastrtps_cpp: 6.2.7 (/opt/ros/humble/share/rmw_fastrtps_cpp/cmake)
[5.096s] -- Found OpenSSL: /usr/lib/x86_64-linux-gnu/libcrypto.so (found version "3.0.2")  
[6.869s] -- Found FastRTPS: /opt/ros/humble/include  
[9.785s] -- Using RMW implementation 'rmw_fastrtps_cpp' as default
[9.807s] -- Looking for pthread.h
[10.337s] -- Looking for pthread.h - found
[10.338s] -- Performing Test CMAKE_HAVE_LIBC_PTHREAD
[10.643s] -- Performing Test CMAKE_HAVE_LIBC_PTHREAD - Success
[10.644s] -- Found Threads: TRUE  
[10.798s] -- Found mbot_interface: 0.0.0 (/home/zy/ws/install/mbot_interface/share/mbot_interface/cmake)
[10.828s] -- Found gazebo_ros: 3.9.0 (/opt/ros/humble/share/gazebo_ros/cmake)
[10.843s] -- Found PkgConfig: /usr/bin/pkg-config (found version "0.29.2") 
[10.843s] -- Checking for module 'bullet>=2.82'
[10.852s] --   Found bullet, version 3.05
[11.024s] -- Found fcl: /usr/include (found suitable version "0.7.0", minimum required is "0.5.0") 
[11.113s] -- Found assimp: /usr/include (found version "5.2.0") 
[11.153s] -- Found DART: /usr/include (Required is at least version "6.6") found components: dart 
[11.197s] -- Found Boost: /usr/lib/x86_64-linux-gnu/cmake/Boost-1.74.0/BoostConfig.cmake (found suitable version "1.74.0", minimum required is "1.40.0") found components: thread system filesystem program_options regex iostreams date_time 
[11.638s] -- Found Protobuf: /usr/lib/x86_64-linux-gnu/libprotobuf.so (found version "3.12.4") 
[11.646s] -- Looking for ignition-math6 -- found version 6.15.1
[11.669s] -- Searching for dependencies of ignition-math6
[11.675s] -- Looking for OGRE...
[11.675s] -- OGRE_PREFIX_WATCH changed.
[11.679s] -- Checking for module 'OGRE'
[11.689s] --   Found OGRE, version 1.9.0
[11.718s] -- Found Ogre Ghadamon (1.9.0)
[12.091s] -- Found OGRE: optimized;/usr/lib/x86_64-linux-gnu/libOgreMain.so;debug;/usr/lib/x86_64-linux-gnu/libOgreMain.so
[12.098s] -- Looking for OGRE_Paging...
[12.526s] -- Found OGRE_Paging: optimized;/usr/lib/x86_64-linux-gnu/libOgrePaging.so;debug;/usr/lib/x86_64-linux-gnu/libOgrePaging.so
[12.526s] -- Looking for OGRE_Terrain...
[12.822s] -- Found OGRE_Terrain: optimized;/usr/lib/x86_64-linux-gnu/libOgreTerrain.so;debug;/usr/lib/x86_64-linux-gnu/libOgreTerrain.so
[12.822s] -- Looking for OGRE_Property...
[13.102s] -- Found OGRE_Property: optimized;/usr/lib/x86_64-linux-gnu/libOgreProperty.so;debug;/usr/lib/x86_64-linux-gnu/libOgreProperty.so
[13.102s] -- Looking for OGRE_RTShaderSystem...
[13.645s] -- Found OGRE_RTShaderSystem: optimized;/usr/lib/x86_64-linux-gnu/libOgreRTShaderSystem.so;debug;/usr/lib/x86_64-linux-gnu/libOgreRTShaderSystem.so
[13.645s] -- Looking for OGRE_Volume...
[13.972s] -- Found OGRE_Volume: optimized;/usr/lib/x86_64-linux-gnu/libOgreVolume.so;debug;/usr/lib/x86_64-linux-gnu/libOgreVolume.so
[13.972s] -- Looking for OGRE_Overlay...
[14.264s] -- Found OGRE_Overlay: optimized;/usr/lib/x86_64-linux-gnu/libOgreOverlay.so;debug;/usr/lib/x86_64-linux-gnu/libOgreOverlay.so
[33.588s] -- Looking for ignition-math6 -- found version 6.15.1
[33.639s] -- Looking for ignition-transport8 -- found version 8.2.1
[33.639s] -- Searching for dependencies of ignition-transport8
[34.756s] -- Found Protobuf: /usr/lib/x86_64-linux-gnu/libprotobuf.so (found suitable version "3.12.4", minimum required is "3") 
[35.755s] -- Config-file not installed for ZeroMQ -- checking for pkg-config
[35.759s] -- Checking for module 'libzmq >= 4'
[35.768s] --   Found libzmq , version 4.3.4
[35.792s] -- Found ZeroMQ: TRUE (Required is at least version "4") 
[35.869s] -- Checking for module 'uuid'
[35.878s] --   Found uuid, version 2.37.2
[35.902s] -- Found UUID: TRUE  
[35.905s] -- Looking for ignition-msgs5 -- found version 5.8.1
[35.905s] -- Searching for dependencies of ignition-msgs5
[37.059s] -- Looking for ignition-math6 -- found version 6.15.1
[37.079s] -- Checking for module 'tinyxml2'
[37.089s] --   Found tinyxml2, version 9.0.0
[37.116s] -- Looking for ignition-msgs5 -- found version 5.8.1
[37.119s] -- Looking for ignition-common3 -- found version 3.14.0
[37.119s] -- Searching for dependencies of ignition-common3
[37.188s] -- Looking for dlfcn.h - found
[37.216s] -- Looking for libdl - found
[37.217s] -- Found DL: TRUE  
[37.336s] -- Found tinyobjloader: /usr/lib/x86_64-linux-gnu/cmake/tinyobjloader/tinyobjloader-config.cmake (found version "2.0.0") 
[37.338s] -- Searching for <ignition-common3> component [graphics]
[37.340s] -- Looking for ignition-common3-graphics -- found version 3.14.0
[37.341s] -- Searching for dependencies of ignition-common3-graphics
[37.341s] -- Looking for ignition-math6 -- found version 6.15.1
[37.346s] -- Looking for ignition-fuel_tools4 -- found version 4.4.0
[37.346s] -- Searching for dependencies of ignition-fuel_tools4
[39.031s] -- Found CURL: /usr/lib/x86_64-linux-gnu/libcurl.so (found version "7.81.0")  
[39.090s] -- Checking for module 'jsoncpp'
[39.100s] --   Found jsoncpp, version 1.9.5
[39.122s] -- Found JSONCPP: TRUE  
[39.129s] -- Checking for module 'libzip'
[39.140s] --   Found libzip, version 1.7.3
[39.163s] -- Found ZIP: TRUE  
[39.163s] -- Looking for ignition-common3 -- found version 3.14.0
[39.164s] -- Looking for ignition-math6 -- found version 6.15.1
[39.164s] -- Looking for ignition-msgs5 -- found version 5.8.1
[39.174s] -- Gazebo version: 11.10
[39.174s] -- Checking for module 'tbb'
[39.184s] --   Found tbb, version 2021.5.0
[39.209s] -- Found gazebo_plugins: 3.9.0 (/opt/ros/humble/share/gazebo_plugins/cmake)
[39.321s] -- Found urdf: 2.6.1 (/opt/ros/humble/share/urdf/cmake)
[40.405s] -- Found xacro: 2.0.13 (/opt/ros/humble/share/xacro/cmake)
[40.409s] -- Found sensor_msgs: 4.9.0 (/opt/ros/humble/share/sensor_msgs/cmake)
[40.445s] -- Found ament_lint_auto: 0.12.12 (/opt/ros/humble/share/ament_lint_auto/cmake)
[40.632s] -- Added test 'cppcheck' to perform static code analysis on C / C++ code
[40.633s] -- Configured cppcheck include dirs: $<BUILD_INTERFACE:/home/zy/ws/src/mbot_pkg/include>
[40.633s] -- Configured cppcheck exclude dirs and/or files: 
[40.634s] -- Added test 'flake8' to check Python code syntax and style conventions
[40.635s] -- Added test 'lint_cmake' to check CMake code style
[40.636s] -- Added test 'pep257' to check Python code against some of the docstring style conventions in PEP 257
[40.638s] -- Added test 'uncrustify' to check C / C++ code style
[40.638s] -- Configured uncrustify additional arguments: 
[40.639s] -- Added test 'xmllint' to check XML markup files
[40.641s] -- Configuring done
[40.937s] -- Generating done
[40.942s] -- Build files have been written to: /home/zy/ws/build/mbot_pkg
[40.956s] Invoked command in '/home/zy/ws/build/mbot_pkg' returned '0': CMAKE_PREFIX_PATH=/home/zy/ws/install/mbot_interface:/home/zy/ws/install/mbot_pkg:/home/zy/ws/install/control:/opt/ros/humble /usr/bin/cmake /home/zy/ws/src/mbot_pkg -DCMAKE_INSTALL_PREFIX=/home/zy/ws/install/mbot_pkg
[40.958s] Invoking command in '/home/zy/ws/build/mbot_pkg': CMAKE_PREFIX_PATH=/home/zy/ws/install/mbot_interface:/home/zy/ws/install/mbot_pkg:/home/zy/ws/install/control:/opt/ros/humble /usr/bin/cmake --build /home/zy/ws/build/mbot_pkg -- -j32 -l32
[40.988s] [ 50%] [32mBuilding CXX object CMakeFiles/mbot_manager.dir/src/mbot_manager.cpp.o[0m
[47.383s] [100%] [32m[1mLinking CXX executable mbot_manager[0m
[48.417s] [100%] Built target mbot_manager
[48.426s] Invoked command in '/home/zy/ws/build/mbot_pkg' returned '0': CMAKE_PREFIX_PATH=/home/zy/ws/install/mbot_interface:/home/zy/ws/install/mbot_pkg:/home/zy/ws/install/control:/opt/ros/humble /usr/bin/cmake --build /home/zy/ws/build/mbot_pkg -- -j32 -l32
[48.434s] Invoking command in '/home/zy/ws/build/mbot_pkg': CMAKE_PREFIX_PATH=/home/zy/ws/install/mbot_interface:/home/zy/ws/install/mbot_pkg:/home/zy/ws/install/control:/opt/ros/humble /usr/bin/cmake --install /home/zy/ws/build/mbot_pkg
[48.438s] -- Install configuration: ""
[48.438s] -- Installing: /home/zy/ws/install/mbot_pkg/lib/mbot_pkg/mbot_manager
[48.440s] -- Set runtime path of "/home/zy/ws/install/mbot_pkg/lib/mbot_pkg/mbot_manager" to ""
[48.440s] -- Installing: /home/zy/ws/install/mbot_pkg/share/mbot_pkg/launch
[48.440s] -- Installing: /home/zy/ws/install/mbot_pkg/share/mbot_pkg/launch/mbot.launch.py
[48.441s] -- Installing: /home/zy/ws/install/mbot_pkg/share/mbot_pkg/urdf
[48.441s] -- Installing: /home/zy/ws/install/mbot_pkg/share/mbot_pkg/urdf/mbot_gazebo.urdf.xacro
[48.443s] -- Installing: /home/zy/ws/install/mbot_pkg/share/mbot_pkg/urdf/test.urdf
[48.444s] -- Installing: /home/zy/ws/install/mbot_pkg/share/mbot_pkg/urdf/mbot_base.urdf.xacro
[48.446s] -- Installing: /home/zy/ws/install/mbot_pkg/share/mbot_pkg/worlds
[48.446s] -- Installing: /home/zy/ws/install/mbot_pkg/share/mbot_pkg/worlds/empty_world.world
[48.448s] -- Installing: /home/zy/ws/install/mbot_pkg/share/ament_index/resource_index/package_run_dependencies/mbot_pkg
[48.448s] -- Installing: /home/zy/ws/install/mbot_pkg/share/ament_index/resource_index/parent_prefix_path/mbot_pkg
[48.448s] -- Installing: /home/zy/ws/install/mbot_pkg/share/mbot_pkg/environment/ament_prefix_path.sh
[48.448s] -- Installing: /home/zy/ws/install/mbot_pkg/share/mbot_pkg/environment/ament_prefix_path.dsv
[48.448s] -- Installing: /home/zy/ws/install/mbot_pkg/share/mbot_pkg/environment/path.sh
[48.448s] -- Installing: /home/zy/ws/install/mbot_pkg/share/mbot_pkg/environment/path.dsv
[48.448s] -- Installing: /home/zy/ws/install/mbot_pkg/share/mbot_pkg/local_setup.bash
[48.449s] -- Installing: /home/zy/ws/install/mbot_pkg/share/mbot_pkg/local_setup.sh
[48.449s] -- Installing: /home/zy/ws/install/mbot_pkg/share/mbot_pkg/local_setup.zsh
[48.449s] -- Installing: /home/zy/ws/install/mbot_pkg/share/mbot_pkg/local_setup.dsv
[48.449s] -- Installing: /home/zy/ws/install/mbot_pkg/share/mbot_pkg/package.dsv
[48.449s] -- Installing: /home/zy/ws/install/mbot_pkg/share/ament_index/resource_index/packages/mbot_pkg
[48.449s] -- Installing: /home/zy/ws/install/mbot_pkg/share/mbot_pkg/cmake/mbot_pkgConfig.cmake
[48.449s] -- Installing: /home/zy/ws/install/mbot_pkg/share/mbot_pkg/cmake/mbot_pkgConfig-version.cmake
[48.449s] -- Installing: /home/zy/ws/install/mbot_pkg/share/mbot_pkg/package.xml
[48.450s] Invoked command in '/home/zy/ws/build/mbot_pkg' returned '0': CMAKE_PREFIX_PATH=/home/zy/ws/install/mbot_interface:/home/zy/ws/install/mbot_pkg:/home/zy/ws/install/control:/opt/ros/humble /usr/bin/cmake --install /home/zy/ws/build/mbot_pkg
