[0.074s] Invoking command in '/home/zy/ws/build/mbot_pkg': CMAKE_PREFIX_PATH=/home/zy/ws/install/mbot_interface:/home/zy/ws/install/mbot_pkg:/home/zy/ws/install/control:/opt/ros/humble /usr/bin/cmake --build /home/zy/ws/build/mbot_pkg -- -j32 -l32
[0.102s] [35m[1mConsolidate compiler generated dependencies of target mbot_manager[0m
[0.113s] [ 50%] [32mBuilding CXX object CMakeFiles/mbot_manager.dir/src/mbot_manager.cpp.o[0m
[4.980s] [100%] [32m[1mLinking CXX executable mbot_manager[0m
[5.385s] [100%] Built target mbot_manager
[5.395s] Invoked command in '/home/zy/ws/build/mbot_pkg' returned '0': CMAKE_PREFIX_PATH=/home/zy/ws/install/mbot_interface:/home/zy/ws/install/mbot_pkg:/home/zy/ws/install/control:/opt/ros/humble /usr/bin/cmake --build /home/zy/ws/build/mbot_pkg -- -j32 -l32
[5.402s] Invoking command in '/home/zy/ws/build/mbot_pkg': CMAKE_PREFIX_PATH=/home/zy/ws/install/mbot_interface:/home/zy/ws/install/mbot_pkg:/home/zy/ws/install/control:/opt/ros/humble /usr/bin/cmake --install /home/zy/ws/build/mbot_pkg
[5.406s] -- Install configuration: ""
[5.407s] -- Installing: /home/zy/ws/install/mbot_pkg/lib/mbot_pkg/mbot_manager
[5.409s] -- Set runtime path of "/home/zy/ws/install/mbot_pkg/lib/mbot_pkg/mbot_manager" to ""
[5.409s] -- Up-to-date: /home/zy/ws/install/mbot_pkg/share/ament_index/resource_index/package_run_dependencies/mbot_pkg
[5.409s] -- Up-to-date: /home/zy/ws/install/mbot_pkg/share/ament_index/resource_index/parent_prefix_path/mbot_pkg
[5.410s] -- Up-to-date: /home/zy/ws/install/mbot_pkg/share/mbot_pkg/environment/ament_prefix_path.sh
[5.410s] -- Up-to-date: /home/zy/ws/install/mbot_pkg/share/mbot_pkg/environment/ament_prefix_path.dsv
[5.410s] -- Up-to-date: /home/zy/ws/install/mbot_pkg/share/mbot_pkg/environment/path.sh
[5.410s] -- Up-to-date: /home/zy/ws/install/mbot_pkg/share/mbot_pkg/environment/path.dsv
[5.410s] -- Up-to-date: /home/zy/ws/install/mbot_pkg/share/mbot_pkg/local_setup.bash
[5.411s] -- Up-to-date: /home/zy/ws/install/mbot_pkg/share/mbot_pkg/local_setup.sh
[5.411s] -- Up-to-date: /home/zy/ws/install/mbot_pkg/share/mbot_pkg/local_setup.zsh
[5.411s] -- Up-to-date: /home/zy/ws/install/mbot_pkg/share/mbot_pkg/local_setup.dsv
[5.411s] -- Installing: /home/zy/ws/install/mbot_pkg/share/mbot_pkg/package.dsv
[5.411s] -- Up-to-date: /home/zy/ws/install/mbot_pkg/share/ament_index/resource_index/packages/mbot_pkg
[5.411s] -- Up-to-date: /home/zy/ws/install/mbot_pkg/share/mbot_pkg/cmake/mbot_pkgConfig.cmake
[5.412s] -- Up-to-date: /home/zy/ws/install/mbot_pkg/share/mbot_pkg/cmake/mbot_pkgConfig-version.cmake
[5.412s] -- Up-to-date: /home/zy/ws/install/mbot_pkg/share/mbot_pkg/package.xml
[5.413s] Invoked command in '/home/zy/ws/build/mbot_pkg' returned '0': CMAKE_PREFIX_PATH=/home/zy/ws/install/mbot_interface:/home/zy/ws/install/mbot_pkg:/home/zy/ws/install/control:/opt/ros/humble /usr/bin/cmake --install /home/zy/ws/build/mbot_pkg
