[0.095s] Invoking command in '/home/zy/ws/build/mbot_pkg': CMAKE_PREFIX_PATH=/home/zy/ws/install/mbot_interface:/home/zy/ws/install/mbot_pkg:/opt/ros/humble /usr/bin/cmake --build /home/zy/ws/build/mbot_pkg -- -j32 -l32
[0.112s] -- Found ament_cmake: 1.3.11 (/opt/ros/humble/share/ament_cmake/cmake)
[0.179s] -- Found rclcpp: 16.0.12 (/opt/ros/humble/share/rclcpp/cmake)
[0.297s] -- Found rosidl_generator_c: 3.1.6 (/opt/ros/humble/share/rosidl_generator_c/cmake)
[0.298s] -- Found rosidl_adapter: 3.1.6 (/opt/ros/humble/share/rosidl_adapter/cmake)
[0.301s] -- Found rosidl_generator_cpp: 3.1.6 (/opt/ros/humble/share/rosidl_generator_cpp/cmake)
[0.306s] -- Using all available rosidl_typesupport_c: rosidl_typesupport_fastrtps_c;rosidl_typesupport_introspection_c
[0.313s] -- Using all available rosidl_typesupport_cpp: rosidl_typesupport_fastrtps_cpp;rosidl_typesupport_introspection_cpp
[0.329s] -- Found rmw_implementation_cmake: 6.1.2 (/opt/ros/humble/share/rmw_implementation_cmake/cmake)
[0.330s] -- Found rmw_fastrtps_cpp: 6.2.7 (/opt/ros/humble/share/rmw_fastrtps_cpp/cmake)
[3.101s] -- Using RMW implementation 'rmw_fastrtps_cpp' as default
[3.125s] -- Found mbot_interface: 0.0.0 (/home/zy/ws/install/mbot_interface/share/mbot_interface/cmake)
[3.129s] -- Found gazebo_ros: 3.9.0 (/opt/ros/humble/share/gazebo_ros/cmake)
[3.146s] -- Found DART: /usr/include (Required is at least version "6.6") found components: dart 
[3.159s] -- Found Protobuf: /usr/lib/x86_64-linux-gnu/libprotobuf.so (found version "3.12.4") 
[3.160s] -- Looking for ignition-math6 -- found version 6.15.1
[3.163s] -- Searching for dependencies of ignition-math6
[3.163s] -- Looking for OGRE...
[3.167s] -- Found Ogre Ghadamon (1.9.0)
[3.167s] -- Found OGRE: optimized;/usr/lib/x86_64-linux-gnu/libOgreMain.so;debug;/usr/lib/x86_64-linux-gnu/libOgreMain.so
[3.172s] -- Looking for OGRE_Paging...
[3.172s] -- Found OGRE_Paging: optimized;/usr/lib/x86_64-linux-gnu/libOgrePaging.so;debug;/usr/lib/x86_64-linux-gnu/libOgrePaging.so
[3.172s] -- Looking for OGRE_Terrain...
[3.172s] -- Found OGRE_Terrain: optimized;/usr/lib/x86_64-linux-gnu/libOgreTerrain.so;debug;/usr/lib/x86_64-linux-gnu/libOgreTerrain.so
[3.172s] -- Looking for OGRE_Property...
[3.172s] -- Found OGRE_Property: optimized;/usr/lib/x86_64-linux-gnu/libOgreProperty.so;debug;/usr/lib/x86_64-linux-gnu/libOgreProperty.so
[3.172s] -- Looking for OGRE_RTShaderSystem...
[3.172s] -- Found OGRE_RTShaderSystem: optimized;/usr/lib/x86_64-linux-gnu/libOgreRTShaderSystem.so;debug;/usr/lib/x86_64-linux-gnu/libOgreRTShaderSystem.so
[3.172s] -- Looking for OGRE_Volume...
[3.172s] -- Found OGRE_Volume: optimized;/usr/lib/x86_64-linux-gnu/libOgreVolume.so;debug;/usr/lib/x86_64-linux-gnu/libOgreVolume.so
[3.172s] -- Looking for OGRE_Overlay...
[3.172s] -- Found OGRE_Overlay: optimized;/usr/lib/x86_64-linux-gnu/libOgreOverlay.so;debug;/usr/lib/x86_64-linux-gnu/libOgreOverlay.so
[12.129s] -- Looking for ignition-math6 -- found version 6.15.1
[12.129s] -- Looking for ignition-transport8 -- found version 8.2.1
[12.129s] -- Searching for dependencies of ignition-transport8
[12.825s] -- Found Protobuf: /usr/lib/x86_64-linux-gnu/libprotobuf.so (found suitable version "3.12.4", minimum required is "3") 
[13.425s] -- Config-file not installed for ZeroMQ -- checking for pkg-config
[13.428s] -- Checking for module 'libzmq >= 4'
[13.436s] --   Found libzmq , version 4.3.4
[13.459s] -- Checking for module 'uuid'
[13.467s] --   Found uuid, version 2.37.2
[13.485s] -- Looking for ignition-msgs5 -- found version 5.8.1
[13.485s] -- Searching for dependencies of ignition-msgs5
[14.205s] -- Looking for ignition-math6 -- found version 6.15.1
[14.209s] -- Checking for module 'tinyxml2'
[14.218s] --   Found tinyxml2, version 9.0.0
[14.237s] -- Looking for ignition-msgs5 -- found version 5.8.1
[14.238s] -- Looking for ignition-common3 -- found version 3.14.0
[14.238s] -- Searching for dependencies of ignition-common3
[14.238s] -- Looking for dlfcn.h - found
[14.238s] -- Looking for libdl - found
[14.313s] -- Searching for <ignition-common3> component [graphics]
[14.313s] -- Looking for ignition-common3-graphics -- found version 3.14.0
[14.313s] -- Searching for dependencies of ignition-common3-graphics
[14.314s] -- Looking for ignition-math6 -- found version 6.15.1
[14.314s] -- Looking for ignition-fuel_tools4 -- found version 4.4.0
[14.315s] -- Searching for dependencies of ignition-fuel_tools4
[15.149s] -- Checking for module 'jsoncpp'
[15.157s] --   Found jsoncpp, version 1.9.5
[15.179s] -- Checking for module 'libzip'
[15.186s] --   Found libzip, version 1.7.3
[15.204s] -- Looking for ignition-common3 -- found version 3.14.0
[15.204s] -- Looking for ignition-math6 -- found version 6.15.1
[15.204s] -- Looking for ignition-msgs5 -- found version 5.8.1
[15.205s] -- Gazebo version: 11.10
[15.206s] -- Found gazebo_plugins: 3.9.0 (/opt/ros/humble/share/gazebo_plugins/cmake)
[15.237s] -- Found urdf: 2.6.1 (/opt/ros/humble/share/urdf/cmake)
[15.963s] -- Found xacro: 2.0.13 (/opt/ros/humble/share/xacro/cmake)
[15.963s] -- Found sensor_msgs: 4.9.0 (/opt/ros/humble/share/sensor_msgs/cmake)
[15.982s] -- Found ament_lint_auto: 0.12.12 (/opt/ros/humble/share/ament_lint_auto/cmake)
[16.034s] -- Added test 'cppcheck' to perform static code analysis on C / C++ code
[16.034s] -- Configured cppcheck include dirs: $<BUILD_INTERFACE:/home/zy/ws/src/mbot_pkg/include>
[16.034s] -- Configured cppcheck exclude dirs and/or files: 
[16.035s] -- Added test 'flake8' to check Python code syntax and style conventions
[16.036s] -- Added test 'lint_cmake' to check CMake code style
[16.037s] -- Added test 'pep257' to check Python code against some of the docstring style conventions in PEP 257
[16.038s] -- Added test 'uncrustify' to check C / C++ code style
[16.038s] -- Configured uncrustify additional arguments: 
[16.039s] -- Added test 'xmllint' to check XML markup files
[16.040s] -- Configuring done
[16.114s] -- Generating done
[16.118s] -- Build files have been written to: /home/zy/ws/build/mbot_pkg
[16.136s] [35m[1mConsolidate compiler generated dependencies of target mbot_manager[0m
[16.146s] [ 50%] [32mBuilding CXX object CMakeFiles/mbot_manager.dir/src/mbot_manager.cpp.o[0m
[20.751s] [100%] [32m[1mLinking CXX executable mbot_manager[0m
[21.291s] [100%] Built target mbot_manager
[21.298s] Invoked command in '/home/zy/ws/build/mbot_pkg' returned '0': CMAKE_PREFIX_PATH=/home/zy/ws/install/mbot_interface:/home/zy/ws/install/mbot_pkg:/opt/ros/humble /usr/bin/cmake --build /home/zy/ws/build/mbot_pkg -- -j32 -l32
[21.305s] Invoking command in '/home/zy/ws/build/mbot_pkg': CMAKE_PREFIX_PATH=/home/zy/ws/install/mbot_interface:/home/zy/ws/install/mbot_pkg:/opt/ros/humble /usr/bin/cmake --install /home/zy/ws/build/mbot_pkg
[21.308s] -- Install configuration: ""
[21.309s] -- Installing: /home/zy/ws/install/mbot_pkg/lib/mbot_pkg/mbot_manager
[21.311s] -- Set runtime path of "/home/zy/ws/install/mbot_pkg/lib/mbot_pkg/mbot_manager" to ""
[21.311s] -- Installing: /home/zy/ws/install/mbot_pkg/share/ament_index/resource_index/package_run_dependencies/mbot_pkg
[21.311s] -- Installing: /home/zy/ws/install/mbot_pkg/share/ament_index/resource_index/parent_prefix_path/mbot_pkg
[21.311s] -- Up-to-date: /home/zy/ws/install/mbot_pkg/share/mbot_pkg/environment/ament_prefix_path.sh
[21.311s] -- Installing: /home/zy/ws/install/mbot_pkg/share/mbot_pkg/environment/ament_prefix_path.dsv
[21.311s] -- Up-to-date: /home/zy/ws/install/mbot_pkg/share/mbot_pkg/environment/path.sh
[21.311s] -- Installing: /home/zy/ws/install/mbot_pkg/share/mbot_pkg/environment/path.dsv
[21.312s] -- Up-to-date: /home/zy/ws/install/mbot_pkg/share/mbot_pkg/local_setup.bash
[21.312s] -- Up-to-date: /home/zy/ws/install/mbot_pkg/share/mbot_pkg/local_setup.sh
[21.312s] -- Up-to-date: /home/zy/ws/install/mbot_pkg/share/mbot_pkg/local_setup.zsh
[21.312s] -- Installing: /home/zy/ws/install/mbot_pkg/share/mbot_pkg/local_setup.dsv
[21.312s] -- Installing: /home/zy/ws/install/mbot_pkg/share/mbot_pkg/package.dsv
[21.312s] -- Up-to-date: /home/zy/ws/install/mbot_pkg/share/ament_index/resource_index/packages/mbot_pkg
[21.312s] -- Up-to-date: /home/zy/ws/install/mbot_pkg/share/mbot_pkg/cmake/mbot_pkgConfig.cmake
[21.312s] -- Up-to-date: /home/zy/ws/install/mbot_pkg/share/mbot_pkg/cmake/mbot_pkgConfig-version.cmake
[21.312s] -- Installing: /home/zy/ws/install/mbot_pkg/share/mbot_pkg/package.xml
[21.313s] Invoked command in '/home/zy/ws/build/mbot_pkg' returned '0': CMAKE_PREFIX_PATH=/home/zy/ws/install/mbot_interface:/home/zy/ws/install/mbot_pkg:/opt/ros/humble /usr/bin/cmake --install /home/zy/ws/build/mbot_pkg
