[0.071s] Invoking command in '/home/zy/ws/build/mbot_pkg': CMAKE_PREFIX_PATH=/home/zy/ws/install/mbot_interface:/home/zy/ws/install/mbot_pkg:/opt/ros/humble /usr/bin/cmake --build /home/zy/ws/build/mbot_pkg -- -j32 -l32
[0.085s] -- Found ament_cmake: 1.3.11 (/opt/ros/humble/share/ament_cmake/cmake)
[0.156s] -- Found rclcpp: 16.0.12 (/opt/ros/humble/share/rclcpp/cmake)
[0.251s] -- Found rosidl_generator_c: 3.1.6 (/opt/ros/humble/share/rosidl_generator_c/cmake)
[0.252s] -- Found rosidl_adapter: 3.1.6 (/opt/ros/humble/share/rosidl_adapter/cmake)
[0.255s] -- Found rosidl_generator_cpp: 3.1.6 (/opt/ros/humble/share/rosidl_generator_cpp/cmake)
[0.259s] -- Using all available rosidl_typesupport_c: rosidl_typesupport_fastrtps_c;rosidl_typesupport_introspection_c
[0.265s] -- Using all available rosidl_typesupport_cpp: rosidl_typesupport_fastrtps_cpp;rosidl_typesupport_introspection_cpp
[0.280s] -- Found rmw_implementation_cmake: 6.1.2 (/opt/ros/humble/share/rmw_implementation_cmake/cmake)
[0.280s] -- Found rmw_fastrtps_cpp: 6.2.7 (/opt/ros/humble/share/rmw_fastrtps_cpp/cmake)
[3.541s] -- Using RMW implementation 'rmw_fastrtps_cpp' as default
[3.564s] -- Found mbot_interface: 0.0.0 (/home/zy/ws/install/mbot_interface/share/mbot_interface/cmake)
[3.568s] -- Found gazebo_ros: 3.9.0 (/opt/ros/humble/share/gazebo_ros/cmake)
[3.588s] -- Found DART: /usr/include (Required is at least version "6.6") found components: dart 
[3.602s] -- Found Protobuf: /usr/lib/x86_64-linux-gnu/libprotobuf.so (found version "3.12.4") 
[3.603s] -- Looking for ignition-math6 -- found version 6.15.1
[3.605s] -- Searching for dependencies of ignition-math6
[3.606s] -- Looking for OGRE...
[3.610s] -- Found Ogre Ghadamon (1.9.0)
[3.611s] -- Found OGRE: optimized;/usr/lib/x86_64-linux-gnu/libOgreMain.so;debug;/usr/lib/x86_64-linux-gnu/libOgreMain.so
[3.617s] -- Looking for OGRE_Paging...
[3.617s] -- Found OGRE_Paging: optimized;/usr/lib/x86_64-linux-gnu/libOgrePaging.so;debug;/usr/lib/x86_64-linux-gnu/libOgrePaging.so
[3.617s] -- Looking for OGRE_Terrain...
[3.617s] -- Found OGRE_Terrain: optimized;/usr/lib/x86_64-linux-gnu/libOgreTerrain.so;debug;/usr/lib/x86_64-linux-gnu/libOgreTerrain.so
[3.617s] -- Looking for OGRE_Property...
[3.617s] -- Found OGRE_Property: optimized;/usr/lib/x86_64-linux-gnu/libOgreProperty.so;debug;/usr/lib/x86_64-linux-gnu/libOgreProperty.so
[3.617s] -- Looking for OGRE_RTShaderSystem...
[3.617s] -- Found OGRE_RTShaderSystem: optimized;/usr/lib/x86_64-linux-gnu/libOgreRTShaderSystem.so;debug;/usr/lib/x86_64-linux-gnu/libOgreRTShaderSystem.so
[3.617s] -- Looking for OGRE_Volume...
[3.617s] -- Found OGRE_Volume: optimized;/usr/lib/x86_64-linux-gnu/libOgreVolume.so;debug;/usr/lib/x86_64-linux-gnu/libOgreVolume.so
[3.617s] -- Looking for OGRE_Overlay...
[3.617s] -- Found OGRE_Overlay: optimized;/usr/lib/x86_64-linux-gnu/libOgreOverlay.so;debug;/usr/lib/x86_64-linux-gnu/libOgreOverlay.so
[13.654s] -- Looking for ignition-math6 -- found version 6.15.1
[13.654s] -- Looking for ignition-transport8 -- found version 8.2.1
[13.655s] -- Searching for dependencies of ignition-transport8
[14.319s] -- Found Protobuf: /usr/lib/x86_64-linux-gnu/libprotobuf.so (found suitable version "3.12.4", minimum required is "3") 
[14.957s] -- Config-file not installed for ZeroMQ -- checking for pkg-config
[14.960s] -- Checking for module 'libzmq >= 4'
[14.966s] --   Found libzmq , version 4.3.4
[14.988s] -- Checking for module 'uuid'
[14.994s] --   Found uuid, version 2.37.2
[15.011s] -- Looking for ignition-msgs5 -- found version 5.8.1
[15.011s] -- Searching for dependencies of ignition-msgs5
[15.708s] -- Looking for ignition-math6 -- found version 6.15.1
[15.710s] -- Checking for module 'tinyxml2'
[15.717s] --   Found tinyxml2, version 9.0.0
[15.734s] -- Looking for ignition-msgs5 -- found version 5.8.1
[15.734s] -- Looking for ignition-common3 -- found version 3.14.0
[15.734s] -- Searching for dependencies of ignition-common3
[15.734s] -- Looking for dlfcn.h - found
[15.734s] -- Looking for libdl - found
[15.785s] -- Searching for <ignition-common3> component [graphics]
[15.785s] -- Looking for ignition-common3-graphics -- found version 3.14.0
[15.786s] -- Searching for dependencies of ignition-common3-graphics
[15.786s] -- Looking for ignition-math6 -- found version 6.15.1
[15.786s] -- Looking for ignition-fuel_tools4 -- found version 4.4.0
[15.787s] -- Searching for dependencies of ignition-fuel_tools4
[16.514s] -- Checking for module 'jsoncpp'
[16.521s] --   Found jsoncpp, version 1.9.5
[16.540s] -- Checking for module 'libzip'
[16.548s] --   Found libzip, version 1.7.3
[16.564s] -- Looking for ignition-common3 -- found version 3.14.0
[16.565s] -- Looking for ignition-math6 -- found version 6.15.1
[16.565s] -- Looking for ignition-msgs5 -- found version 5.8.1
[16.566s] -- Gazebo version: 11.10
[16.566s] -- Found gazebo_plugins: 3.9.0 (/opt/ros/humble/share/gazebo_plugins/cmake)
[16.595s] -- Found urdf: 2.6.1 (/opt/ros/humble/share/urdf/cmake)
[17.239s] -- Found xacro: 2.0.13 (/opt/ros/humble/share/xacro/cmake)
[17.239s] -- Found sensor_msgs: 4.9.0 (/opt/ros/humble/share/sensor_msgs/cmake)
[17.834s] -- Configuring incomplete, errors occurred!
[17.834s] See also "/home/zy/ws/build/mbot_pkg/CMakeFiles/CMakeOutput.log".
[17.834s] [31mCMake Error at CMakeLists.txt:19 (find_package):
[17.834s]   By not providing "Findgazebo_ros_diff_drive.cmake" in CMAKE_MODULE_PATH
[17.834s]   this project has asked CMake to find a package configuration file provided
[17.834s]   by "gazebo_ros_diff_drive", but CMake did not find one.
[17.834s] 
[17.834s]   Could not find a package configuration file provided by
[17.834s]   "gazebo_ros_diff_drive" with any of the following names:
[17.834s] 
[17.834s]     gazebo_ros_diff_driveConfig.cmake
[17.834s]     gazebo_ros_diff_drive-config.cmake
[17.834s] 
[17.834s]   Add the installation prefix of "gazebo_ros_diff_drive" to CMAKE_PREFIX_PATH
[17.834s]   or set "gazebo_ros_diff_drive_DIR" to a directory containing one of the
[17.834s]   above files.  If "gazebo_ros_diff_drive" provides a separate development
[17.834s]   package or SDK, be sure it has been installed.
[17.834s] 
[17.834s] [0m
[17.840s] gmake: *** [Makefile:267: cmake_check_build_system] Error 1
[17.841s] Invoked command in '/home/zy/ws/build/mbot_pkg' returned '2': CMAKE_PREFIX_PATH=/home/zy/ws/install/mbot_interface:/home/zy/ws/install/mbot_pkg:/opt/ros/humble /usr/bin/cmake --build /home/zy/ws/build/mbot_pkg -- -j32 -l32
