[0.489s] DEBUG:colcon:Command line arguments: ['/usr/bin/colcon', 'build', '--packages-select', 'mbot_pkg']
[0.489s] DEBUG:colcon:Parsed command line arguments: Namespace(log_base=None, log_level=None, verb_name='build', build_base='build', install_base='install', merge_install=False, symlink_install=False, test_result_base=None, continue_on_error=False, executor='parallel', parallel_workers=32, event_handlers=None, ignore_user_meta=False, metas=['./colcon.meta'], base_paths=['.'], packages_ignore=None, packages_ignore_regex=None, paths=None, packages_up_to=None, packages_up_to_regex=None, packages_above=None, packages_above_and_dependencies=None, packages_above_depth=None, packages_select_by_dep=None, packages_skip_by_dep=None, packages_skip_up_to=None, packages_select_build_failed=False, packages_skip_build_finished=False, packages_select_test_failures=False, packages_skip_test_passed=False, packages_select=['mbot_pkg'], packages_skip=None, packages_select_regex=None, packages_skip_regex=None, packages_start=None, packages_end=None, allow_overriding=[], cmake_args=None, cmake_target=None, cmake_target_skip_unavailable=False, cmake_clean_cache=False, cmake_clean_first=False, cmake_force_configure=False, ament_cmake_args=None, catkin_cmake_args=None, catkin_skip_building_tests=False, verb_parser=<colcon_defaults.argument_parser.defaults.DefaultArgumentsDecorator object at 0x7d68f1d2f250>, verb_extension=<colcon_core.verb.build.BuildVerb object at 0x7d68f1d2ece0>, main=<bound method BuildVerb.main of <colcon_core.verb.build.BuildVerb object at 0x7d68f1d2ece0>>)
[0.797s] Level 1:colcon.colcon_core.package_discovery:discover_packages(colcon_meta) check parameters
[0.797s] Level 1:colcon.colcon_core.package_discovery:discover_packages(recursive) check parameters
[0.797s] Level 1:colcon.colcon_core.package_discovery:discover_packages(ignore) check parameters
[0.797s] Level 1:colcon.colcon_core.package_discovery:discover_packages(path) check parameters
[0.797s] Level 1:colcon.colcon_core.package_discovery:discover_packages(colcon_meta) discover
[0.797s] Level 1:colcon.colcon_core.package_discovery:discover_packages(recursive) discover
[0.797s] INFO:colcon.colcon_core.package_discovery:Crawling recursively for packages in '/home/zy/ws'
[0.797s] Level 1:colcon.colcon_core.package_identification:_identify(.) by extensions ['ignore', 'ignore_ament_install']
[0.798s] Level 1:colcon.colcon_core.package_identification:_identify(.) by extension 'ignore'
[0.798s] Level 1:colcon.colcon_core.package_identification:_identify(.) by extension 'ignore_ament_install'
[0.798s] Level 1:colcon.colcon_core.package_identification:_identify(.) by extensions ['colcon_pkg']
[0.798s] Level 1:colcon.colcon_core.package_identification:_identify(.) by extension 'colcon_pkg'
[0.798s] Level 1:colcon.colcon_core.package_identification:_identify(.) by extensions ['colcon_meta']
[0.798s] Level 1:colcon.colcon_core.package_identification:_identify(.) by extension 'colcon_meta'
[0.798s] Level 1:colcon.colcon_core.package_identification:_identify(.) by extensions ['ros']
[0.798s] Level 1:colcon.colcon_core.package_identification:_identify(.) by extension 'ros'
[0.805s] Level 1:colcon.colcon_core.package_identification:_identify(.) by extensions ['cmake', 'python']
[0.805s] Level 1:colcon.colcon_core.package_identification:_identify(.) by extension 'cmake'
[0.805s] Level 1:colcon.colcon_core.package_identification:_identify(.) by extension 'python'
[0.805s] Level 1:colcon.colcon_core.package_identification:_identify(.) by extensions ['python_setup_py']
[0.805s] Level 1:colcon.colcon_core.package_identification:_identify(.) by extension 'python_setup_py'
[0.805s] Level 1:colcon.colcon_core.package_identification:_identify(action) by extensions ['ignore', 'ignore_ament_install']
[0.805s] Level 1:colcon.colcon_core.package_identification:_identify(action) by extension 'ignore'
[0.805s] Level 1:colcon.colcon_core.package_identification:_identify(action) by extension 'ignore_ament_install'
[0.805s] Level 1:colcon.colcon_core.package_identification:_identify(action) by extensions ['colcon_pkg']
[0.805s] Level 1:colcon.colcon_core.package_identification:_identify(action) by extension 'colcon_pkg'
[0.805s] Level 1:colcon.colcon_core.package_identification:_identify(action) by extensions ['colcon_meta']
[0.805s] Level 1:colcon.colcon_core.package_identification:_identify(action) by extension 'colcon_meta'
[0.805s] Level 1:colcon.colcon_core.package_identification:_identify(action) by extensions ['ros']
[0.805s] Level 1:colcon.colcon_core.package_identification:_identify(action) by extension 'ros'
[0.805s] Level 1:colcon.colcon_core.package_identification:_identify(action) by extensions ['cmake', 'python']
[0.805s] Level 1:colcon.colcon_core.package_identification:_identify(action) by extension 'cmake'
[0.805s] Level 1:colcon.colcon_core.package_identification:_identify(action) by extension 'python'
[0.805s] Level 1:colcon.colcon_core.package_identification:_identify(action) by extensions ['python_setup_py']
[0.805s] Level 1:colcon.colcon_core.package_identification:_identify(action) by extension 'python_setup_py'
[0.805s] Level 1:colcon.colcon_core.package_identification:_identify(build) by extensions ['ignore', 'ignore_ament_install']
[0.805s] Level 1:colcon.colcon_core.package_identification:_identify(build) by extension 'ignore'
[0.806s] Level 1:colcon.colcon_core.package_identification:_identify(build) ignored
[0.806s] Level 1:colcon.colcon_core.package_identification:_identify(install) by extensions ['ignore', 'ignore_ament_install']
[0.806s] Level 1:colcon.colcon_core.package_identification:_identify(install) by extension 'ignore'
[0.806s] Level 1:colcon.colcon_core.package_identification:_identify(install) ignored
[0.806s] Level 1:colcon.colcon_core.package_identification:_identify(launch) by extensions ['ignore', 'ignore_ament_install']
[0.806s] Level 1:colcon.colcon_core.package_identification:_identify(launch) by extension 'ignore'
[0.806s] Level 1:colcon.colcon_core.package_identification:_identify(launch) by extension 'ignore_ament_install'
[0.806s] Level 1:colcon.colcon_core.package_identification:_identify(launch) by extensions ['colcon_pkg']
[0.806s] Level 1:colcon.colcon_core.package_identification:_identify(launch) by extension 'colcon_pkg'
[0.806s] Level 1:colcon.colcon_core.package_identification:_identify(launch) by extensions ['colcon_meta']
[0.806s] Level 1:colcon.colcon_core.package_identification:_identify(launch) by extension 'colcon_meta'
[0.806s] Level 1:colcon.colcon_core.package_identification:_identify(launch) by extensions ['ros']
[0.806s] Level 1:colcon.colcon_core.package_identification:_identify(launch) by extension 'ros'
[0.806s] Level 1:colcon.colcon_core.package_identification:_identify(launch) by extensions ['cmake', 'python']
[0.806s] Level 1:colcon.colcon_core.package_identification:_identify(launch) by extension 'cmake'
[0.806s] Level 1:colcon.colcon_core.package_identification:_identify(launch) by extension 'python'
[0.806s] Level 1:colcon.colcon_core.package_identification:_identify(launch) by extensions ['python_setup_py']
[0.806s] Level 1:colcon.colcon_core.package_identification:_identify(launch) by extension 'python_setup_py'
[0.806s] Level 1:colcon.colcon_core.package_identification:_identify(log) by extensions ['ignore', 'ignore_ament_install']
[0.806s] Level 1:colcon.colcon_core.package_identification:_identify(log) by extension 'ignore'
[0.806s] Level 1:colcon.colcon_core.package_identification:_identify(log) ignored
[0.806s] Level 1:colcon.colcon_core.package_identification:_identify(src) by extensions ['ignore', 'ignore_ament_install']
[0.806s] Level 1:colcon.colcon_core.package_identification:_identify(src) by extension 'ignore'
[0.806s] Level 1:colcon.colcon_core.package_identification:_identify(src) by extension 'ignore_ament_install'
[0.806s] Level 1:colcon.colcon_core.package_identification:_identify(src) by extensions ['colcon_pkg']
[0.806s] Level 1:colcon.colcon_core.package_identification:_identify(src) by extension 'colcon_pkg'
[0.806s] Level 1:colcon.colcon_core.package_identification:_identify(src) by extensions ['colcon_meta']
[0.806s] Level 1:colcon.colcon_core.package_identification:_identify(src) by extension 'colcon_meta'
[0.806s] Level 1:colcon.colcon_core.package_identification:_identify(src) by extensions ['ros']
[0.806s] Level 1:colcon.colcon_core.package_identification:_identify(src) by extension 'ros'
[0.807s] Level 1:colcon.colcon_core.package_identification:_identify(src) by extensions ['cmake', 'python']
[0.807s] Level 1:colcon.colcon_core.package_identification:_identify(src) by extension 'cmake'
[0.807s] Level 1:colcon.colcon_core.package_identification:_identify(src) by extension 'python'
[0.807s] Level 1:colcon.colcon_core.package_identification:_identify(src) by extensions ['python_setup_py']
[0.807s] Level 1:colcon.colcon_core.package_identification:_identify(src) by extension 'python_setup_py'
[0.807s] Level 1:colcon.colcon_core.package_identification:_identify(src/build) by extensions ['ignore', 'ignore_ament_install']
[0.807s] Level 1:colcon.colcon_core.package_identification:_identify(src/build) by extension 'ignore'
[0.807s] Level 1:colcon.colcon_core.package_identification:_identify(src/build) ignored
[0.807s] Level 1:colcon.colcon_core.package_identification:_identify(src/control) by extensions ['ignore', 'ignore_ament_install']
[0.807s] Level 1:colcon.colcon_core.package_identification:_identify(src/control) by extension 'ignore'
[0.807s] Level 1:colcon.colcon_core.package_identification:_identify(src/control) by extension 'ignore_ament_install'
[0.807s] Level 1:colcon.colcon_core.package_identification:_identify(src/control) by extensions ['colcon_pkg']
[0.807s] Level 1:colcon.colcon_core.package_identification:_identify(src/control) by extension 'colcon_pkg'
[0.807s] Level 1:colcon.colcon_core.package_identification:_identify(src/control) by extensions ['colcon_meta']
[0.807s] Level 1:colcon.colcon_core.package_identification:_identify(src/control) by extension 'colcon_meta'
[0.807s] Level 1:colcon.colcon_core.package_identification:_identify(src/control) by extensions ['ros']
[0.807s] Level 1:colcon.colcon_core.package_identification:_identify(src/control) by extension 'ros'
[0.809s] DEBUG:colcon.colcon_core.package_identification:Package 'src/control' with type 'ros.ament_cmake' and name 'control'
[0.809s] Level 1:colcon.colcon_core.package_identification:_identify(src/mbot_interface) by extensions ['ignore', 'ignore_ament_install']
[0.809s] Level 1:colcon.colcon_core.package_identification:_identify(src/mbot_interface) by extension 'ignore'
[0.809s] Level 1:colcon.colcon_core.package_identification:_identify(src/mbot_interface) by extension 'ignore_ament_install'
[0.809s] Level 1:colcon.colcon_core.package_identification:_identify(src/mbot_interface) by extensions ['colcon_pkg']
[0.809s] Level 1:colcon.colcon_core.package_identification:_identify(src/mbot_interface) by extension 'colcon_pkg'
[0.809s] Level 1:colcon.colcon_core.package_identification:_identify(src/mbot_interface) by extensions ['colcon_meta']
[0.809s] Level 1:colcon.colcon_core.package_identification:_identify(src/mbot_interface) by extension 'colcon_meta'
[0.809s] Level 1:colcon.colcon_core.package_identification:_identify(src/mbot_interface) by extensions ['ros']
[0.809s] Level 1:colcon.colcon_core.package_identification:_identify(src/mbot_interface) by extension 'ros'
[0.809s] DEBUG:colcon.colcon_core.package_identification:Package 'src/mbot_interface' with type 'ros.ament_cmake' and name 'mbot_interface'
[0.809s] Level 1:colcon.colcon_core.package_identification:_identify(src/mbot_pkg) by extensions ['ignore', 'ignore_ament_install']
[0.810s] Level 1:colcon.colcon_core.package_identification:_identify(src/mbot_pkg) by extension 'ignore'
[0.810s] Level 1:colcon.colcon_core.package_identification:_identify(src/mbot_pkg) by extension 'ignore_ament_install'
[0.810s] Level 1:colcon.colcon_core.package_identification:_identify(src/mbot_pkg) by extensions ['colcon_pkg']
[0.810s] Level 1:colcon.colcon_core.package_identification:_identify(src/mbot_pkg) by extension 'colcon_pkg'
[0.810s] Level 1:colcon.colcon_core.package_identification:_identify(src/mbot_pkg) by extensions ['colcon_meta']
[0.810s] Level 1:colcon.colcon_core.package_identification:_identify(src/mbot_pkg) by extension 'colcon_meta'
[0.810s] Level 1:colcon.colcon_core.package_identification:_identify(src/mbot_pkg) by extensions ['ros']
[0.810s] Level 1:colcon.colcon_core.package_identification:_identify(src/mbot_pkg) by extension 'ros'
[0.811s] DEBUG:colcon.colcon_core.package_identification:Package 'src/mbot_pkg' with type 'ros.ament_cmake' and name 'mbot_pkg'
[0.811s] Level 1:colcon.colcon_core.package_identification:_identify(src/navigation) by extensions ['ignore', 'ignore_ament_install']
[0.811s] Level 1:colcon.colcon_core.package_identification:_identify(src/navigation) by extension 'ignore'
[0.811s] Level 1:colcon.colcon_core.package_identification:_identify(src/navigation) by extension 'ignore_ament_install'
[0.811s] Level 1:colcon.colcon_core.package_identification:_identify(src/navigation) by extensions ['colcon_pkg']
[0.811s] Level 1:colcon.colcon_core.package_identification:_identify(src/navigation) by extension 'colcon_pkg'
[0.811s] Level 1:colcon.colcon_core.package_identification:_identify(src/navigation) by extensions ['colcon_meta']
[0.811s] Level 1:colcon.colcon_core.package_identification:_identify(src/navigation) by extension 'colcon_meta'
[0.811s] Level 1:colcon.colcon_core.package_identification:_identify(src/navigation) by extensions ['ros']
[0.811s] Level 1:colcon.colcon_core.package_identification:_identify(src/navigation) by extension 'ros'
[0.811s] DEBUG:colcon.colcon_core.package_identification:Package 'src/navigation' with type 'ros.ament_cmake' and name 'navigation'
[0.811s] Level 1:colcon.colcon_core.package_identification:_identify(src/perception) by extensions ['ignore', 'ignore_ament_install']
[0.812s] Level 1:colcon.colcon_core.package_identification:_identify(src/perception) by extension 'ignore'
[0.812s] Level 1:colcon.colcon_core.package_identification:_identify(src/perception) by extension 'ignore_ament_install'
[0.812s] Level 1:colcon.colcon_core.package_identification:_identify(src/perception) by extensions ['colcon_pkg']
[0.812s] Level 1:colcon.colcon_core.package_identification:_identify(src/perception) by extension 'colcon_pkg'
[0.812s] Level 1:colcon.colcon_core.package_identification:_identify(src/perception) by extensions ['colcon_meta']
[0.812s] Level 1:colcon.colcon_core.package_identification:_identify(src/perception) by extension 'colcon_meta'
[0.812s] Level 1:colcon.colcon_core.package_identification:_identify(src/perception) by extensions ['ros']
[0.812s] Level 1:colcon.colcon_core.package_identification:_identify(src/perception) by extension 'ros'
[0.812s] DEBUG:colcon.colcon_core.package_identification:Package 'src/perception' with type 'ros.ament_cmake' and name 'perception'
[0.812s] Level 1:colcon.colcon_core.package_identification:_identify(src/slam) by extensions ['ignore', 'ignore_ament_install']
[0.812s] Level 1:colcon.colcon_core.package_identification:_identify(src/slam) by extension 'ignore'
[0.812s] Level 1:colcon.colcon_core.package_identification:_identify(src/slam) by extension 'ignore_ament_install'
[0.813s] Level 1:colcon.colcon_core.package_identification:_identify(src/slam) by extensions ['colcon_pkg']
[0.813s] Level 1:colcon.colcon_core.package_identification:_identify(src/slam) by extension 'colcon_pkg'
[0.813s] Level 1:colcon.colcon_core.package_identification:_identify(src/slam) by extensions ['colcon_meta']
[0.813s] Level 1:colcon.colcon_core.package_identification:_identify(src/slam) by extension 'colcon_meta'
[0.813s] Level 1:colcon.colcon_core.package_identification:_identify(src/slam) by extensions ['ros']
[0.813s] Level 1:colcon.colcon_core.package_identification:_identify(src/slam) by extension 'ros'
[0.813s] DEBUG:colcon.colcon_core.package_identification:Package 'src/slam' with type 'ros.ament_cmake' and name 'slam'
[0.813s] Level 1:colcon.colcon_core.package_discovery:discover_packages(recursive) using defaults
[0.813s] Level 1:colcon.colcon_core.package_discovery:discover_packages(ignore) discover
[0.813s] Level 1:colcon.colcon_core.package_discovery:discover_packages(ignore) using defaults
[0.813s] Level 1:colcon.colcon_core.package_discovery:discover_packages(path) discover
[0.813s] Level 1:colcon.colcon_core.package_discovery:discover_packages(path) using defaults
[0.849s] INFO:colcon.colcon_core.package_selection:Skipping not selected package 'control' in 'src/control'
[0.849s] INFO:colcon.colcon_core.package_selection:Skipping not selected package 'mbot_interface' in 'src/mbot_interface'
[0.849s] INFO:colcon.colcon_core.package_selection:Skipping not selected package 'navigation' in 'src/navigation'
[0.849s] INFO:colcon.colcon_core.package_selection:Skipping not selected package 'perception' in 'src/perception'
[0.849s] INFO:colcon.colcon_core.package_selection:Skipping not selected package 'slam' in 'src/slam'
[0.851s] Level 1:colcon.colcon_core.package_discovery:discover_packages(prefix_path) check parameters
[0.851s] Level 1:colcon.colcon_core.package_discovery:discover_packages(prefix_path) discover
[0.856s] WARNING:colcon.colcon_ros.prefix_path.ament:The path '/home/zy/ws/install/mbot_pkg' in the environment variable AMENT_PREFIX_PATH doesn't exist
[0.857s] WARNING:colcon.colcon_ros.prefix_path.catkin:The path '/home/zy/ws/install/mbot_pkg' in the environment variable CMAKE_PREFIX_PATH doesn't exist
[0.859s] DEBUG:colcon.colcon_installed_package_information.package_discovery:Found 2 installed packages in /home/zy/ws/install
[0.860s] DEBUG:colcon.colcon_installed_package_information.package_discovery:Found 315 installed packages in /opt/ros/humble
[0.868s] Level 1:colcon.colcon_core.package_discovery:discover_packages(prefix_path) using defaults
[1.031s] Level 5:colcon.colcon_core.verb:set package 'mbot_pkg' build argument 'cmake_args' from command line to 'None'
[1.031s] Level 5:colcon.colcon_core.verb:set package 'mbot_pkg' build argument 'cmake_target' from command line to 'None'
[1.031s] Level 5:colcon.colcon_core.verb:set package 'mbot_pkg' build argument 'cmake_target_skip_unavailable' from command line to 'False'
[1.031s] Level 5:colcon.colcon_core.verb:set package 'mbot_pkg' build argument 'cmake_clean_cache' from command line to 'False'
[1.031s] Level 5:colcon.colcon_core.verb:set package 'mbot_pkg' build argument 'cmake_clean_first' from command line to 'False'
[1.031s] Level 5:colcon.colcon_core.verb:set package 'mbot_pkg' build argument 'cmake_force_configure' from command line to 'False'
[1.032s] Level 5:colcon.colcon_core.verb:set package 'mbot_pkg' build argument 'ament_cmake_args' from command line to 'None'
[1.032s] Level 5:colcon.colcon_core.verb:set package 'mbot_pkg' build argument 'catkin_cmake_args' from command line to 'None'
[1.032s] Level 5:colcon.colcon_core.verb:set package 'mbot_pkg' build argument 'catkin_skip_building_tests' from command line to 'False'
[1.032s] DEBUG:colcon.colcon_core.verb:Building package 'mbot_pkg' with the following arguments: {'ament_cmake_args': None, 'build_base': '/home/zy/ws/build/mbot_pkg', 'catkin_cmake_args': None, 'catkin_skip_building_tests': False, 'cmake_args': None, 'cmake_clean_cache': False, 'cmake_clean_first': False, 'cmake_force_configure': False, 'cmake_target': None, 'cmake_target_skip_unavailable': False, 'install_base': '/home/zy/ws/install/mbot_pkg', 'merge_install': False, 'path': '/home/zy/ws/src/mbot_pkg', 'symlink_install': False, 'test_result_base': None}
[1.032s] INFO:colcon.colcon_core.executor:Executing jobs using 'parallel' executor
[1.035s] DEBUG:colcon.colcon_parallel_executor.executor.parallel:run_until_complete
[1.036s] INFO:colcon.colcon_ros.task.ament_cmake.build:Building ROS package in '/home/zy/ws/src/mbot_pkg' with build type 'ament_cmake'
[1.037s] INFO:colcon.colcon_cmake.task.cmake.build:Building CMake package in '/home/zy/ws/src/mbot_pkg'
[1.059s] INFO:colcon.colcon_core.plugin_system:Skipping extension 'colcon_core.shell.bat': Not used on non-Windows systems
[1.059s] INFO:colcon.colcon_core.shell:Skip shell extension 'powershell' for command environment: Not usable outside of PowerShell
[1.059s] DEBUG:colcon.colcon_core.shell:Skip shell extension 'dsv' for command environment
[1.401s] DEBUG:colcon.colcon_core.event_handler.log_command:Invoking command in '/home/zy/ws/build/mbot_pkg': CMAKE_PREFIX_PATH=/home/zy/ws/install/mbot_interface:/home/zy/ws/install/mbot_pkg:/home/zy/ws/install/control:/opt/ros/humble /usr/bin/cmake /home/zy/ws/src/mbot_pkg -DCMAKE_INSTALL_PREFIX=/home/zy/ws/install/mbot_pkg
[41.995s] DEBUG:colcon.colcon_core.event_handler.log_command:Invoked command in '/home/zy/ws/build/mbot_pkg' returned '0': CMAKE_PREFIX_PATH=/home/zy/ws/install/mbot_interface:/home/zy/ws/install/mbot_pkg:/home/zy/ws/install/control:/opt/ros/humble /usr/bin/cmake /home/zy/ws/src/mbot_pkg -DCMAKE_INSTALL_PREFIX=/home/zy/ws/install/mbot_pkg
[41.996s] DEBUG:colcon.colcon_core.event_handler.log_command:Invoking command in '/home/zy/ws/build/mbot_pkg': CMAKE_PREFIX_PATH=/home/zy/ws/install/mbot_interface:/home/zy/ws/install/mbot_pkg:/home/zy/ws/install/control:/opt/ros/humble /usr/bin/cmake --build /home/zy/ws/build/mbot_pkg -- -j32 -l32
[49.465s] DEBUG:colcon.colcon_core.event_handler.log_command:Invoked command in '/home/zy/ws/build/mbot_pkg' returned '0': CMAKE_PREFIX_PATH=/home/zy/ws/install/mbot_interface:/home/zy/ws/install/mbot_pkg:/home/zy/ws/install/control:/opt/ros/humble /usr/bin/cmake --build /home/zy/ws/build/mbot_pkg -- -j32 -l32
[49.472s] DEBUG:colcon.colcon_core.event_handler.log_command:Invoking command in '/home/zy/ws/build/mbot_pkg': CMAKE_PREFIX_PATH=/home/zy/ws/install/mbot_interface:/home/zy/ws/install/mbot_pkg:/home/zy/ws/install/control:/opt/ros/humble /usr/bin/cmake --install /home/zy/ws/build/mbot_pkg
[49.488s] Level 1:colcon.colcon_core.environment:create_environment_scripts_only(mbot_pkg)
[49.489s] DEBUG:colcon.colcon_core.event_handler.log_command:Invoked command in '/home/zy/ws/build/mbot_pkg' returned '0': CMAKE_PREFIX_PATH=/home/zy/ws/install/mbot_interface:/home/zy/ws/install/mbot_pkg:/home/zy/ws/install/control:/opt/ros/humble /usr/bin/cmake --install /home/zy/ws/build/mbot_pkg
[49.504s] Level 1:colcon.colcon_core.environment:checking '/home/zy/ws/install/mbot_pkg' for CMake module files
[49.504s] Level 1:colcon.colcon_core.environment:checking '/home/zy/ws/install/mbot_pkg' for CMake config files
[49.504s] Level 1:colcon.colcon_core.shell:create_environment_hook('mbot_pkg', 'cmake_prefix_path')
[49.504s] INFO:colcon.colcon_core.shell:Creating environment hook '/home/zy/ws/install/mbot_pkg/share/mbot_pkg/hook/cmake_prefix_path.ps1'
[49.505s] INFO:colcon.colcon_core.shell:Creating environment descriptor '/home/zy/ws/install/mbot_pkg/share/mbot_pkg/hook/cmake_prefix_path.dsv'
[49.506s] INFO:colcon.colcon_core.shell:Creating environment hook '/home/zy/ws/install/mbot_pkg/share/mbot_pkg/hook/cmake_prefix_path.sh'
[49.507s] Level 1:colcon.colcon_core.environment:checking '/home/zy/ws/install/mbot_pkg/lib'
[49.507s] Level 1:colcon.colcon_core.environment:checking '/home/zy/ws/install/mbot_pkg/bin'
[49.507s] Level 1:colcon.colcon_core.environment:checking '/home/zy/ws/install/mbot_pkg/lib/pkgconfig/mbot_pkg.pc'
[49.507s] Level 1:colcon.colcon_core.environment:checking '/home/zy/ws/install/mbot_pkg/lib/python3.10/site-packages'
[49.508s] Level 1:colcon.colcon_core.environment:checking '/home/zy/ws/install/mbot_pkg/bin'
[49.508s] INFO:colcon.colcon_core.shell:Creating package script '/home/zy/ws/install/mbot_pkg/share/mbot_pkg/package.ps1'
[49.509s] INFO:colcon.colcon_core.shell:Creating package descriptor '/home/zy/ws/install/mbot_pkg/share/mbot_pkg/package.dsv'
[49.510s] INFO:colcon.colcon_core.shell:Creating package script '/home/zy/ws/install/mbot_pkg/share/mbot_pkg/package.sh'
[49.512s] INFO:colcon.colcon_core.shell:Creating package script '/home/zy/ws/install/mbot_pkg/share/mbot_pkg/package.bash'
[49.514s] INFO:colcon.colcon_core.shell:Creating package script '/home/zy/ws/install/mbot_pkg/share/mbot_pkg/package.zsh'
[49.515s] Level 1:colcon.colcon_core.environment:create_file_with_runtime_dependencies(/home/zy/ws/install/mbot_pkg/share/colcon-core/packages/mbot_pkg)
[49.515s] Level 1:colcon.colcon_core.environment:create_environment_scripts_only(mbot_pkg)
[49.516s] Level 1:colcon.colcon_core.environment:checking '/home/zy/ws/install/mbot_pkg' for CMake module files
[49.516s] Level 1:colcon.colcon_core.environment:checking '/home/zy/ws/install/mbot_pkg' for CMake config files
[49.516s] Level 1:colcon.colcon_core.shell:create_environment_hook('mbot_pkg', 'cmake_prefix_path')
[49.516s] INFO:colcon.colcon_core.shell:Creating environment hook '/home/zy/ws/install/mbot_pkg/share/mbot_pkg/hook/cmake_prefix_path.ps1'
[49.517s] INFO:colcon.colcon_core.shell:Creating environment descriptor '/home/zy/ws/install/mbot_pkg/share/mbot_pkg/hook/cmake_prefix_path.dsv'
[49.517s] INFO:colcon.colcon_core.shell:Creating environment hook '/home/zy/ws/install/mbot_pkg/share/mbot_pkg/hook/cmake_prefix_path.sh'
[49.517s] Level 1:colcon.colcon_core.environment:checking '/home/zy/ws/install/mbot_pkg/lib'
[49.518s] Level 1:colcon.colcon_core.environment:checking '/home/zy/ws/install/mbot_pkg/bin'
[49.518s] Level 1:colcon.colcon_core.environment:checking '/home/zy/ws/install/mbot_pkg/lib/pkgconfig/mbot_pkg.pc'
[49.518s] Level 1:colcon.colcon_core.environment:checking '/home/zy/ws/install/mbot_pkg/lib/python3.10/site-packages'
[49.518s] Level 1:colcon.colcon_core.environment:checking '/home/zy/ws/install/mbot_pkg/bin'
[49.518s] INFO:colcon.colcon_core.shell:Creating package script '/home/zy/ws/install/mbot_pkg/share/mbot_pkg/package.ps1'
[49.518s] INFO:colcon.colcon_core.shell:Creating package descriptor '/home/zy/ws/install/mbot_pkg/share/mbot_pkg/package.dsv'
[49.519s] INFO:colcon.colcon_core.shell:Creating package script '/home/zy/ws/install/mbot_pkg/share/mbot_pkg/package.sh'
[49.519s] INFO:colcon.colcon_core.shell:Creating package script '/home/zy/ws/install/mbot_pkg/share/mbot_pkg/package.bash'
[49.520s] INFO:colcon.colcon_core.shell:Creating package script '/home/zy/ws/install/mbot_pkg/share/mbot_pkg/package.zsh'
[49.520s] Level 1:colcon.colcon_core.environment:create_file_with_runtime_dependencies(/home/zy/ws/install/mbot_pkg/share/colcon-core/packages/mbot_pkg)
[49.521s] DEBUG:colcon.colcon_parallel_executor.executor.parallel:closing loop
[49.522s] DEBUG:colcon.colcon_parallel_executor.executor.parallel:loop closed
[49.522s] DEBUG:colcon.colcon_parallel_executor.executor.parallel:run_until_complete finished with '0'
[49.522s] DEBUG:colcon.colcon_core.event_reactor:joining thread
[49.652s] INFO:colcon.colcon_core.plugin_system:Skipping extension 'colcon_notification.desktop_notification.notify_send': Could not find 'notify-send'
[49.652s] INFO:colcon.colcon_core.plugin_system:Skipping extension 'colcon_notification.desktop_notification.terminal_notifier': Not used on non-Darwin systems
[49.652s] INFO:colcon.colcon_core.plugin_system:Skipping extension 'colcon_notification.desktop_notification.win32': Not used on non-Windows systems
[49.652s] INFO:colcon.colcon_notification.desktop_notification:Sending desktop notification using 'notify2'
[49.653s] DEBUG:colcon.colcon_notification.desktop_notification.notify2:Failed to initialize notify2: org.freedesktop.DBus.Error.FileNotFound: Failed to connect to socket /run/user/1000/bus: No such file or directory
[49.653s] DEBUG:colcon.colcon_core.event_reactor:joined thread
[49.653s] INFO:colcon.colcon_core.shell:Creating prefix script '/home/zy/ws/install/local_setup.ps1'
[49.704s] INFO:colcon.colcon_core.shell:Creating prefix util module '/home/zy/ws/install/_local_setup_util_ps1.py'
[49.706s] INFO:colcon.colcon_core.shell:Creating prefix chain script '/home/zy/ws/install/setup.ps1'
[49.709s] INFO:colcon.colcon_core.shell:Creating prefix script '/home/zy/ws/install/local_setup.sh'
[49.710s] INFO:colcon.colcon_core.shell:Creating prefix util module '/home/zy/ws/install/_local_setup_util_sh.py'
[49.710s] INFO:colcon.colcon_core.shell:Creating prefix chain script '/home/zy/ws/install/setup.sh'
[49.712s] INFO:colcon.colcon_core.shell:Creating prefix script '/home/zy/ws/install/local_setup.bash'
[49.713s] INFO:colcon.colcon_core.shell:Creating prefix chain script '/home/zy/ws/install/setup.bash'
[49.714s] INFO:colcon.colcon_core.shell:Creating prefix script '/home/zy/ws/install/local_setup.zsh'
[49.715s] INFO:colcon.colcon_core.shell:Creating prefix chain script '/home/zy/ws/install/setup.zsh'
