[0.027s] Invoking command in '/home/zy/ws/build/control': CMAKE_PREFIX_PATH=${CMAKE_PREFIX_PATH}:/opt/ros/humble /usr/bin/cmake --build /home/zy/ws/build/control -- -j32 -l32
[0.082s] [35m[1mConsolidate compiler generated dependencies of target control_node[0m
[0.105s] [100%] Built target control_node
[0.122s] Invoked command in '/home/zy/ws/build/control' returned '0': CMAKE_PREFIX_PATH=${CMAKE_PREFIX_PATH}:/opt/ros/humble /usr/bin/cmake --build /home/zy/ws/build/control -- -j32 -l32
[0.135s] Invoking command in '/home/zy/ws/build/control': CMAKE_PREFIX_PATH=${CMAKE_PREFIX_PATH}:/opt/ros/humble /usr/bin/cmake --install /home/zy/ws/build/control
[0.140s] -- Install configuration: ""
[0.141s] -- Up-to-date: /home/zy/ws/install/control/lib/control/control_node
[0.141s] -- Up-to-date: /home/zy/ws/install/control/share/ament_index/resource_index/package_run_dependencies/control
[0.141s] -- Up-to-date: /home/zy/ws/install/control/share/ament_index/resource_index/parent_prefix_path/control
[0.141s] -- Up-to-date: /home/zy/ws/install/control/share/control/environment/ament_prefix_path.sh
[0.142s] -- Up-to-date: /home/zy/ws/install/control/share/control/environment/ament_prefix_path.dsv
[0.142s] -- Up-to-date: /home/zy/ws/install/control/share/control/environment/path.sh
[0.142s] -- Up-to-date: /home/zy/ws/install/control/share/control/environment/path.dsv
[0.142s] -- Up-to-date: /home/zy/ws/install/control/share/control/local_setup.bash
[0.142s] -- Up-to-date: /home/zy/ws/install/control/share/control/local_setup.sh
[0.142s] -- Up-to-date: /home/zy/ws/install/control/share/control/local_setup.zsh
[0.142s] -- Up-to-date: /home/zy/ws/install/control/share/control/local_setup.dsv
[0.142s] -- Installing: /home/zy/ws/install/control/share/control/package.dsv
[0.143s] -- Up-to-date: /home/zy/ws/install/control/share/ament_index/resource_index/packages/control
[0.143s] -- Up-to-date: /home/zy/ws/install/control/share/control/cmake/controlConfig.cmake
[0.143s] -- Up-to-date: /home/zy/ws/install/control/share/control/cmake/controlConfig-version.cmake
[0.143s] -- Up-to-date: /home/zy/ws/install/control/share/control/package.xml
[0.146s] Invoked command in '/home/zy/ws/build/control' returned '0': CMAKE_PREFIX_PATH=${CMAKE_PREFIX_PATH}:/opt/ros/humble /usr/bin/cmake --install /home/zy/ws/build/control
