[0.009s] Invoking command in '/home/zy/ws/build/mbot_interface': CMAKE_PREFIX_PATH=/opt/ros/humble /usr/bin/cmake --build /home/zy/ws/build/mbot_interface -- -j32 -l32
[0.035s] [35m[1mConsolidate compiler generated dependencies of target mbot_interface__rosidl_generator_c[0m
[0.042s] [  9%] Built target mbot_interface__rosidl_generator_c
[0.042s] [ 12%] Built target mbot_interface__cpp
[0.050s] [35m[1mConsolidate compiler generated dependencies of target mbot_interface__rosidl_typesupport_c[0m
[0.050s] [35m[1mConsolidate compiler generated dependencies of target mbot_interface__rosidl_typesupport_introspection_c[0m
[0.050s] [35m[1mConsolidate compiler generated dependencies of target mbot_interface__rosidl_typesupport_fastrtps_c[0m
[0.051s] [ 12%] Built target ament_cmake_python_copy_mbot_interface
[0.051s] [35m[1mConsolidate compiler generated dependencies of target mbot_interface__rosidl_typesupport_fastrtps_cpp[0m
[0.051s] [35m[1mConsolidate compiler generated dependencies of target mbot_interface__rosidl_typesupport_introspection_cpp[0m
[0.059s] [ 22%] Built target mbot_interface__rosidl_typesupport_c
[0.059s] [35m[1mConsolidate compiler generated dependencies of target mbot_interface__rosidl_typesupport_cpp[0m
[0.059s] [ 32%] Built target mbot_interface__rosidl_typesupport_introspection_c
[0.061s] [ 41%] Built target mbot_interface__rosidl_typesupport_fastrtps_c
[0.062s] [ 51%] Built target mbot_interface__rosidl_typesupport_introspection_cpp
[0.062s] [ 61%] Built target mbot_interface__rosidl_typesupport_fastrtps_cpp
[0.069s] [ 70%] Built target mbot_interface__rosidl_typesupport_cpp
[0.084s] [ 70%] Built target mbot_interface
[0.096s] [ 74%] Built target mbot_interface__py
[0.104s] [35m[1mConsolidate compiler generated dependencies of target mbot_interface__rosidl_generator_py[0m
[0.113s] [ 80%] Built target mbot_interface__rosidl_generator_py
[0.121s] [35m[1mConsolidate compiler generated dependencies of target mbot_interface__rosidl_typesupport_fastrtps_c__pyext[0m
[0.122s] [35m[1mConsolidate compiler generated dependencies of target mbot_interface__rosidl_typesupport_c__pyext[0m
[0.122s] [35m[1mConsolidate compiler generated dependencies of target mbot_interface__rosidl_typesupport_introspection_c__pyext[0m
[0.130s] [ 87%] Built target mbot_interface__rosidl_typesupport_fastrtps_c__pyext
[0.130s] [ 93%] Built target mbot_interface__rosidl_typesupport_c__pyext
[0.131s] [100%] Built target mbot_interface__rosidl_typesupport_introspection_c__pyext
[0.182s] running egg_info
[0.182s] writing mbot_interface.egg-info/PKG-INFO
[0.182s] writing dependency_links to mbot_interface.egg-info/dependency_links.txt
[0.183s] writing top-level names to mbot_interface.egg-info/top_level.txt
[0.184s] reading manifest file 'mbot_interface.egg-info/SOURCES.txt'
[0.184s] writing manifest file 'mbot_interface.egg-info/SOURCES.txt'
[0.197s] [100%] Built target ament_cmake_python_build_mbot_interface_egg
[0.205s] Invoked command in '/home/zy/ws/build/mbot_interface' returned '0': CMAKE_PREFIX_PATH=/opt/ros/humble /usr/bin/cmake --build /home/zy/ws/build/mbot_interface -- -j32 -l32
[0.210s] Invoking command in '/home/zy/ws/build/mbot_interface': CMAKE_PREFIX_PATH=/opt/ros/humble /usr/bin/cmake --install /home/zy/ws/build/mbot_interface
[0.214s] -- Install configuration: ""
[0.214s] -- Up-to-date: /home/zy/ws/install/mbot_interface/share/ament_index/resource_index/rosidl_interfaces/mbot_interface
[0.214s] -- Up-to-date: /home/zy/ws/install/mbot_interface/include/mbot_interface/mbot_interface
[0.214s] -- Up-to-date: /home/zy/ws/install/mbot_interface/include/mbot_interface/mbot_interface/msg
[0.214s] -- Up-to-date: /home/zy/ws/install/mbot_interface/include/mbot_interface/mbot_interface/msg/person.h
[0.214s] -- Up-to-date: /home/zy/ws/install/mbot_interface/include/mbot_interface/mbot_interface/msg/rosidl_generator_c__visibility_control.h
[0.215s] -- Up-to-date: /home/zy/ws/install/mbot_interface/include/mbot_interface/mbot_interface/msg/detail
[0.215s] -- Up-to-date: /home/zy/ws/install/mbot_interface/include/mbot_interface/mbot_interface/msg/detail/person__functions.h
[0.215s] -- Up-to-date: /home/zy/ws/install/mbot_interface/include/mbot_interface/mbot_interface/msg/detail/person__struct.h
[0.215s] -- Up-to-date: /home/zy/ws/install/mbot_interface/include/mbot_interface/mbot_interface/msg/detail/person__type_support.h
[0.215s] -- Up-to-date: /home/zy/ws/install/mbot_interface/include/mbot_interface/mbot_interface/msg/detail/person__functions.c
[0.215s] -- Up-to-date: /home/zy/ws/install/mbot_interface/share/mbot_interface/environment/library_path.sh
[0.215s] -- Up-to-date: /home/zy/ws/install/mbot_interface/share/mbot_interface/environment/library_path.dsv
[0.215s] -- Up-to-date: /home/zy/ws/install/mbot_interface/lib/libmbot_interface__rosidl_generator_c.so
[0.215s] -- Up-to-date: /home/zy/ws/install/mbot_interface/include/mbot_interface/mbot_interface
[0.215s] -- Up-to-date: /home/zy/ws/install/mbot_interface/include/mbot_interface/mbot_interface/msg
[0.215s] -- Up-to-date: /home/zy/ws/install/mbot_interface/include/mbot_interface/mbot_interface/msg/rosidl_typesupport_fastrtps_c__visibility_control.h
[0.215s] -- Up-to-date: /home/zy/ws/install/mbot_interface/include/mbot_interface/mbot_interface/msg/detail
[0.215s] -- Up-to-date: /home/zy/ws/install/mbot_interface/include/mbot_interface/mbot_interface/msg/detail/person__rosidl_typesupport_fastrtps_c.h
[0.215s] -- Up-to-date: /home/zy/ws/install/mbot_interface/lib/libmbot_interface__rosidl_typesupport_fastrtps_c.so
[0.215s] -- Up-to-date: /home/zy/ws/install/mbot_interface/include/mbot_interface/mbot_interface
[0.215s] -- Up-to-date: /home/zy/ws/install/mbot_interface/include/mbot_interface/mbot_interface/msg
[0.215s] -- Up-to-date: /home/zy/ws/install/mbot_interface/include/mbot_interface/mbot_interface/msg/rosidl_typesupport_introspection_c__visibility_control.h
[0.216s] -- Up-to-date: /home/zy/ws/install/mbot_interface/include/mbot_interface/mbot_interface/msg/detail
[0.216s] -- Up-to-date: /home/zy/ws/install/mbot_interface/include/mbot_interface/mbot_interface/msg/detail/person__rosidl_typesupport_introspection_c.h
[0.216s] -- Up-to-date: /home/zy/ws/install/mbot_interface/include/mbot_interface/mbot_interface/msg/detail/person__type_support.c
[0.216s] -- Up-to-date: /home/zy/ws/install/mbot_interface/lib/libmbot_interface__rosidl_typesupport_introspection_c.so
[0.216s] -- Up-to-date: /home/zy/ws/install/mbot_interface/lib/libmbot_interface__rosidl_typesupport_c.so
[0.216s] -- Up-to-date: /home/zy/ws/install/mbot_interface/include/mbot_interface/mbot_interface
[0.216s] -- Up-to-date: /home/zy/ws/install/mbot_interface/include/mbot_interface/mbot_interface/msg
[0.216s] -- Up-to-date: /home/zy/ws/install/mbot_interface/include/mbot_interface/mbot_interface/msg/rosidl_generator_cpp__visibility_control.hpp
[0.216s] -- Up-to-date: /home/zy/ws/install/mbot_interface/include/mbot_interface/mbot_interface/msg/person.hpp
[0.216s] -- Up-to-date: /home/zy/ws/install/mbot_interface/include/mbot_interface/mbot_interface/msg/detail
[0.216s] -- Up-to-date: /home/zy/ws/install/mbot_interface/include/mbot_interface/mbot_interface/msg/detail/person__builder.hpp
[0.216s] -- Up-to-date: /home/zy/ws/install/mbot_interface/include/mbot_interface/mbot_interface/msg/detail/person__traits.hpp
[0.216s] -- Up-to-date: /home/zy/ws/install/mbot_interface/include/mbot_interface/mbot_interface/msg/detail/person__type_support.hpp
[0.216s] -- Up-to-date: /home/zy/ws/install/mbot_interface/include/mbot_interface/mbot_interface/msg/detail/person__struct.hpp
[0.216s] -- Up-to-date: /home/zy/ws/install/mbot_interface/include/mbot_interface/mbot_interface
[0.216s] -- Up-to-date: /home/zy/ws/install/mbot_interface/include/mbot_interface/mbot_interface/msg
[0.216s] -- Up-to-date: /home/zy/ws/install/mbot_interface/include/mbot_interface/mbot_interface/msg/rosidl_typesupport_fastrtps_cpp__visibility_control.h
[0.217s] -- Up-to-date: /home/zy/ws/install/mbot_interface/include/mbot_interface/mbot_interface/msg/detail
[0.217s] -- Up-to-date: /home/zy/ws/install/mbot_interface/include/mbot_interface/mbot_interface/msg/detail/dds_fastrtps
[0.217s] -- Up-to-date: /home/zy/ws/install/mbot_interface/include/mbot_interface/mbot_interface/msg/detail/person__rosidl_typesupport_fastrtps_cpp.hpp
[0.217s] -- Up-to-date: /home/zy/ws/install/mbot_interface/lib/libmbot_interface__rosidl_typesupport_fastrtps_cpp.so
[0.217s] -- Up-to-date: /home/zy/ws/install/mbot_interface/include/mbot_interface/mbot_interface
[0.217s] -- Up-to-date: /home/zy/ws/install/mbot_interface/include/mbot_interface/mbot_interface/msg
[0.217s] -- Up-to-date: /home/zy/ws/install/mbot_interface/include/mbot_interface/mbot_interface/msg/detail
[0.217s] -- Up-to-date: /home/zy/ws/install/mbot_interface/include/mbot_interface/mbot_interface/msg/detail/person__rosidl_typesupport_introspection_cpp.hpp
[0.217s] -- Up-to-date: /home/zy/ws/install/mbot_interface/include/mbot_interface/mbot_interface/msg/detail/person__type_support.cpp
[0.217s] -- Up-to-date: /home/zy/ws/install/mbot_interface/lib/libmbot_interface__rosidl_typesupport_introspection_cpp.so
[0.217s] -- Up-to-date: /home/zy/ws/install/mbot_interface/lib/libmbot_interface__rosidl_typesupport_cpp.so
[0.217s] -- Up-to-date: /home/zy/ws/install/mbot_interface/share/mbot_interface/environment/pythonpath.sh
[0.217s] -- Up-to-date: /home/zy/ws/install/mbot_interface/share/mbot_interface/environment/pythonpath.dsv
[0.217s] -- Up-to-date: /home/zy/ws/install/mbot_interface/local/lib/python3.10/dist-packages/mbot_interface-0.0.0-py3.10.egg-info
[0.217s] -- Installing: /home/zy/ws/install/mbot_interface/local/lib/python3.10/dist-packages/mbot_interface-0.0.0-py3.10.egg-info/top_level.txt
[0.217s] -- Installing: /home/zy/ws/install/mbot_interface/local/lib/python3.10/dist-packages/mbot_interface-0.0.0-py3.10.egg-info/SOURCES.txt
[0.217s] -- Installing: /home/zy/ws/install/mbot_interface/local/lib/python3.10/dist-packages/mbot_interface-0.0.0-py3.10.egg-info/dependency_links.txt
[0.217s] -- Installing: /home/zy/ws/install/mbot_interface/local/lib/python3.10/dist-packages/mbot_interface-0.0.0-py3.10.egg-info/PKG-INFO
[0.217s] -- Up-to-date: /home/zy/ws/install/mbot_interface/local/lib/python3.10/dist-packages/mbot_interface
[0.217s] -- Up-to-date: /home/zy/ws/install/mbot_interface/local/lib/python3.10/dist-packages/mbot_interface/_mbot_interface_s.ep.rosidl_typesupport_introspection_c.c
[0.217s] -- Up-to-date: /home/zy/ws/install/mbot_interface/local/lib/python3.10/dist-packages/mbot_interface/mbot_interface_s__rosidl_typesupport_fastrtps_c.cpython-310-x86_64-linux-gnu.so
[0.217s] -- Up-to-date: /home/zy/ws/install/mbot_interface/local/lib/python3.10/dist-packages/mbot_interface/_mbot_interface_s.ep.rosidl_typesupport_c.c
[0.217s] -- Up-to-date: /home/zy/ws/install/mbot_interface/local/lib/python3.10/dist-packages/mbot_interface/mbot_interface_s__rosidl_typesupport_c.cpython-310-x86_64-linux-gnu.so
[0.217s] -- Up-to-date: /home/zy/ws/install/mbot_interface/local/lib/python3.10/dist-packages/mbot_interface/msg
[0.217s] -- Up-to-date: /home/zy/ws/install/mbot_interface/local/lib/python3.10/dist-packages/mbot_interface/msg/__init__.py
[0.217s] -- Up-to-date: /home/zy/ws/install/mbot_interface/local/lib/python3.10/dist-packages/mbot_interface/msg/_person_s.c
[0.217s] -- Up-to-date: /home/zy/ws/install/mbot_interface/local/lib/python3.10/dist-packages/mbot_interface/msg/_person.py
[0.217s] -- Up-to-date: /home/zy/ws/install/mbot_interface/local/lib/python3.10/dist-packages/mbot_interface/mbot_interface_s__rosidl_typesupport_introspection_c.cpython-310-x86_64-linux-gnu.so
[0.217s] -- Up-to-date: /home/zy/ws/install/mbot_interface/local/lib/python3.10/dist-packages/mbot_interface/__init__.py
[0.217s] -- Up-to-date: /home/zy/ws/install/mbot_interface/local/lib/python3.10/dist-packages/mbot_interface/_mbot_interface_s.ep.rosidl_typesupport_fastrtps_c.c
[0.217s] -- Up-to-date: /home/zy/ws/install/mbot_interface/local/lib/python3.10/dist-packages/mbot_interface/libmbot_interface__rosidl_generator_py.so
[0.234s] Listing '/home/zy/ws/install/mbot_interface/local/lib/python3.10/dist-packages/mbot_interface'...
[0.234s] Listing '/home/zy/ws/install/mbot_interface/local/lib/python3.10/dist-packages/mbot_interface/msg'...
[0.237s] -- Up-to-date: /home/zy/ws/install/mbot_interface/local/lib/python3.10/dist-packages/mbot_interface/mbot_interface_s__rosidl_typesupport_fastrtps_c.cpython-310-x86_64-linux-gnu.so
[0.237s] -- Up-to-date: /home/zy/ws/install/mbot_interface/local/lib/python3.10/dist-packages/mbot_interface/mbot_interface_s__rosidl_typesupport_introspection_c.cpython-310-x86_64-linux-gnu.so
[0.237s] -- Up-to-date: /home/zy/ws/install/mbot_interface/local/lib/python3.10/dist-packages/mbot_interface/mbot_interface_s__rosidl_typesupport_c.cpython-310-x86_64-linux-gnu.so
[0.237s] -- Up-to-date: /home/zy/ws/install/mbot_interface/lib/libmbot_interface__rosidl_generator_py.so
[0.237s] -- Up-to-date: /home/zy/ws/install/mbot_interface/share/mbot_interface/msg/Person.idl
[0.237s] -- Up-to-date: /home/zy/ws/install/mbot_interface/share/mbot_interface/msg/Person.msg
[0.237s] -- Up-to-date: /home/zy/ws/install/mbot_interface/share/mbot_interface/msg
[0.237s] -- Up-to-date: /home/zy/ws/install/mbot_interface/share/mbot_interface/msg/Person.msg
[0.237s] -- Up-to-date: /home/zy/ws/install/mbot_interface/share/ament_index/resource_index/package_run_dependencies/mbot_interface
[0.237s] -- Up-to-date: /home/zy/ws/install/mbot_interface/share/ament_index/resource_index/parent_prefix_path/mbot_interface
[0.237s] -- Up-to-date: /home/zy/ws/install/mbot_interface/share/mbot_interface/environment/ament_prefix_path.sh
[0.238s] -- Up-to-date: /home/zy/ws/install/mbot_interface/share/mbot_interface/environment/ament_prefix_path.dsv
[0.238s] -- Up-to-date: /home/zy/ws/install/mbot_interface/share/mbot_interface/environment/path.sh
[0.238s] -- Up-to-date: /home/zy/ws/install/mbot_interface/share/mbot_interface/environment/path.dsv
[0.238s] -- Up-to-date: /home/zy/ws/install/mbot_interface/share/mbot_interface/local_setup.bash
[0.238s] -- Up-to-date: /home/zy/ws/install/mbot_interface/share/mbot_interface/local_setup.sh
[0.238s] -- Up-to-date: /home/zy/ws/install/mbot_interface/share/mbot_interface/local_setup.zsh
[0.238s] -- Up-to-date: /home/zy/ws/install/mbot_interface/share/mbot_interface/local_setup.dsv
[0.238s] -- Installing: /home/zy/ws/install/mbot_interface/share/mbot_interface/package.dsv
[0.238s] -- Up-to-date: /home/zy/ws/install/mbot_interface/share/ament_index/resource_index/packages/mbot_interface
[0.238s] -- Up-to-date: /home/zy/ws/install/mbot_interface/share/mbot_interface/cmake/export_mbot_interface__rosidl_generator_cExport.cmake
[0.238s] -- Up-to-date: /home/zy/ws/install/mbot_interface/share/mbot_interface/cmake/export_mbot_interface__rosidl_generator_cExport-noconfig.cmake
[0.238s] -- Up-to-date: /home/zy/ws/install/mbot_interface/share/mbot_interface/cmake/export_mbot_interface__rosidl_typesupport_fastrtps_cExport.cmake
[0.238s] -- Up-to-date: /home/zy/ws/install/mbot_interface/share/mbot_interface/cmake/export_mbot_interface__rosidl_typesupport_fastrtps_cExport-noconfig.cmake
[0.238s] -- Up-to-date: /home/zy/ws/install/mbot_interface/share/mbot_interface/cmake/mbot_interface__rosidl_typesupport_introspection_cExport.cmake
[0.238s] -- Up-to-date: /home/zy/ws/install/mbot_interface/share/mbot_interface/cmake/mbot_interface__rosidl_typesupport_introspection_cExport-noconfig.cmake
[0.238s] -- Up-to-date: /home/zy/ws/install/mbot_interface/share/mbot_interface/cmake/mbot_interface__rosidl_typesupport_cExport.cmake
[0.238s] -- Up-to-date: /home/zy/ws/install/mbot_interface/share/mbot_interface/cmake/mbot_interface__rosidl_typesupport_cExport-noconfig.cmake
[0.238s] -- Up-to-date: /home/zy/ws/install/mbot_interface/share/mbot_interface/cmake/export_mbot_interface__rosidl_generator_cppExport.cmake
[0.238s] -- Up-to-date: /home/zy/ws/install/mbot_interface/share/mbot_interface/cmake/export_mbot_interface__rosidl_typesupport_fastrtps_cppExport.cmake
[0.238s] -- Up-to-date: /home/zy/ws/install/mbot_interface/share/mbot_interface/cmake/export_mbot_interface__rosidl_typesupport_fastrtps_cppExport-noconfig.cmake
[0.238s] -- Up-to-date: /home/zy/ws/install/mbot_interface/share/mbot_interface/cmake/mbot_interface__rosidl_typesupport_introspection_cppExport.cmake
[0.239s] -- Up-to-date: /home/zy/ws/install/mbot_interface/share/mbot_interface/cmake/mbot_interface__rosidl_typesupport_introspection_cppExport-noconfig.cmake
[0.239s] -- Up-to-date: /home/zy/ws/install/mbot_interface/share/mbot_interface/cmake/mbot_interface__rosidl_typesupport_cppExport.cmake
[0.239s] -- Up-to-date: /home/zy/ws/install/mbot_interface/share/mbot_interface/cmake/mbot_interface__rosidl_typesupport_cppExport-noconfig.cmake
[0.239s] -- Up-to-date: /home/zy/ws/install/mbot_interface/share/mbot_interface/cmake/export_mbot_interface__rosidl_generator_pyExport.cmake
[0.239s] -- Up-to-date: /home/zy/ws/install/mbot_interface/share/mbot_interface/cmake/export_mbot_interface__rosidl_generator_pyExport-noconfig.cmake
[0.239s] -- Up-to-date: /home/zy/ws/install/mbot_interface/share/mbot_interface/cmake/rosidl_cmake-extras.cmake
[0.239s] -- Up-to-date: /home/zy/ws/install/mbot_interface/share/mbot_interface/cmake/ament_cmake_export_include_directories-extras.cmake
[0.239s] -- Up-to-date: /home/zy/ws/install/mbot_interface/share/mbot_interface/cmake/ament_cmake_export_libraries-extras.cmake
[0.239s] -- Up-to-date: /home/zy/ws/install/mbot_interface/share/mbot_interface/cmake/ament_cmake_export_targets-extras.cmake
[0.239s] -- Up-to-date: /home/zy/ws/install/mbot_interface/share/mbot_interface/cmake/rosidl_cmake_export_typesupport_targets-extras.cmake
[0.239s] -- Up-to-date: /home/zy/ws/install/mbot_interface/share/mbot_interface/cmake/ament_cmake_export_dependencies-extras.cmake
[0.239s] -- Up-to-date: /home/zy/ws/install/mbot_interface/share/mbot_interface/cmake/rosidl_cmake_export_typesupport_libraries-extras.cmake
[0.239s] -- Up-to-date: /home/zy/ws/install/mbot_interface/share/mbot_interface/cmake/mbot_interfaceConfig.cmake
[0.239s] -- Up-to-date: /home/zy/ws/install/mbot_interface/share/mbot_interface/cmake/mbot_interfaceConfig-version.cmake
[0.239s] -- Up-to-date: /home/zy/ws/install/mbot_interface/share/mbot_interface/package.xml
[0.240s] Invoked command in '/home/zy/ws/build/mbot_interface' returned '0': CMAKE_PREFIX_PATH=/opt/ros/humble /usr/bin/cmake --install /home/zy/ws/build/mbot_interface
