[0.055s] Invoking command in '/home/zy/ws/build/mbot_pkg': CMAKE_PREFIX_PATH=/home/zy/ws/install/mbot_interface:/home/zy/ws/install/mbot_pkg:/home/zy/ws/install/control:/opt/ros/humble /usr/bin/cmake /home/zy/ws/src/mbot_pkg -DCMAKE_INSTALL_PREFIX=/home/zy/ws/install/mbot_pkg
[0.247s] -- The C compiler identification is GNU 11.4.0
[0.557s] -- The CXX compiler identification is GNU 11.4.0
[0.817s] -- Detecting C compiler ABI info
[0.912s] -- Detecting C compiler ABI info - done
[0.916s] -- Check for working C compiler: /usr/bin/cc - skipped
[0.918s] -- Detecting C compile features
[0.919s] -- Detecting C compile features - done
[0.922s] -- Detecting CXX compiler ABI info
[1.019s] -- Detecting CXX compiler ABI info - done
[1.023s] -- Check for working CXX compiler: /usr/bin/c++ - skipped
[1.023s] -- Detecting CXX compile features
[1.023s] -- Detecting CXX compile features - done
[1.052s] -- Found ament_cmake: 1.3.11 (/opt/ros/humble/share/ament_cmake/cmake)
[1.138s] -- Found Python3: /usr/bin/python3 (found version "3.10.12") found components: Interpreter 
[1.212s] -- Found rclcpp: 16.0.12 (/opt/ros/humble/share/rclcpp/cmake)
[1.367s] -- Found rosidl_generator_c: 3.1.6 (/opt/ros/humble/share/rosidl_generator_c/cmake)
[1.371s] -- Found rosidl_adapter: 3.1.6 (/opt/ros/humble/share/rosidl_adapter/cmake)
[1.378s] -- Found rosidl_generator_cpp: 3.1.6 (/opt/ros/humble/share/rosidl_generator_cpp/cmake)
[1.389s] -- Using all available rosidl_typesupport_c: rosidl_typesupport_fastrtps_c;rosidl_typesupport_introspection_c
[1.403s] -- Using all available rosidl_typesupport_cpp: rosidl_typesupport_fastrtps_cpp;rosidl_typesupport_introspection_cpp
[1.440s] -- Found rmw_implementation_cmake: 6.1.2 (/opt/ros/humble/share/rmw_implementation_cmake/cmake)
[1.443s] -- Found rmw_fastrtps_cpp: 6.2.7 (/opt/ros/humble/share/rmw_fastrtps_cpp/cmake)
[2.231s] -- Found OpenSSL: /usr/lib/x86_64-linux-gnu/libcrypto.so (found version "3.0.2")  
[3.025s] -- Found FastRTPS: /opt/ros/humble/include  
[4.449s] -- Using RMW implementation 'rmw_fastrtps_cpp' as default
[4.463s] -- Looking for pthread.h
[4.554s] -- Looking for pthread.h - found
[4.555s] -- Performing Test CMAKE_HAVE_LIBC_PTHREAD
[4.638s] -- Performing Test CMAKE_HAVE_LIBC_PTHREAD - Success
[4.639s] -- Found Threads: TRUE  
[4.684s] -- Found mbot_interface: 0.0.0 (/home/zy/ws/install/mbot_interface/share/mbot_interface/cmake)
[4.693s] -- Found gazebo_ros: 3.9.0 (/opt/ros/humble/share/gazebo_ros/cmake)
[4.701s] -- Found PkgConfig: /usr/bin/pkg-config (found version "0.29.2") 
[4.701s] -- Checking for module 'bullet>=2.82'
[4.709s] --   Found bullet, version 3.05
[4.787s] -- Found fcl: /usr/include (found suitable version "0.7.0", minimum required is "0.5.0") 
[4.814s] -- Found assimp: /usr/include (found version "5.2.0") 
[4.828s] -- Found DART: /usr/include (Required is at least version "6.6") found components: dart 
[4.850s] -- Found Boost: /usr/lib/x86_64-linux-gnu/cmake/Boost-1.74.0/BoostConfig.cmake (found suitable version "1.74.0", minimum required is "1.40.0") found components: thread system filesystem program_options regex iostreams date_time 
[5.101s] -- Found Protobuf: /usr/lib/x86_64-linux-gnu/libprotobuf.so (found version "3.12.4") 
[5.106s] -- Looking for ignition-math6 -- found version 6.15.1
[5.113s] -- Searching for dependencies of ignition-math6
[5.116s] -- Looking for OGRE...
[5.116s] -- OGRE_PREFIX_WATCH changed.
[5.119s] -- Checking for module 'OGRE'
[5.126s] --   Found OGRE, version 1.9.0
[5.143s] -- Found Ogre Ghadamon (1.9.0)
[5.420s] -- Found OGRE: optimized;/usr/lib/x86_64-linux-gnu/libOgreMain.so;debug;/usr/lib/x86_64-linux-gnu/libOgreMain.so
[5.425s] -- Looking for OGRE_Paging...
[5.612s] -- Found OGRE_Paging: optimized;/usr/lib/x86_64-linux-gnu/libOgrePaging.so;debug;/usr/lib/x86_64-linux-gnu/libOgrePaging.so
[5.612s] -- Looking for OGRE_Terrain...
[5.808s] -- Found OGRE_Terrain: optimized;/usr/lib/x86_64-linux-gnu/libOgreTerrain.so;debug;/usr/lib/x86_64-linux-gnu/libOgreTerrain.so
[5.808s] -- Looking for OGRE_Property...
[5.986s] -- Found OGRE_Property: optimized;/usr/lib/x86_64-linux-gnu/libOgreProperty.so;debug;/usr/lib/x86_64-linux-gnu/libOgreProperty.so
[5.986s] -- Looking for OGRE_RTShaderSystem...
[6.213s] -- Found OGRE_RTShaderSystem: optimized;/usr/lib/x86_64-linux-gnu/libOgreRTShaderSystem.so;debug;/usr/lib/x86_64-linux-gnu/libOgreRTShaderSystem.so
[6.214s] -- Looking for OGRE_Volume...
[6.424s] -- Found OGRE_Volume: optimized;/usr/lib/x86_64-linux-gnu/libOgreVolume.so;debug;/usr/lib/x86_64-linux-gnu/libOgreVolume.so
[6.424s] -- Looking for OGRE_Overlay...
[6.643s] -- Found OGRE_Overlay: optimized;/usr/lib/x86_64-linux-gnu/libOgreOverlay.so;debug;/usr/lib/x86_64-linux-gnu/libOgreOverlay.so
[19.272s] -- Looking for ignition-math6 -- found version 6.15.1
[19.279s] -- Looking for ignition-transport8 -- found version 8.2.1
[19.279s] -- Searching for dependencies of ignition-transport8
[20.178s] -- Found Protobuf: /usr/lib/x86_64-linux-gnu/libprotobuf.so (found suitable version "3.12.4", minimum required is "3") 
[20.902s] -- Config-file not installed for ZeroMQ -- checking for pkg-config
[20.906s] -- Checking for module 'libzmq >= 4'
[20.921s] --   Found libzmq , version 4.3.4
[20.942s] -- Found ZeroMQ: TRUE (Required is at least version "4") 
[20.984s] -- Checking for module 'uuid'
[20.991s] --   Found uuid, version 2.37.2
[21.011s] -- Found UUID: TRUE  
[21.013s] -- Looking for ignition-msgs5 -- found version 5.8.1
[21.014s] -- Searching for dependencies of ignition-msgs5
[21.728s] -- Looking for ignition-math6 -- found version 6.15.1
[21.734s] -- Checking for module 'tinyxml2'
[21.743s] --   Found tinyxml2, version 9.0.0
[21.761s] -- Looking for ignition-msgs5 -- found version 5.8.1
[21.763s] -- Looking for ignition-common3 -- found version 3.14.0
[21.763s] -- Searching for dependencies of ignition-common3
[21.781s] -- Looking for dlfcn.h - found
[21.800s] -- Looking for libdl - found
[21.801s] -- Found DL: TRUE  
[21.846s] -- Found tinyobjloader: /usr/lib/x86_64-linux-gnu/cmake/tinyobjloader/tinyobjloader-config.cmake (found version "2.0.0") 
[21.847s] -- Searching for <ignition-common3> component [graphics]
[21.849s] -- Looking for ignition-common3-graphics -- found version 3.14.0
[21.849s] -- Searching for dependencies of ignition-common3-graphics
[21.849s] -- Looking for ignition-math6 -- found version 6.15.1
[21.852s] -- Looking for ignition-fuel_tools4 -- found version 4.4.0
[21.852s] -- Searching for dependencies of ignition-fuel_tools4
[22.675s] -- Found CURL: /usr/lib/x86_64-linux-gnu/libcurl.so (found version "7.81.0")  
[22.700s] -- Checking for module 'jsoncpp'
[22.707s] --   Found jsoncpp, version 1.9.5
[22.726s] -- Found JSONCPP: TRUE  
[22.731s] -- Checking for module 'libzip'
[22.739s] --   Found libzip, version 1.7.3
[22.758s] -- Found ZIP: TRUE  
[22.758s] -- Looking for ignition-common3 -- found version 3.14.0
[22.758s] -- Looking for ignition-math6 -- found version 6.15.1
[22.759s] -- Looking for ignition-msgs5 -- found version 5.8.1
[22.764s] -- Gazebo version: 11.10
[22.764s] -- Checking for module 'tbb'
[22.771s] --   Found tbb, version 2021.5.0
[22.791s] -- Found gazebo_plugins: 3.9.0 (/opt/ros/humble/share/gazebo_plugins/cmake)
[22.840s] -- Found urdf: 2.6.1 (/opt/ros/humble/share/urdf/cmake)
[23.585s] -- Found xacro: 2.0.13 (/opt/ros/humble/share/xacro/cmake)
[23.586s] -- Found sensor_msgs: 4.9.0 (/opt/ros/humble/share/sensor_msgs/cmake)
[23.604s] -- Found ament_lint_auto: 0.12.12 (/opt/ros/humble/share/ament_lint_auto/cmake)
[23.657s] -- Added test 'cppcheck' to perform static code analysis on C / C++ code
[23.657s] -- Configured cppcheck include dirs: $<BUILD_INTERFACE:/home/zy/ws/src/mbot_pkg/include>
[23.657s] -- Configured cppcheck exclude dirs and/or files: 
[23.658s] -- Added test 'flake8' to check Python code syntax and style conventions
[23.659s] -- Added test 'lint_cmake' to check CMake code style
[23.659s] -- Added test 'pep257' to check Python code against some of the docstring style conventions in PEP 257
[23.660s] -- Added test 'uncrustify' to check C / C++ code style
[23.661s] -- Configured uncrustify additional arguments: 
[23.661s] -- Added test 'xmllint' to check XML markup files
[23.663s] -- Configuring done
[23.736s] -- Generating done
[23.740s] -- Build files have been written to: /home/zy/ws/build/mbot_pkg
[23.749s] Invoked command in '/home/zy/ws/build/mbot_pkg' returned '0': CMAKE_PREFIX_PATH=/home/zy/ws/install/mbot_interface:/home/zy/ws/install/mbot_pkg:/home/zy/ws/install/control:/opt/ros/humble /usr/bin/cmake /home/zy/ws/src/mbot_pkg -DCMAKE_INSTALL_PREFIX=/home/zy/ws/install/mbot_pkg
[23.751s] Invoking command in '/home/zy/ws/build/mbot_pkg': CMAKE_PREFIX_PATH=/home/zy/ws/install/mbot_interface:/home/zy/ws/install/mbot_pkg:/home/zy/ws/install/control:/opt/ros/humble /usr/bin/cmake --build /home/zy/ws/build/mbot_pkg -- -j32 -l32
[23.779s] [ 50%] [32mBuilding CXX object CMakeFiles/mbot_manager.dir/src/mbot_manager.cpp.o[0m
[28.267s] [100%] [32m[1mLinking CXX executable mbot_manager[0m
[28.745s] [100%] Built target mbot_manager
[28.753s] Invoked command in '/home/zy/ws/build/mbot_pkg' returned '0': CMAKE_PREFIX_PATH=/home/zy/ws/install/mbot_interface:/home/zy/ws/install/mbot_pkg:/home/zy/ws/install/control:/opt/ros/humble /usr/bin/cmake --build /home/zy/ws/build/mbot_pkg -- -j32 -l32
[28.758s] Invoking command in '/home/zy/ws/build/mbot_pkg': CMAKE_PREFIX_PATH=/home/zy/ws/install/mbot_interface:/home/zy/ws/install/mbot_pkg:/home/zy/ws/install/control:/opt/ros/humble /usr/bin/cmake --install /home/zy/ws/build/mbot_pkg
[28.762s] -- Install configuration: ""
[28.762s] -- Installing: /home/zy/ws/install/mbot_pkg/lib/mbot_pkg/mbot_manager
[28.764s] -- Set runtime path of "/home/zy/ws/install/mbot_pkg/lib/mbot_pkg/mbot_manager" to ""
[28.764s] -- Installing: /home/zy/ws/install/mbot_pkg/share/mbot_pkg/launch
[28.764s] -- Installing: /home/zy/ws/install/mbot_pkg/share/mbot_pkg/launch/mbot.launch.py
[28.765s] -- Installing: /home/zy/ws/install/mbot_pkg/share/ament_index/resource_index/package_run_dependencies/mbot_pkg
[28.765s] -- Installing: /home/zy/ws/install/mbot_pkg/share/ament_index/resource_index/parent_prefix_path/mbot_pkg
[28.766s] -- Installing: /home/zy/ws/install/mbot_pkg/share/mbot_pkg/environment/ament_prefix_path.sh
[28.766s] -- Installing: /home/zy/ws/install/mbot_pkg/share/mbot_pkg/environment/ament_prefix_path.dsv
[28.766s] -- Installing: /home/zy/ws/install/mbot_pkg/share/mbot_pkg/environment/path.sh
[28.766s] -- Installing: /home/zy/ws/install/mbot_pkg/share/mbot_pkg/environment/path.dsv
[28.766s] -- Installing: /home/zy/ws/install/mbot_pkg/share/mbot_pkg/local_setup.bash
[28.766s] -- Installing: /home/zy/ws/install/mbot_pkg/share/mbot_pkg/local_setup.sh
[28.766s] -- Installing: /home/zy/ws/install/mbot_pkg/share/mbot_pkg/local_setup.zsh
[28.766s] -- Installing: /home/zy/ws/install/mbot_pkg/share/mbot_pkg/local_setup.dsv
[28.766s] -- Installing: /home/zy/ws/install/mbot_pkg/share/mbot_pkg/package.dsv
[28.766s] -- Installing: /home/zy/ws/install/mbot_pkg/share/ament_index/resource_index/packages/mbot_pkg
[28.766s] -- Installing: /home/zy/ws/install/mbot_pkg/share/mbot_pkg/cmake/mbot_pkgConfig.cmake
[28.767s] -- Installing: /home/zy/ws/install/mbot_pkg/share/mbot_pkg/cmake/mbot_pkgConfig-version.cmake
[28.767s] -- Installing: /home/zy/ws/install/mbot_pkg/share/mbot_pkg/package.xml
[28.768s] Invoked command in '/home/zy/ws/build/mbot_pkg' returned '0': CMAKE_PREFIX_PATH=/home/zy/ws/install/mbot_interface:/home/zy/ws/install/mbot_pkg:/home/zy/ws/install/control:/opt/ros/humble /usr/bin/cmake --install /home/zy/ws/build/mbot_pkg
