[0.073s] Invoking command in '/home/zy/ws/build/mbot_pkg': CMAKE_PREFIX_PATH=/home/zy/ws/install/mbot_interface:/home/zy/ws/install/mbot_pkg:/home/zy/ws/install/control:/opt/ros/humble /usr/bin/cmake /home/zy/ws/src/mbot_pkg -DCMAKE_INSTALL_PREFIX=/home/zy/ws/install/mbot_pkg
[0.229s] -- The C compiler identification is GNU 11.4.0
[0.642s] -- The CXX compiler identification is GNU 11.4.0
[0.873s] -- Detecting C compiler ABI info
[0.979s] -- Detecting C compiler ABI info - done
[0.983s] -- Check for working C compiler: /usr/bin/cc - skipped
[0.986s] -- Detecting C compile features
[0.987s] -- Detecting C compile features - done
[0.989s] -- Detecting CXX compiler ABI info
[1.099s] -- Detecting CXX compiler ABI info - done
[1.103s] -- Check for working CXX compiler: /usr/bin/c++ - skipped
[1.103s] -- Detecting CXX compile features
[1.104s] -- Detecting CXX compile features - done
[1.111s] -- Found ament_cmake: 1.3.11 (/opt/ros/humble/share/ament_cmake/cmake)
[1.203s] -- Found Python3: /usr/bin/python3 (found version "3.10.12") found components: Interpreter 
[1.281s] -- Found rclcpp: 16.0.12 (/opt/ros/humble/share/rclcpp/cmake)
[1.423s] -- Found rosidl_generator_c: 3.1.6 (/opt/ros/humble/share/rosidl_generator_c/cmake)
[1.427s] -- Found rosidl_adapter: 3.1.6 (/opt/ros/humble/share/rosidl_adapter/cmake)
[1.437s] -- Found rosidl_generator_cpp: 3.1.6 (/opt/ros/humble/share/rosidl_generator_cpp/cmake)
[1.451s] -- Using all available rosidl_typesupport_c: rosidl_typesupport_fastrtps_c;rosidl_typesupport_introspection_c
[1.467s] -- Using all available rosidl_typesupport_cpp: rosidl_typesupport_fastrtps_cpp;rosidl_typesupport_introspection_cpp
[1.509s] -- Found rmw_implementation_cmake: 6.1.2 (/opt/ros/humble/share/rmw_implementation_cmake/cmake)
[1.512s] -- Found rmw_fastrtps_cpp: 6.2.7 (/opt/ros/humble/share/rmw_fastrtps_cpp/cmake)
[2.321s] -- Found OpenSSL: /usr/lib/x86_64-linux-gnu/libcrypto.so (found version "3.0.2")  
[3.475s] -- Found FastRTPS: /opt/ros/humble/include  
[5.010s] -- Using RMW implementation 'rmw_fastrtps_cpp' as default
[5.025s] -- Looking for pthread.h
[5.155s] -- Looking for pthread.h - found
[5.155s] -- Performing Test CMAKE_HAVE_LIBC_PTHREAD
[5.283s] -- Performing Test CMAKE_HAVE_LIBC_PTHREAD - Success
[5.284s] -- Found Threads: TRUE  
[5.337s] -- Found mbot_interface: 0.0.0 (/home/zy/ws/install/mbot_interface/share/mbot_interface/cmake)
[5.344s] -- Found gazebo_ros: 3.9.0 (/opt/ros/humble/share/gazebo_ros/cmake)
[5.353s] -- Found PkgConfig: /usr/bin/pkg-config (found version "0.29.2") 
[5.353s] -- Checking for module 'bullet>=2.82'
[5.361s] --   Found bullet, version 3.05
[5.516s] -- Found fcl: /usr/include (found suitable version "0.7.0", minimum required is "0.5.0") 
[5.550s] -- Found assimp: /usr/include (found version "5.2.0") 
[5.571s] -- Found DART: /usr/include (Required is at least version "6.6") found components: dart 
[5.594s] -- Found Boost: /usr/lib/x86_64-linux-gnu/cmake/Boost-1.74.0/BoostConfig.cmake (found suitable version "1.74.0", minimum required is "1.40.0") found components: thread system filesystem program_options regex iostreams date_time 
[6.285s] -- Found Protobuf: /usr/lib/x86_64-linux-gnu/libprotobuf.so (found version "3.12.4") 
[6.289s] -- Looking for ignition-math6 -- found version 6.15.1
[6.298s] -- Searching for dependencies of ignition-math6
[6.301s] -- Looking for OGRE...
[6.301s] -- OGRE_PREFIX_WATCH changed.
[6.305s] -- Checking for module 'OGRE'
[6.314s] --   Found OGRE, version 1.9.0
[6.337s] -- Found Ogre Ghadamon (1.9.0)
[6.671s] -- Found OGRE: optimized;/usr/lib/x86_64-linux-gnu/libOgreMain.so;debug;/usr/lib/x86_64-linux-gnu/libOgreMain.so
[6.677s] -- Looking for OGRE_Paging...
[6.905s] -- Found OGRE_Paging: optimized;/usr/lib/x86_64-linux-gnu/libOgrePaging.so;debug;/usr/lib/x86_64-linux-gnu/libOgrePaging.so
[6.905s] -- Looking for OGRE_Terrain...
[7.250s] -- Found OGRE_Terrain: optimized;/usr/lib/x86_64-linux-gnu/libOgreTerrain.so;debug;/usr/lib/x86_64-linux-gnu/libOgreTerrain.so
[7.250s] -- Looking for OGRE_Property...
[7.477s] -- Found OGRE_Property: optimized;/usr/lib/x86_64-linux-gnu/libOgreProperty.so;debug;/usr/lib/x86_64-linux-gnu/libOgreProperty.so
[7.477s] -- Looking for OGRE_RTShaderSystem...
[7.708s] -- Found OGRE_RTShaderSystem: optimized;/usr/lib/x86_64-linux-gnu/libOgreRTShaderSystem.so;debug;/usr/lib/x86_64-linux-gnu/libOgreRTShaderSystem.so
[7.708s] -- Looking for OGRE_Volume...
[7.937s] -- Found OGRE_Volume: optimized;/usr/lib/x86_64-linux-gnu/libOgreVolume.so;debug;/usr/lib/x86_64-linux-gnu/libOgreVolume.so
[7.937s] -- Looking for OGRE_Overlay...
[8.156s] -- Found OGRE_Overlay: optimized;/usr/lib/x86_64-linux-gnu/libOgreOverlay.so;debug;/usr/lib/x86_64-linux-gnu/libOgreOverlay.so
[20.389s] -- Looking for ignition-math6 -- found version 6.15.1
[20.397s] -- Looking for ignition-transport8 -- found version 8.2.1
[20.397s] -- Searching for dependencies of ignition-transport8
[21.105s] -- Found Protobuf: /usr/lib/x86_64-linux-gnu/libprotobuf.so (found suitable version "3.12.4", minimum required is "3") 
[21.821s] -- Config-file not installed for ZeroMQ -- checking for pkg-config
[21.824s] -- Checking for module 'libzmq >= 4'
[21.839s] --   Found libzmq , version 4.3.4
[21.859s] -- Found ZeroMQ: TRUE (Required is at least version "4") 
[21.889s] -- Checking for module 'uuid'
[21.897s] --   Found uuid, version 2.37.2
[21.917s] -- Found UUID: TRUE  
[21.918s] -- Looking for ignition-msgs5 -- found version 5.8.1
[21.919s] -- Searching for dependencies of ignition-msgs5
[22.705s] -- Looking for ignition-math6 -- found version 6.15.1
[22.715s] -- Checking for module 'tinyxml2'
[22.723s] --   Found tinyxml2, version 9.0.0
[22.745s] -- Looking for ignition-msgs5 -- found version 5.8.1
[22.747s] -- Looking for ignition-common3 -- found version 3.14.0
[22.747s] -- Searching for dependencies of ignition-common3
[22.775s] -- Looking for dlfcn.h - found
[22.799s] -- Looking for libdl - found
[22.800s] -- Found DL: TRUE  
[22.851s] -- Found tinyobjloader: /usr/lib/x86_64-linux-gnu/cmake/tinyobjloader/tinyobjloader-config.cmake (found version "2.0.0") 
[22.853s] -- Searching for <ignition-common3> component [graphics]
[22.854s] -- Looking for ignition-common3-graphics -- found version 3.14.0
[22.854s] -- Searching for dependencies of ignition-common3-graphics
[22.854s] -- Looking for ignition-math6 -- found version 6.15.1
[22.857s] -- Looking for ignition-fuel_tools4 -- found version 4.4.0
[22.857s] -- Searching for dependencies of ignition-fuel_tools4
[23.788s] -- Found CURL: /usr/lib/x86_64-linux-gnu/libcurl.so (found version "7.81.0")  
[23.798s] -- Checking for module 'jsoncpp'
[23.807s] --   Found jsoncpp, version 1.9.5
[23.826s] -- Found JSONCPP: TRUE  
[23.831s] -- Checking for module 'libzip'
[23.839s] --   Found libzip, version 1.7.3
[23.858s] -- Found ZIP: TRUE  
[23.858s] -- Looking for ignition-common3 -- found version 3.14.0
[23.859s] -- Looking for ignition-math6 -- found version 6.15.1
[23.859s] -- Looking for ignition-msgs5 -- found version 5.8.1
[23.864s] -- Gazebo version: 11.10
[23.864s] -- Checking for module 'tbb'
[23.872s] --   Found tbb, version 2021.5.0
[23.893s] -- Found gazebo_plugins: 3.9.0 (/opt/ros/humble/share/gazebo_plugins/cmake)
[23.949s] -- Found urdf: 2.6.1 (/opt/ros/humble/share/urdf/cmake)
[24.738s] -- Found xacro: 2.0.13 (/opt/ros/humble/share/xacro/cmake)
[24.741s] -- Found sensor_msgs: 4.9.0 (/opt/ros/humble/share/sensor_msgs/cmake)
[24.762s] -- Found ament_lint_auto: 0.12.12 (/opt/ros/humble/share/ament_lint_auto/cmake)
[24.823s] -- Added test 'cppcheck' to perform static code analysis on C / C++ code
[24.824s] -- Configured cppcheck include dirs: $<BUILD_INTERFACE:/home/zy/ws/src/mbot_pkg/include>
[24.824s] -- Configured cppcheck exclude dirs and/or files: 
[24.824s] -- Added test 'flake8' to check Python code syntax and style conventions
[24.825s] -- Added test 'lint_cmake' to check CMake code style
[24.826s] -- Added test 'pep257' to check Python code against some of the docstring style conventions in PEP 257
[24.827s] -- Added test 'uncrustify' to check C / C++ code style
[24.827s] -- Configured uncrustify additional arguments: 
[24.827s] -- Added test 'xmllint' to check XML markup files
[24.828s] -- Configuring done
[24.887s] -- Generating done
[24.891s] -- Build files have been written to: /home/zy/ws/build/mbot_pkg
[24.899s] Invoked command in '/home/zy/ws/build/mbot_pkg' returned '0': CMAKE_PREFIX_PATH=/home/zy/ws/install/mbot_interface:/home/zy/ws/install/mbot_pkg:/home/zy/ws/install/control:/opt/ros/humble /usr/bin/cmake /home/zy/ws/src/mbot_pkg -DCMAKE_INSTALL_PREFIX=/home/zy/ws/install/mbot_pkg
[24.901s] Invoking command in '/home/zy/ws/build/mbot_pkg': CMAKE_PREFIX_PATH=/home/zy/ws/install/mbot_interface:/home/zy/ws/install/mbot_pkg:/home/zy/ws/install/control:/opt/ros/humble /usr/bin/cmake --build /home/zy/ws/build/mbot_pkg -- -j32 -l32
[24.933s] [ 50%] [32mBuilding CXX object CMakeFiles/mbot_manager.dir/src/mbot_manager.cpp.o[0m
[30.080s] [100%] [32m[1mLinking CXX executable mbot_manager[0m
[30.552s] [100%] Built target mbot_manager
[30.561s] Invoked command in '/home/zy/ws/build/mbot_pkg' returned '0': CMAKE_PREFIX_PATH=/home/zy/ws/install/mbot_interface:/home/zy/ws/install/mbot_pkg:/home/zy/ws/install/control:/opt/ros/humble /usr/bin/cmake --build /home/zy/ws/build/mbot_pkg -- -j32 -l32
[30.567s] Invoking command in '/home/zy/ws/build/mbot_pkg': CMAKE_PREFIX_PATH=/home/zy/ws/install/mbot_interface:/home/zy/ws/install/mbot_pkg:/home/zy/ws/install/control:/opt/ros/humble /usr/bin/cmake --install /home/zy/ws/build/mbot_pkg
[30.571s] -- Install configuration: ""
[30.572s] -- Installing: /home/zy/ws/install/mbot_pkg/lib/mbot_pkg/mbot_manager
[30.574s] -- Set runtime path of "/home/zy/ws/install/mbot_pkg/lib/mbot_pkg/mbot_manager" to ""
[30.574s] -- Installing: /home/zy/ws/install/mbot_pkg/share/mbot_pkg/launch
[30.574s] -- Installing: /home/zy/ws/install/mbot_pkg/share/mbot_pkg/launch/mbot.launch.py
[30.575s] -- Installing: /home/zy/ws/install/mbot_pkg/share/mbot_pkg/urdf
[30.575s] -- Installing: /home/zy/ws/install/mbot_pkg/share/mbot_pkg/urdf/mbot_gazebo.urdf.xacro
[30.575s] -- Installing: /home/zy/ws/install/mbot_pkg/share/mbot_pkg/urdf/mbot_base.urdf.xacro
[30.575s] -- Installing: /home/zy/ws/install/mbot_pkg/share/mbot_pkg/worlds
[30.575s] -- Installing: /home/zy/ws/install/mbot_pkg/share/mbot_pkg/worlds/empty_world.world
[30.576s] -- Installing: /home/zy/ws/install/mbot_pkg/share/ament_index/resource_index/package_run_dependencies/mbot_pkg
[30.576s] -- Installing: /home/zy/ws/install/mbot_pkg/share/ament_index/resource_index/parent_prefix_path/mbot_pkg
[30.576s] -- Installing: /home/zy/ws/install/mbot_pkg/share/mbot_pkg/environment/ament_prefix_path.sh
[30.576s] -- Installing: /home/zy/ws/install/mbot_pkg/share/mbot_pkg/environment/ament_prefix_path.dsv
[30.576s] -- Installing: /home/zy/ws/install/mbot_pkg/share/mbot_pkg/environment/path.sh
[30.576s] -- Installing: /home/zy/ws/install/mbot_pkg/share/mbot_pkg/environment/path.dsv
[30.577s] -- Installing: /home/zy/ws/install/mbot_pkg/share/mbot_pkg/local_setup.bash
[30.577s] -- Installing: /home/zy/ws/install/mbot_pkg/share/mbot_pkg/local_setup.sh
[30.577s] -- Installing: /home/zy/ws/install/mbot_pkg/share/mbot_pkg/local_setup.zsh
[30.577s] -- Installing: /home/zy/ws/install/mbot_pkg/share/mbot_pkg/local_setup.dsv
[30.577s] -- Installing: /home/zy/ws/install/mbot_pkg/share/mbot_pkg/package.dsv
[30.577s] -- Installing: /home/zy/ws/install/mbot_pkg/share/ament_index/resource_index/packages/mbot_pkg
[30.577s] -- Installing: /home/zy/ws/install/mbot_pkg/share/mbot_pkg/cmake/mbot_pkgConfig.cmake
[30.577s] -- Installing: /home/zy/ws/install/mbot_pkg/share/mbot_pkg/cmake/mbot_pkgConfig-version.cmake
[30.577s] -- Installing: /home/zy/ws/install/mbot_pkg/share/mbot_pkg/package.xml
[30.578s] Invoked command in '/home/zy/ws/build/mbot_pkg' returned '0': CMAKE_PREFIX_PATH=/home/zy/ws/install/mbot_interface:/home/zy/ws/install/mbot_pkg:/home/zy/ws/install/control:/opt/ros/humble /usr/bin/cmake --install /home/zy/ws/build/mbot_pkg
