[0.008s] Invoking command in '/home/zy/ws/build/mbot_interface': CMAKE_PREFIX_PATH=/opt/ros/humble /usr/bin/cmake /home/zy/ws/src/mbot_interface -DCMAKE_INSTALL_PREFIX=/home/zy/ws/install/mbot_interface
[0.015s] -- Found ament_cmake: 1.3.11 (/opt/ros/humble/share/ament_cmake/cmake)
[0.090s] -- Found rosidl_default_generators: 1.2.0 (/opt/ros/humble/share/rosidl_default_generators/cmake)
[0.090s] -- Using all available rosidl_typesupport_c: rosidl_typesupport_fastrtps_c;rosidl_typesupport_introspection_c
[0.092s] -- Found rosidl_adapter: 3.1.6 (/opt/ros/humble/share/rosidl_adapter/cmake)
[0.206s] -- Using all available rosidl_typesupport_cpp: rosidl_typesupport_fastrtps_cpp;rosidl_typesupport_introspection_cpp
[0.316s] [31mCMake Error at /opt/ros/humble/share/rosidl_adapter/cmake/rosidl_adapt_interfaces.cmake:59 (message):
[0.316s]   execute_process(/usr/bin/python3 -m rosidl_adapter --package-name
[0.316s]   mbot_interface --arguments-file
[0.316s]   /home/zy/ws/build/mbot_interface/rosidl_adapter__arguments__mbot_interface.json
[0.316s]   --output-dir /home/zy/ws/build/mbot_interface/rosidl_adapter/mbot_interface
[0.316s]   --output-file
[0.316s]   /home/zy/ws/build/mbot_interface/rosidl_adapter/mbot_interface.idls)
[0.316s]   returned error code 1:
[0.316s] 
[0.316s]   Error processing 'float height' of 'mbot_interface/person': ''float' is an
[0.316s]   invalid message name.  It should have the pattern '^[A-Z][A-Za-z0-9]*$''
[0.316s] 
[0.316s]   Traceback (most recent call last):
[0.316s] 
[0.316s]     File "/usr/lib/python3.10/runpy.py", line 196, in _run_module_as_main
[0.316s]       return _run_code(code, main_globals, None,
[0.316s]     File "/usr/lib/python3.10/runpy.py", line 86, in _run_code
[0.316s]       exec(code, run_globals)
[0.316s]     File "/opt/ros/humble/local/lib/python3.10/dist-packages/rosidl_adapter/__main__.py", line 19, in <module>
[0.316s]       sys.exit(main())
[0.316s]     File "/opt/ros/humble/local/lib/python3.10/dist-packages/rosidl_adapter/main.py", line 53, in main
[0.316s]       abs_idl_file = convert_to_idl(
[0.316s]     File "/opt/ros/humble/local/lib/python3.10/dist-packages/rosidl_adapter/__init__.py", line 19, in convert_to_idl
[0.316s]       return convert_msg_to_idl(
[0.316s]     File "/opt/ros/humble/local/lib/python3.10/dist-packages/rosidl_adapter/msg/__init__.py", line 28, in convert_msg_to_idl
[0.316s]       msg = parse_message_string(package_name, input_file.stem, content)
[0.316s]     File "/opt/ros/humble/local/lib/python3.10/dist-packages/rosidl_adapter/parser.py", line 520, in parse_message_string
[0.316s]       Type(type_string, context_package_name=pkg_name),
[0.316s]     File "/opt/ros/humble/local/lib/python3.10/dist-packages/rosidl_adapter/parser.py", line 277, in __init__
[0.316s]       super(Type, self).__init__(
[0.316s]     File "/opt/ros/humble/local/lib/python3.10/dist-packages/rosidl_adapter/parser.py", line 205, in __init__
[0.316s]       raise InvalidResourceName(
[0.316s] 
[0.316s]   rosidl_adapter.parser.InvalidResourceName: 'float' is an invalid message
[0.316s]   name.  It should have the pattern '^[A-Z][A-Za-z0-9]*$'
[0.316s] 
[0.317s] Call Stack (most recent call first):
[0.317s]   /opt/ros/humble/share/rosidl_cmake/cmake/rosidl_generate_interfaces.cmake:130 (rosidl_adapt_interfaces)
[0.317s]   CMakeLists.txt:15 (rosidl_generate_interfaces)
[0.317s] 
[0.317s] [0m
[0.317s] -- Configuring incomplete, errors occurred!
[0.317s] See also "/home/zy/ws/build/mbot_interface/CMakeFiles/CMakeOutput.log".
[0.320s] Invoked command in '/home/zy/ws/build/mbot_interface' returned '1': CMAKE_PREFIX_PATH=/opt/ros/humble /usr/bin/cmake /home/zy/ws/src/mbot_interface -DCMAKE_INSTALL_PREFIX=/home/zy/ws/install/mbot_interface
