[0.089s] Invoking command in '/home/zy/ws/build/mbot_pkg': AMENT_PREFIX_PATH=/home/zy/ws/install/mbot_interface:${AMENT_PREFIX_PATH} CMAKE_PREFIX_PATH=/home/zy/ws/install/mbot_interface:/opt/ros/humble LD_LIBRARY_PATH=/home/zy/ws/install/mbot_interface/lib:${LD_LIBRARY_PATH} PYTHONPATH=/home/zy/ws/install/mbot_interface/local/lib/python3.10/dist-packages:${PYTHONPATH} /usr/bin/cmake --build /home/zy/ws/build/mbot_pkg -- -j32 -l32
[0.144s] [35m[1mConsolidate compiler generated dependencies of target mbot_manager[0m
[0.161s] [ 50%] [32mBuilding CXX object CMakeFiles/mbot_manager.dir/src/mbot_manager.cpp.o[0m
[5.081s] [100%] [32m[1mLinking CXX executable mbot_manager[0m
[5.364s] [100%] Built target mbot_manager
[5.372s] Invoked command in '/home/zy/ws/build/mbot_pkg' returned '0': AMENT_PREFIX_PATH=/home/zy/ws/install/mbot_interface:${AMENT_PREFIX_PATH} CMAKE_PREFIX_PATH=/home/zy/ws/install/mbot_interface:/opt/ros/humble LD_LIBRARY_PATH=/home/zy/ws/install/mbot_interface/lib:${LD_LIBRARY_PATH} PYTHONPATH=/home/zy/ws/install/mbot_interface/local/lib/python3.10/dist-packages:${PYTHONPATH} /usr/bin/cmake --build /home/zy/ws/build/mbot_pkg -- -j32 -l32
[5.378s] Invoking command in '/home/zy/ws/build/mbot_pkg': AMENT_PREFIX_PATH=/home/zy/ws/install/mbot_interface:${AMENT_PREFIX_PATH} CMAKE_PREFIX_PATH=/home/zy/ws/install/mbot_interface:/opt/ros/humble LD_LIBRARY_PATH=/home/zy/ws/install/mbot_interface/lib:${LD_LIBRARY_PATH} PYTHONPATH=/home/zy/ws/install/mbot_interface/local/lib/python3.10/dist-packages:${PYTHONPATH} /usr/bin/cmake --install /home/zy/ws/build/mbot_pkg
[5.382s] -- Install configuration: ""
[5.383s] -- Installing: /home/zy/ws/install/mbot_pkg/lib/mbot_pkg/mbot_manager
[5.387s] -- Set runtime path of "/home/zy/ws/install/mbot_pkg/lib/mbot_pkg/mbot_manager" to ""
[5.387s] -- Up-to-date: /home/zy/ws/install/mbot_pkg/share/ament_index/resource_index/package_run_dependencies/mbot_pkg
[5.387s] -- Up-to-date: /home/zy/ws/install/mbot_pkg/share/ament_index/resource_index/parent_prefix_path/mbot_pkg
[5.387s] -- Up-to-date: /home/zy/ws/install/mbot_pkg/share/mbot_pkg/environment/ament_prefix_path.sh
[5.388s] -- Up-to-date: /home/zy/ws/install/mbot_pkg/share/mbot_pkg/environment/ament_prefix_path.dsv
[5.388s] -- Up-to-date: /home/zy/ws/install/mbot_pkg/share/mbot_pkg/environment/path.sh
[5.388s] -- Up-to-date: /home/zy/ws/install/mbot_pkg/share/mbot_pkg/environment/path.dsv
[5.388s] -- Up-to-date: /home/zy/ws/install/mbot_pkg/share/mbot_pkg/local_setup.bash
[5.388s] -- Up-to-date: /home/zy/ws/install/mbot_pkg/share/mbot_pkg/local_setup.sh
[5.388s] -- Up-to-date: /home/zy/ws/install/mbot_pkg/share/mbot_pkg/local_setup.zsh
[5.388s] -- Up-to-date: /home/zy/ws/install/mbot_pkg/share/mbot_pkg/local_setup.dsv
[5.388s] -- Installing: /home/zy/ws/install/mbot_pkg/share/mbot_pkg/package.dsv
[5.388s] -- Up-to-date: /home/zy/ws/install/mbot_pkg/share/ament_index/resource_index/packages/mbot_pkg
[5.388s] -- Up-to-date: /home/zy/ws/install/mbot_pkg/share/mbot_pkg/cmake/mbot_pkgConfig.cmake
[5.388s] -- Up-to-date: /home/zy/ws/install/mbot_pkg/share/mbot_pkg/cmake/mbot_pkgConfig-version.cmake
[5.388s] -- Up-to-date: /home/zy/ws/install/mbot_pkg/share/mbot_pkg/package.xml
[5.389s] Invoked command in '/home/zy/ws/build/mbot_pkg' returned '0': AMENT_PREFIX_PATH=/home/zy/ws/install/mbot_interface:${AMENT_PREFIX_PATH} CMAKE_PREFIX_PATH=/home/zy/ws/install/mbot_interface:/opt/ros/humble LD_LIBRARY_PATH=/home/zy/ws/install/mbot_interface/lib:${LD_LIBRARY_PATH} PYTHONPATH=/home/zy/ws/install/mbot_interface/local/lib/python3.10/dist-packages:${PYTHONPATH} /usr/bin/cmake --install /home/zy/ws/build/mbot_pkg
