[0.093s] Invoking command in '/home/zy/ws/build/mbot_pkg': AMENT_PREFIX_PATH=/home/zy/ws/install/mbot_interface:${AMENT_PREFIX_PATH} CMAKE_PREFIX_PATH=/home/zy/ws/install/mbot_interface:/opt/ros/humble LD_LIBRARY_PATH=/home/zy/ws/install/mbot_interface/lib:${LD_LIBRARY_PATH} PYTHONPATH=/home/zy/ws/install/mbot_interface/local/lib/python3.10/dist-packages:${PYTHONPATH} /usr/bin/cmake --build /home/zy/ws/build/mbot_pkg -- -j32 -l32
[0.118s] [35m[1mConsolidate compiler generated dependencies of target mbot_manager[0m
[0.131s] [ 50%] [32mBuilding CXX object CMakeFiles/mbot_manager.dir/src/mbot_manager.cpp.o[0m
[2.528s] [100%] [32m[1mLinking CXX executable mbot_manager[0m
[2.692s] [100%] Built target mbot_manager
[2.701s] Invoked command in '/home/zy/ws/build/mbot_pkg' returned '0': AMENT_PREFIX_PATH=/home/zy/ws/install/mbot_interface:${AMENT_PREFIX_PATH} CMAKE_PREFIX_PATH=/home/zy/ws/install/mbot_interface:/opt/ros/humble LD_LIBRARY_PATH=/home/zy/ws/install/mbot_interface/lib:${LD_LIBRARY_PATH} PYTHONPATH=/home/zy/ws/install/mbot_interface/local/lib/python3.10/dist-packages:${PYTHONPATH} /usr/bin/cmake --build /home/zy/ws/build/mbot_pkg -- -j32 -l32
[2.705s] Invoking command in '/home/zy/ws/build/mbot_pkg': AMENT_PREFIX_PATH=/home/zy/ws/install/mbot_interface:${AMENT_PREFIX_PATH} CMAKE_PREFIX_PATH=/home/zy/ws/install/mbot_interface:/opt/ros/humble LD_LIBRARY_PATH=/home/zy/ws/install/mbot_interface/lib:${LD_LIBRARY_PATH} PYTHONPATH=/home/zy/ws/install/mbot_interface/local/lib/python3.10/dist-packages:${PYTHONPATH} /usr/bin/cmake --install /home/zy/ws/build/mbot_pkg
[2.708s] -- Install configuration: ""
[2.709s] -- Installing: /home/zy/ws/install/mbot_pkg/lib/mbot_pkg/mbot_manager
[2.709s] -- Set runtime path of "/home/zy/ws/install/mbot_pkg/lib/mbot_pkg/mbot_manager" to ""
[2.709s] -- Up-to-date: /home/zy/ws/install/mbot_pkg/share/ament_index/resource_index/package_run_dependencies/mbot_pkg
[2.709s] -- Up-to-date: /home/zy/ws/install/mbot_pkg/share/ament_index/resource_index/parent_prefix_path/mbot_pkg
[2.709s] -- Up-to-date: /home/zy/ws/install/mbot_pkg/share/mbot_pkg/environment/ament_prefix_path.sh
[2.709s] -- Up-to-date: /home/zy/ws/install/mbot_pkg/share/mbot_pkg/environment/ament_prefix_path.dsv
[2.709s] -- Up-to-date: /home/zy/ws/install/mbot_pkg/share/mbot_pkg/environment/path.sh
[2.710s] -- Up-to-date: /home/zy/ws/install/mbot_pkg/share/mbot_pkg/environment/path.dsv
[2.710s] -- Up-to-date: /home/zy/ws/install/mbot_pkg/share/mbot_pkg/local_setup.bash
[2.710s] -- Up-to-date: /home/zy/ws/install/mbot_pkg/share/mbot_pkg/local_setup.sh
[2.710s] -- Up-to-date: /home/zy/ws/install/mbot_pkg/share/mbot_pkg/local_setup.zsh
[2.710s] -- Up-to-date: /home/zy/ws/install/mbot_pkg/share/mbot_pkg/local_setup.dsv
[2.710s] -- Installing: /home/zy/ws/install/mbot_pkg/share/mbot_pkg/package.dsv
[2.710s] -- Up-to-date: /home/zy/ws/install/mbot_pkg/share/ament_index/resource_index/packages/mbot_pkg
[2.710s] -- Up-to-date: /home/zy/ws/install/mbot_pkg/share/mbot_pkg/cmake/mbot_pkgConfig.cmake
[2.710s] -- Up-to-date: /home/zy/ws/install/mbot_pkg/share/mbot_pkg/cmake/mbot_pkgConfig-version.cmake
[2.710s] -- Up-to-date: /home/zy/ws/install/mbot_pkg/share/mbot_pkg/package.xml
[2.711s] Invoked command in '/home/zy/ws/build/mbot_pkg' returned '0': AMENT_PREFIX_PATH=/home/zy/ws/install/mbot_interface:${AMENT_PREFIX_PATH} CMAKE_PREFIX_PATH=/home/zy/ws/install/mbot_interface:/opt/ros/humble LD_LIBRARY_PATH=/home/zy/ws/install/mbot_interface/lib:${LD_LIBRARY_PATH} PYTHONPATH=/home/zy/ws/install/mbot_interface/local/lib/python3.10/dist-packages:${PYTHONPATH} /usr/bin/cmake --install /home/zy/ws/build/mbot_pkg
