[0.190s] Invoking command in '/home/zy/ws/build/mbot_pkg': CMAKE_PREFIX_PATH=/home/zy/ws/install/mbot_interface:/home/zy/ws/install/mbot_pkg:/home/zy/ws/install/control:/opt/ros/humble /usr/bin/cmake /home/zy/ws/src/mbot_pkg -DCMAKE_INSTALL_PREFIX=/home/zy/ws/install/mbot_pkg
[0.420s] -- The C compiler identification is GNU 11.4.0
[1.438s] -- The CXX compiler identification is GNU 11.4.0
[1.980s] -- Detecting C compiler ABI info
[2.213s] -- Detecting C compiler ABI info - done
[2.218s] -- Check for working C compiler: /usr/bin/cc - skipped
[2.263s] -- Detecting C compile features
[2.265s] -- Detecting C compile features - done
[2.270s] -- Detecting CXX compiler ABI info
[2.509s] -- Detecting CXX compiler ABI info - done
[2.515s] -- Check for working CXX compiler: /usr/bin/c++ - skipped
[2.515s] -- Detecting CXX compile features
[2.515s] -- Detecting CXX compile features - done
[2.566s] -- Found ament_cmake: 1.3.11 (/opt/ros/humble/share/ament_cmake/cmake)
[2.677s] -- Found Python3: /usr/bin/python3 (found version "3.10.12") found components: Interpreter 
[2.802s] -- Found rclcpp: 16.0.12 (/opt/ros/humble/share/rclcpp/cmake)
[3.083s] -- Found rosidl_generator_c: 3.1.6 (/opt/ros/humble/share/rosidl_generator_c/cmake)
[3.088s] -- Found rosidl_adapter: 3.1.6 (/opt/ros/humble/share/rosidl_adapter/cmake)
[3.099s] -- Found rosidl_generator_cpp: 3.1.6 (/opt/ros/humble/share/rosidl_generator_cpp/cmake)
[3.119s] -- Using all available rosidl_typesupport_c: rosidl_typesupport_fastrtps_c;rosidl_typesupport_introspection_c
[3.139s] -- Using all available rosidl_typesupport_cpp: rosidl_typesupport_fastrtps_cpp;rosidl_typesupport_introspection_cpp
[3.194s] -- Found rmw_implementation_cmake: 6.1.2 (/opt/ros/humble/share/rmw_implementation_cmake/cmake)
[3.197s] -- Found rmw_fastrtps_cpp: 6.2.7 (/opt/ros/humble/share/rmw_fastrtps_cpp/cmake)
[5.348s] -- Found OpenSSL: /usr/lib/x86_64-linux-gnu/libcrypto.so (found version "3.0.2")  
[7.900s] -- Found FastRTPS: /opt/ros/humble/include  
[12.047s] -- Using RMW implementation 'rmw_fastrtps_cpp' as default
[12.051s] -- Looking for pthread.h
[12.397s] -- Looking for pthread.h - found
[12.397s] -- Performing Test CMAKE_HAVE_LIBC_PTHREAD
[12.717s] -- Performing Test CMAKE_HAVE_LIBC_PTHREAD - Success
[12.717s] -- Found Threads: TRUE  
[12.748s] -- Found mbot_interface: 0.0.0 (/home/zy/ws/install/mbot_interface/share/mbot_interface/cmake)
[12.755s] -- Found gazebo_ros: 3.9.0 (/opt/ros/humble/share/gazebo_ros/cmake)
[12.761s] -- Found PkgConfig: /usr/bin/pkg-config (found version "0.29.2") 
[12.762s] -- Checking for module 'bullet>=2.82'
[12.771s] --   Found bullet, version 3.05
[12.941s] -- Found fcl: /usr/include (found suitable version "0.7.0", minimum required is "0.5.0") 
[12.975s] -- Found assimp: /usr/include (found version "5.2.0") 
[12.986s] -- Found DART: /usr/include (Required is at least version "6.6") found components: dart 
[13.007s] -- Found Boost: /usr/lib/x86_64-linux-gnu/cmake/Boost-1.74.0/BoostConfig.cmake (found suitable version "1.74.0", minimum required is "1.40.0") found components: thread system filesystem program_options regex iostreams date_time 
[13.783s] -- Found Protobuf: /usr/lib/x86_64-linux-gnu/libprotobuf.so (found version "3.12.4") 
[13.785s] -- Looking for ignition-math6 -- found version 6.15.1
[13.791s] -- Searching for dependencies of ignition-math6
[13.792s] -- Looking for OGRE...
[13.793s] -- OGRE_PREFIX_WATCH changed.
[13.797s] -- Checking for module 'OGRE'
[13.806s] --   Found OGRE, version 1.9.0
[13.829s] -- Found Ogre Ghadamon (1.9.0)
[14.572s] -- Found OGRE: optimized;/usr/lib/x86_64-linux-gnu/libOgreMain.so;debug;/usr/lib/x86_64-linux-gnu/libOgreMain.so
[14.578s] -- Looking for OGRE_Paging...
[15.375s] -- Found OGRE_Paging: optimized;/usr/lib/x86_64-linux-gnu/libOgrePaging.so;debug;/usr/lib/x86_64-linux-gnu/libOgrePaging.so
[15.375s] -- Looking for OGRE_Terrain...
[16.117s] -- Found OGRE_Terrain: optimized;/usr/lib/x86_64-linux-gnu/libOgreTerrain.so;debug;/usr/lib/x86_64-linux-gnu/libOgreTerrain.so
[16.117s] -- Looking for OGRE_Property...
[16.904s] -- Found OGRE_Property: optimized;/usr/lib/x86_64-linux-gnu/libOgreProperty.so;debug;/usr/lib/x86_64-linux-gnu/libOgreProperty.so
[16.904s] -- Looking for OGRE_RTShaderSystem...
[17.371s] -- Found OGRE_RTShaderSystem: optimized;/usr/lib/x86_64-linux-gnu/libOgreRTShaderSystem.so;debug;/usr/lib/x86_64-linux-gnu/libOgreRTShaderSystem.so
[17.372s] -- Looking for OGRE_Volume...
[18.047s] -- Found OGRE_Volume: optimized;/usr/lib/x86_64-linux-gnu/libOgreVolume.so;debug;/usr/lib/x86_64-linux-gnu/libOgreVolume.so
[18.047s] -- Looking for OGRE_Overlay...
[18.762s] -- Found OGRE_Overlay: optimized;/usr/lib/x86_64-linux-gnu/libOgreOverlay.so;debug;/usr/lib/x86_64-linux-gnu/libOgreOverlay.so
[54.276s] -- Looking for ignition-math6 -- found version 6.15.1
[54.277s] -- Looking for ignition-transport8 -- found version 8.2.1
[54.277s] -- Searching for dependencies of ignition-transport8
[56.472s] -- Found Protobuf: /usr/lib/x86_64-linux-gnu/libprotobuf.so (found suitable version "3.12.4", minimum required is "3") 
[58.453s] -- Config-file not installed for ZeroMQ -- checking for pkg-config
[58.457s] -- Checking for module 'libzmq >= 4'
[58.466s] --   Found libzmq , version 4.3.4
[58.490s] -- Found ZeroMQ: TRUE (Required is at least version "4") 
[58.589s] -- Checking for module 'uuid'
[58.598s] --   Found uuid, version 2.37.2
[58.620s] -- Found UUID: TRUE  
[58.621s] -- Looking for ignition-msgs5 -- found version 5.8.1
[58.621s] -- Searching for dependencies of ignition-msgs5
[60.890s] -- Looking for ignition-math6 -- found version 6.15.1
[60.894s] -- Checking for module 'tinyxml2'
[60.903s] --   Found tinyxml2, version 9.0.0
[60.926s] -- Looking for ignition-msgs5 -- found version 5.8.1
[60.927s] -- Looking for ignition-common3 -- found version 3.14.0
[60.928s] -- Searching for dependencies of ignition-common3
[60.996s] -- Looking for dlfcn.h - found
[61.084s] -- Looking for libdl - found
[61.085s] -- Found DL: TRUE  
[61.224s] -- Found tinyobjloader: /usr/lib/x86_64-linux-gnu/cmake/tinyobjloader/tinyobjloader-config.cmake (found version "2.0.0") 
[61.224s] -- Searching for <ignition-common3> component [graphics]
[61.225s] -- Looking for ignition-common3-graphics -- found version 3.14.0
[61.225s] -- Searching for dependencies of ignition-common3-graphics
[61.225s] -- Looking for ignition-math6 -- found version 6.15.1
[61.227s] -- Looking for ignition-fuel_tools4 -- found version 4.4.0
[61.228s] -- Searching for dependencies of ignition-fuel_tools4
[63.805s] -- Found CURL: /usr/lib/x86_64-linux-gnu/libcurl.so (found version "7.81.0")  
[63.811s] -- Checking for module 'jsoncpp'
[63.821s] --   Found jsoncpp, version 1.9.5
[63.844s] -- Found JSONCPP: TRUE  
[63.849s] -- Checking for module 'libzip'
[63.857s] --   Found libzip, version 1.7.3
[63.886s] -- Found ZIP: TRUE  
[63.887s] -- Looking for ignition-common3 -- found version 3.14.0
[63.887s] -- Looking for ignition-math6 -- found version 6.15.1
[63.887s] -- Looking for ignition-msgs5 -- found version 5.8.1
[63.889s] -- Gazebo version: 11.10
[63.890s] -- Checking for module 'tbb'
[63.899s] --   Found tbb, version 2021.5.0
[63.923s] -- Found gazebo_plugins: 3.9.0 (/opt/ros/humble/share/gazebo_plugins/cmake)
[63.958s] -- Found urdf: 2.6.1 (/opt/ros/humble/share/urdf/cmake)
[66.015s] -- Found xacro: 2.0.13 (/opt/ros/humble/share/xacro/cmake)
[66.016s] -- Found sensor_msgs: 4.9.0 (/opt/ros/humble/share/sensor_msgs/cmake)
[66.034s] -- Found ament_lint_auto: 0.12.12 (/opt/ros/humble/share/ament_lint_auto/cmake)
[66.080s] -- Added test 'cppcheck' to perform static code analysis on C / C++ code
[66.080s] -- Configured cppcheck include dirs: $<BUILD_INTERFACE:/home/zy/ws/src/mbot_pkg/include>
[66.080s] -- Configured cppcheck exclude dirs and/or files: 
[66.081s] -- Added test 'flake8' to check Python code syntax and style conventions
[66.082s] -- Added test 'lint_cmake' to check CMake code style
[66.082s] -- Added test 'pep257' to check Python code against some of the docstring style conventions in PEP 257
[66.083s] -- Added test 'uncrustify' to check C / C++ code style
[66.083s] -- Configured uncrustify additional arguments: 
[66.083s] -- Added test 'xmllint' to check XML markup files
[66.085s] -- Configuring done
[66.106s] -- Generating done
[66.111s] -- Build files have been written to: /home/zy/ws/build/mbot_pkg
[66.122s] Invoked command in '/home/zy/ws/build/mbot_pkg' returned '0': CMAKE_PREFIX_PATH=/home/zy/ws/install/mbot_interface:/home/zy/ws/install/mbot_pkg:/home/zy/ws/install/control:/opt/ros/humble /usr/bin/cmake /home/zy/ws/src/mbot_pkg -DCMAKE_INSTALL_PREFIX=/home/zy/ws/install/mbot_pkg
[66.122s] Invoking command in '/home/zy/ws/build/mbot_pkg': CMAKE_PREFIX_PATH=/home/zy/ws/install/mbot_interface:/home/zy/ws/install/mbot_pkg:/home/zy/ws/install/control:/opt/ros/humble /usr/bin/cmake --build /home/zy/ws/build/mbot_pkg -- -j32 -l32
[66.160s] [ 50%] [32mBuilding CXX object CMakeFiles/mbot_manager.dir/src/mbot_manager.cpp.o[0m
[71.567s] [100%] [32m[1mLinking CXX executable mbot_manager[0m
[72.144s] [100%] Built target mbot_manager
[72.197s] Invoked command in '/home/zy/ws/build/mbot_pkg' returned '0': CMAKE_PREFIX_PATH=/home/zy/ws/install/mbot_interface:/home/zy/ws/install/mbot_pkg:/home/zy/ws/install/control:/opt/ros/humble /usr/bin/cmake --build /home/zy/ws/build/mbot_pkg -- -j32 -l32
[72.205s] Invoking command in '/home/zy/ws/build/mbot_pkg': CMAKE_PREFIX_PATH=/home/zy/ws/install/mbot_interface:/home/zy/ws/install/mbot_pkg:/home/zy/ws/install/control:/opt/ros/humble /usr/bin/cmake --install /home/zy/ws/build/mbot_pkg
[72.210s] -- Install configuration: ""
[72.210s] -- Installing: /home/zy/ws/install/mbot_pkg/lib/mbot_pkg/mbot_manager
[72.213s] -- Set runtime path of "/home/zy/ws/install/mbot_pkg/lib/mbot_pkg/mbot_manager" to ""
[72.213s] -- Installing: /home/zy/ws/install/mbot_pkg/share/mbot_pkg/launch
[72.213s] -- Installing: /home/zy/ws/install/mbot_pkg/share/mbot_pkg/launch/mbot.launch.py
[72.213s] -- Installing: /home/zy/ws/install/mbot_pkg/share/mbot_pkg/urdf
[72.213s] -- Installing: /home/zy/ws/install/mbot_pkg/share/mbot_pkg/urdf/mbot_gazebo.urdf.xacro
[72.214s] -- Installing: /home/zy/ws/install/mbot_pkg/share/mbot_pkg/urdf/test.urdf
[72.214s] -- Installing: /home/zy/ws/install/mbot_pkg/share/mbot_pkg/urdf/mbot_base.urdf.xacro
[72.214s] -- Installing: /home/zy/ws/install/mbot_pkg/share/mbot_pkg/worlds
[72.215s] -- Installing: /home/zy/ws/install/mbot_pkg/share/mbot_pkg/worlds/empty_world.world
[72.216s] -- Installing: /home/zy/ws/install/mbot_pkg/share/ament_index/resource_index/package_run_dependencies/mbot_pkg
[72.216s] -- Installing: /home/zy/ws/install/mbot_pkg/share/ament_index/resource_index/parent_prefix_path/mbot_pkg
[72.217s] -- Installing: /home/zy/ws/install/mbot_pkg/share/mbot_pkg/environment/ament_prefix_path.sh
[72.217s] -- Installing: /home/zy/ws/install/mbot_pkg/share/mbot_pkg/environment/ament_prefix_path.dsv
[72.217s] -- Installing: /home/zy/ws/install/mbot_pkg/share/mbot_pkg/environment/path.sh
[72.217s] -- Installing: /home/zy/ws/install/mbot_pkg/share/mbot_pkg/environment/path.dsv
[72.217s] -- Installing: /home/zy/ws/install/mbot_pkg/share/mbot_pkg/local_setup.bash
[72.217s] -- Installing: /home/zy/ws/install/mbot_pkg/share/mbot_pkg/local_setup.sh
[72.217s] -- Installing: /home/zy/ws/install/mbot_pkg/share/mbot_pkg/local_setup.zsh
[72.217s] -- Installing: /home/zy/ws/install/mbot_pkg/share/mbot_pkg/local_setup.dsv
[72.218s] -- Installing: /home/zy/ws/install/mbot_pkg/share/mbot_pkg/package.dsv
[72.218s] -- Installing: /home/zy/ws/install/mbot_pkg/share/ament_index/resource_index/packages/mbot_pkg
[72.218s] -- Installing: /home/zy/ws/install/mbot_pkg/share/mbot_pkg/cmake/mbot_pkgConfig.cmake
[72.218s] -- Installing: /home/zy/ws/install/mbot_pkg/share/mbot_pkg/cmake/mbot_pkgConfig-version.cmake
[72.218s] -- Installing: /home/zy/ws/install/mbot_pkg/share/mbot_pkg/package.xml
[72.220s] Invoked command in '/home/zy/ws/build/mbot_pkg' returned '0': CMAKE_PREFIX_PATH=/home/zy/ws/install/mbot_interface:/home/zy/ws/install/mbot_pkg:/home/zy/ws/install/control:/opt/ros/humble /usr/bin/cmake --install /home/zy/ws/build/mbot_pkg
