-- Found ament_cmake: 1.3.11 (/opt/ros/humble/share/ament_cmake/cmake)
-- Found rosidl_default_generators: 1.2.0 (/opt/ros/humble/share/rosidl_default_generators/cmake)
-- Using all available rosidl_typesupport_c: rosidl_typesupport_fastrtps_c;rosidl_typesupport_introspection_c
-- Found rosidl_adapter: 3.1.6 (/opt/ros/humble/share/rosidl_adapter/cmake)
-- Using all available rosidl_typesupport_cpp: rosidl_typesupport_fastrtps_cpp;rosidl_typesupport_introspection_cpp
-- Found ament_cmake_ros: 0.10.0 (/opt/ros/humble/share/ament_cmake_ros/cmake)
-- Using all available rosidl_typesupport_c: rosidl_typesupport_fastrtps_c;rosidl_typesupport_introspection_c
-- Using all available rosidl_typesupport_cpp: rosidl_typesupport_fastrtps_cpp;rosidl_typesupport_introspection_cpp
-- Found PythonInterp: /usr/bin/python3 (found suitable version "3.10.12", minimum required is "3.6") 
-- Found python_cmake_module: 0.10.0 (/opt/ros/humble/share/python_cmake_module/cmake)
-- Found PythonLibs: /usr/lib/x86_64-linux-gnu/libpython3.10.so (found suitable version "3.10.12", minimum required is "3.5") 
-- Using PYTHON_EXECUTABLE: /usr/bin/python3
-- Using PYTHON_INCLUDE_DIRS: /usr/include/python3.10
-- Using PYTHON_LIBRARIES: /usr/lib/x86_64-linux-gnu/libpython3.10.so
-- Found PythonExtra: .so  
-- Found ament_lint_auto: 0.12.12 (/opt/ros/humble/share/ament_lint_auto/cmake)
-- Added test 'lint_cmake' to check CMake code style
-- Added test 'xmllint' to check XML markup files
-- Configuring done
-- Generating done
-- Build files have been written to: /home/zy/ws/build/mbot_interface
[  3%] [34m[1mGenerating C code for ROS interfaces[0m
[  6%] [34m[1mGenerating C++ code for ROS interfaces[0m
[  6%] Built target ament_cmake_python_copy_mbot_interface
running egg_info
creating mbot_interface.egg-info
writing mbot_interface.egg-info/PKG-INFO
writing dependency_links to mbot_interface.egg-info/dependency_links.txt
writing top-level names to mbot_interface.egg-info/top_level.txt
writing manifest file 'mbot_interface.egg-info/SOURCES.txt'
[  6%] Built target mbot_interface__cpp
reading manifest file 'mbot_interface.egg-info/SOURCES.txt'
writing manifest file 'mbot_interface.egg-info/SOURCES.txt'
[  9%] [34m[1mGenerating C++ type support for eProsima Fast-RTPS[0m
[ 12%] [34m[1mGenerating C++ type support dispatch for ROS interfaces[0m
[ 16%] [34m[1mGenerating C++ introspection for ROS interfaces[0m
[ 19%] [32mBuilding C object CMakeFiles/mbot_interface__rosidl_generator_c.dir/rosidl_generator_c/mbot_interface/msg/detail/person__functions.c.o[0m
[ 19%] Built target ament_cmake_python_build_mbot_interface_egg
[ 22%] [32m[1mLinking C shared library libmbot_interface__rosidl_generator_c.so[0m
[ 25%] [32mBuilding CXX object CMakeFiles/mbot_interface__rosidl_typesupport_cpp.dir/rosidl_typesupport_cpp/mbot_interface/msg/person__type_support.cpp.o[0m
[ 29%] [32mBuilding CXX object CMakeFiles/mbot_interface__rosidl_typesupport_introspection_cpp.dir/rosidl_typesupport_introspection_cpp/mbot_interface/msg/detail/person__type_support.cpp.o[0m
[ 32%] [32mBuilding CXX object CMakeFiles/mbot_interface__rosidl_typesupport_fastrtps_cpp.dir/rosidl_typesupport_fastrtps_cpp/mbot_interface/msg/detail/dds_fastrtps/person__type_support.cpp.o[0m
[ 32%] Built target mbot_interface__rosidl_generator_c
[ 35%] [34m[1mGenerating C type support for eProsima Fast-RTPS[0m
[ 38%] [34m[1mGenerating C type support dispatch for ROS interfaces[0m
[ 41%] [34m[1mGenerating C introspection for ROS interfaces[0m
[ 45%] [32mBuilding CXX object CMakeFiles/mbot_interface__rosidl_typesupport_c.dir/rosidl_typesupport_c/mbot_interface/msg/person__type_support.cpp.o[0m
[ 48%] [32m[1mLinking CXX shared library libmbot_interface__rosidl_typesupport_cpp.so[0m
[ 51%] [32mBuilding CXX object CMakeFiles/mbot_interface__rosidl_typesupport_fastrtps_c.dir/rosidl_typesupport_fastrtps_c/mbot_interface/msg/detail/person__type_support_c.cpp.o[0m
[ 54%] [32mBuilding C object CMakeFiles/mbot_interface__rosidl_typesupport_introspection_c.dir/rosidl_typesupport_introspection_c/mbot_interface/msg/detail/person__type_support.c.o[0m
[ 58%] [32m[1mLinking CXX shared library libmbot_interface__rosidl_typesupport_c.so[0m
[ 61%] [32m[1mLinking C shared library libmbot_interface__rosidl_typesupport_introspection_c.so[0m
[ 64%] [32m[1mLinking CXX shared library libmbot_interface__rosidl_typesupport_introspection_cpp.so[0m
[ 67%] [32m[1mLinking CXX shared library libmbot_interface__rosidl_typesupport_fastrtps_cpp.so[0m
[ 67%] Built target mbot_interface__rosidl_typesupport_cpp
[ 67%] Built target mbot_interface__rosidl_typesupport_c
[ 67%] Built target mbot_interface__rosidl_typesupport_introspection_c
[ 70%] [32m[1mLinking CXX shared library libmbot_interface__rosidl_typesupport_fastrtps_c.so[0m
[ 70%] Built target mbot_interface__rosidl_typesupport_introspection_cpp
[ 70%] Built target mbot_interface__rosidl_typesupport_fastrtps_cpp
[ 70%] Built target mbot_interface__rosidl_typesupport_fastrtps_c
[ 70%] Built target mbot_interface
[ 74%] [34m[1mGenerating Python code for ROS interfaces[0m
[ 74%] Built target mbot_interface__py
[ 77%] [32mBuilding C object CMakeFiles/mbot_interface__rosidl_generator_py.dir/rosidl_generator_py/mbot_interface/msg/_person_s.c.o[0m
[ 80%] [32m[1mLinking C shared library rosidl_generator_py/mbot_interface/libmbot_interface__rosidl_generator_py.so[0m
[ 80%] Built target mbot_interface__rosidl_generator_py
[ 83%] [32mBuilding C object CMakeFiles/mbot_interface__rosidl_typesupport_fastrtps_c__pyext.dir/rosidl_generator_py/mbot_interface/_mbot_interface_s.ep.rosidl_typesupport_fastrtps_c.c.o[0m
[ 87%] [32mBuilding C object CMakeFiles/mbot_interface__rosidl_typesupport_introspection_c__pyext.dir/rosidl_generator_py/mbot_interface/_mbot_interface_s.ep.rosidl_typesupport_introspection_c.c.o[0m
[ 90%] [32mBuilding C object CMakeFiles/mbot_interface__rosidl_typesupport_c__pyext.dir/rosidl_generator_py/mbot_interface/_mbot_interface_s.ep.rosidl_typesupport_c.c.o[0m
[ 96%] [32m[1mLinking C shared library rosidl_generator_py/mbot_interface/mbot_interface_s__rosidl_typesupport_c.cpython-310-x86_64-linux-gnu.so[0m
[ 96%] [32m[1mLinking C shared library rosidl_generator_py/mbot_interface/mbot_interface_s__rosidl_typesupport_fastrtps_c.cpython-310-x86_64-linux-gnu.so[0m
[100%] [32m[1mLinking C shared library rosidl_generator_py/mbot_interface/mbot_interface_s__rosidl_typesupport_introspection_c.cpython-310-x86_64-linux-gnu.so[0m
[100%] Built target mbot_interface__rosidl_typesupport_c__pyext
[100%] Built target mbot_interface__rosidl_typesupport_introspection_c__pyext
[100%] Built target mbot_interface__rosidl_typesupport_fastrtps_c__pyext
-- Install configuration: ""
-- Installing: /home/zy/ws/install/mbot_interface/share/ament_index/resource_index/rosidl_interfaces/mbot_interface
-- Installing: /home/zy/ws/install/mbot_interface/include/mbot_interface/mbot_interface
-- Installing: /home/zy/ws/install/mbot_interface/include/mbot_interface/mbot_interface/msg
-- Installing: /home/zy/ws/install/mbot_interface/include/mbot_interface/mbot_interface/msg/person.h
-- Installing: /home/zy/ws/install/mbot_interface/include/mbot_interface/mbot_interface/msg/rosidl_generator_c__visibility_control.h
-- Installing: /home/zy/ws/install/mbot_interface/include/mbot_interface/mbot_interface/msg/detail
-- Installing: /home/zy/ws/install/mbot_interface/include/mbot_interface/mbot_interface/msg/detail/person__functions.h
-- Installing: /home/zy/ws/install/mbot_interface/include/mbot_interface/mbot_interface/msg/detail/person__struct.h
-- Installing: /home/zy/ws/install/mbot_interface/include/mbot_interface/mbot_interface/msg/detail/person__type_support.h
-- Installing: /home/zy/ws/install/mbot_interface/include/mbot_interface/mbot_interface/msg/detail/person__functions.c
-- Installing: /home/zy/ws/install/mbot_interface/share/mbot_interface/environment/library_path.sh
-- Installing: /home/zy/ws/install/mbot_interface/share/mbot_interface/environment/library_path.dsv
-- Installing: /home/zy/ws/install/mbot_interface/lib/libmbot_interface__rosidl_generator_c.so
-- Set runtime path of "/home/zy/ws/install/mbot_interface/lib/libmbot_interface__rosidl_generator_c.so" to ""
-- Up-to-date: /home/zy/ws/install/mbot_interface/include/mbot_interface/mbot_interface
-- Up-to-date: /home/zy/ws/install/mbot_interface/include/mbot_interface/mbot_interface/msg
-- Installing: /home/zy/ws/install/mbot_interface/include/mbot_interface/mbot_interface/msg/rosidl_typesupport_fastrtps_c__visibility_control.h
-- Up-to-date: /home/zy/ws/install/mbot_interface/include/mbot_interface/mbot_interface/msg/detail
-- Installing: /home/zy/ws/install/mbot_interface/include/mbot_interface/mbot_interface/msg/detail/person__rosidl_typesupport_fastrtps_c.h
-- Installing: /home/zy/ws/install/mbot_interface/lib/libmbot_interface__rosidl_typesupport_fastrtps_c.so
-- Set runtime path of "/home/zy/ws/install/mbot_interface/lib/libmbot_interface__rosidl_typesupport_fastrtps_c.so" to ""
-- Up-to-date: /home/zy/ws/install/mbot_interface/include/mbot_interface/mbot_interface
-- Up-to-date: /home/zy/ws/install/mbot_interface/include/mbot_interface/mbot_interface/msg
-- Installing: /home/zy/ws/install/mbot_interface/include/mbot_interface/mbot_interface/msg/rosidl_typesupport_introspection_c__visibility_control.h
-- Up-to-date: /home/zy/ws/install/mbot_interface/include/mbot_interface/mbot_interface/msg/detail
-- Installing: /home/zy/ws/install/mbot_interface/include/mbot_interface/mbot_interface/msg/detail/person__rosidl_typesupport_introspection_c.h
-- Installing: /home/zy/ws/install/mbot_interface/include/mbot_interface/mbot_interface/msg/detail/person__type_support.c
-- Installing: /home/zy/ws/install/mbot_interface/lib/libmbot_interface__rosidl_typesupport_introspection_c.so
-- Set runtime path of "/home/zy/ws/install/mbot_interface/lib/libmbot_interface__rosidl_typesupport_introspection_c.so" to ""
-- Installing: /home/zy/ws/install/mbot_interface/lib/libmbot_interface__rosidl_typesupport_c.so
-- Set runtime path of "/home/zy/ws/install/mbot_interface/lib/libmbot_interface__rosidl_typesupport_c.so" to ""
-- Up-to-date: /home/zy/ws/install/mbot_interface/include/mbot_interface/mbot_interface
-- Up-to-date: /home/zy/ws/install/mbot_interface/include/mbot_interface/mbot_interface/msg
-- Installing: /home/zy/ws/install/mbot_interface/include/mbot_interface/mbot_interface/msg/rosidl_generator_cpp__visibility_control.hpp
-- Installing: /home/zy/ws/install/mbot_interface/include/mbot_interface/mbot_interface/msg/person.hpp
-- Up-to-date: /home/zy/ws/install/mbot_interface/include/mbot_interface/mbot_interface/msg/detail
-- Installing: /home/zy/ws/install/mbot_interface/include/mbot_interface/mbot_interface/msg/detail/person__builder.hpp
-- Installing: /home/zy/ws/install/mbot_interface/include/mbot_interface/mbot_interface/msg/detail/person__traits.hpp
-- Installing: /home/zy/ws/install/mbot_interface/include/mbot_interface/mbot_interface/msg/detail/person__type_support.hpp
-- Installing: /home/zy/ws/install/mbot_interface/include/mbot_interface/mbot_interface/msg/detail/person__struct.hpp
-- Up-to-date: /home/zy/ws/install/mbot_interface/include/mbot_interface/mbot_interface
-- Up-to-date: /home/zy/ws/install/mbot_interface/include/mbot_interface/mbot_interface/msg
-- Installing: /home/zy/ws/install/mbot_interface/include/mbot_interface/mbot_interface/msg/rosidl_typesupport_fastrtps_cpp__visibility_control.h
-- Up-to-date: /home/zy/ws/install/mbot_interface/include/mbot_interface/mbot_interface/msg/detail
-- Installing: /home/zy/ws/install/mbot_interface/include/mbot_interface/mbot_interface/msg/detail/dds_fastrtps
-- Installing: /home/zy/ws/install/mbot_interface/include/mbot_interface/mbot_interface/msg/detail/person__rosidl_typesupport_fastrtps_cpp.hpp
-- Installing: /home/zy/ws/install/mbot_interface/lib/libmbot_interface__rosidl_typesupport_fastrtps_cpp.so
-- Set runtime path of "/home/zy/ws/install/mbot_interface/lib/libmbot_interface__rosidl_typesupport_fastrtps_cpp.so" to ""
-- Up-to-date: /home/zy/ws/install/mbot_interface/include/mbot_interface/mbot_interface
-- Up-to-date: /home/zy/ws/install/mbot_interface/include/mbot_interface/mbot_interface/msg
-- Up-to-date: /home/zy/ws/install/mbot_interface/include/mbot_interface/mbot_interface/msg/detail
-- Installing: /home/zy/ws/install/mbot_interface/include/mbot_interface/mbot_interface/msg/detail/person__rosidl_typesupport_introspection_cpp.hpp
-- Installing: /home/zy/ws/install/mbot_interface/include/mbot_interface/mbot_interface/msg/detail/person__type_support.cpp
-- Installing: /home/zy/ws/install/mbot_interface/lib/libmbot_interface__rosidl_typesupport_introspection_cpp.so
-- Set runtime path of "/home/zy/ws/install/mbot_interface/lib/libmbot_interface__rosidl_typesupport_introspection_cpp.so" to ""
-- Installing: /home/zy/ws/install/mbot_interface/lib/libmbot_interface__rosidl_typesupport_cpp.so
-- Set runtime path of "/home/zy/ws/install/mbot_interface/lib/libmbot_interface__rosidl_typesupport_cpp.so" to ""
-- Installing: /home/zy/ws/install/mbot_interface/share/mbot_interface/environment/pythonpath.sh
-- Installing: /home/zy/ws/install/mbot_interface/share/mbot_interface/environment/pythonpath.dsv
-- Installing: /home/zy/ws/install/mbot_interface/local/lib/python3.10/dist-packages/mbot_interface-0.0.0-py3.10.egg-info
-- Installing: /home/zy/ws/install/mbot_interface/local/lib/python3.10/dist-packages/mbot_interface-0.0.0-py3.10.egg-info/top_level.txt
-- Installing: /home/zy/ws/install/mbot_interface/local/lib/python3.10/dist-packages/mbot_interface-0.0.0-py3.10.egg-info/SOURCES.txt
-- Installing: /home/zy/ws/install/mbot_interface/local/lib/python3.10/dist-packages/mbot_interface-0.0.0-py3.10.egg-info/dependency_links.txt
-- Installing: /home/zy/ws/install/mbot_interface/local/lib/python3.10/dist-packages/mbot_interface-0.0.0-py3.10.egg-info/PKG-INFO
-- Installing: /home/zy/ws/install/mbot_interface/local/lib/python3.10/dist-packages/mbot_interface
-- Installing: /home/zy/ws/install/mbot_interface/local/lib/python3.10/dist-packages/mbot_interface/_mbot_interface_s.ep.rosidl_typesupport_introspection_c.c
-- Installing: /home/zy/ws/install/mbot_interface/local/lib/python3.10/dist-packages/mbot_interface/mbot_interface_s__rosidl_typesupport_fastrtps_c.cpython-310-x86_64-linux-gnu.so
-- Installing: /home/zy/ws/install/mbot_interface/local/lib/python3.10/dist-packages/mbot_interface/_mbot_interface_s.ep.rosidl_typesupport_c.c
-- Installing: /home/zy/ws/install/mbot_interface/local/lib/python3.10/dist-packages/mbot_interface/mbot_interface_s__rosidl_typesupport_c.cpython-310-x86_64-linux-gnu.so
-- Installing: /home/zy/ws/install/mbot_interface/local/lib/python3.10/dist-packages/mbot_interface/msg
-- Installing: /home/zy/ws/install/mbot_interface/local/lib/python3.10/dist-packages/mbot_interface/msg/__init__.py
-- Installing: /home/zy/ws/install/mbot_interface/local/lib/python3.10/dist-packages/mbot_interface/msg/_person_s.c
-- Installing: /home/zy/ws/install/mbot_interface/local/lib/python3.10/dist-packages/mbot_interface/msg/_person.py
-- Installing: /home/zy/ws/install/mbot_interface/local/lib/python3.10/dist-packages/mbot_interface/mbot_interface_s__rosidl_typesupport_introspection_c.cpython-310-x86_64-linux-gnu.so
-- Installing: /home/zy/ws/install/mbot_interface/local/lib/python3.10/dist-packages/mbot_interface/__init__.py
-- Installing: /home/zy/ws/install/mbot_interface/local/lib/python3.10/dist-packages/mbot_interface/_mbot_interface_s.ep.rosidl_typesupport_fastrtps_c.c
-- Installing: /home/zy/ws/install/mbot_interface/local/lib/python3.10/dist-packages/mbot_interface/libmbot_interface__rosidl_generator_py.so
Listing '/home/zy/ws/install/mbot_interface/local/lib/python3.10/dist-packages/mbot_interface'...
Compiling '/home/zy/ws/install/mbot_interface/local/lib/python3.10/dist-packages/mbot_interface/__init__.py'...
Listing '/home/zy/ws/install/mbot_interface/local/lib/python3.10/dist-packages/mbot_interface/msg'...
Compiling '/home/zy/ws/install/mbot_interface/local/lib/python3.10/dist-packages/mbot_interface/msg/__init__.py'...
Compiling '/home/zy/ws/install/mbot_interface/local/lib/python3.10/dist-packages/mbot_interface/msg/_person.py'...
-- Installing: /home/zy/ws/install/mbot_interface/local/lib/python3.10/dist-packages/mbot_interface/mbot_interface_s__rosidl_typesupport_fastrtps_c.cpython-310-x86_64-linux-gnu.so
-- Set runtime path of "/home/zy/ws/install/mbot_interface/local/lib/python3.10/dist-packages/mbot_interface/mbot_interface_s__rosidl_typesupport_fastrtps_c.cpython-310-x86_64-linux-gnu.so" to ""
-- Installing: /home/zy/ws/install/mbot_interface/local/lib/python3.10/dist-packages/mbot_interface/mbot_interface_s__rosidl_typesupport_introspection_c.cpython-310-x86_64-linux-gnu.so
-- Set runtime path of "/home/zy/ws/install/mbot_interface/local/lib/python3.10/dist-packages/mbot_interface/mbot_interface_s__rosidl_typesupport_introspection_c.cpython-310-x86_64-linux-gnu.so" to ""
-- Installing: /home/zy/ws/install/mbot_interface/local/lib/python3.10/dist-packages/mbot_interface/mbot_interface_s__rosidl_typesupport_c.cpython-310-x86_64-linux-gnu.so
-- Set runtime path of "/home/zy/ws/install/mbot_interface/local/lib/python3.10/dist-packages/mbot_interface/mbot_interface_s__rosidl_typesupport_c.cpython-310-x86_64-linux-gnu.so" to ""
-- Installing: /home/zy/ws/install/mbot_interface/lib/libmbot_interface__rosidl_generator_py.so
-- Set runtime path of "/home/zy/ws/install/mbot_interface/lib/libmbot_interface__rosidl_generator_py.so" to ""
-- Installing: /home/zy/ws/install/mbot_interface/share/mbot_interface/msg/Person.idl
-- Installing: /home/zy/ws/install/mbot_interface/share/mbot_interface/msg/Person.msg
-- Up-to-date: /home/zy/ws/install/mbot_interface/share/mbot_interface/msg
-- Up-to-date: /home/zy/ws/install/mbot_interface/share/mbot_interface/msg/Person.msg
-- Installing: /home/zy/ws/install/mbot_interface/share/ament_index/resource_index/package_run_dependencies/mbot_interface
-- Installing: /home/zy/ws/install/mbot_interface/share/ament_index/resource_index/parent_prefix_path/mbot_interface
-- Installing: /home/zy/ws/install/mbot_interface/share/mbot_interface/environment/ament_prefix_path.sh
-- Installing: /home/zy/ws/install/mbot_interface/share/mbot_interface/environment/ament_prefix_path.dsv
-- Installing: /home/zy/ws/install/mbot_interface/share/mbot_interface/environment/path.sh
-- Installing: /home/zy/ws/install/mbot_interface/share/mbot_interface/environment/path.dsv
-- Installing: /home/zy/ws/install/mbot_interface/share/mbot_interface/local_setup.bash
-- Installing: /home/zy/ws/install/mbot_interface/share/mbot_interface/local_setup.sh
-- Installing: /home/zy/ws/install/mbot_interface/share/mbot_interface/local_setup.zsh
-- Installing: /home/zy/ws/install/mbot_interface/share/mbot_interface/local_setup.dsv
-- Installing: /home/zy/ws/install/mbot_interface/share/mbot_interface/package.dsv
-- Installing: /home/zy/ws/install/mbot_interface/share/ament_index/resource_index/packages/mbot_interface
-- Installing: /home/zy/ws/install/mbot_interface/share/mbot_interface/cmake/export_mbot_interface__rosidl_generator_cExport.cmake
-- Installing: /home/zy/ws/install/mbot_interface/share/mbot_interface/cmake/export_mbot_interface__rosidl_generator_cExport-noconfig.cmake
-- Installing: /home/zy/ws/install/mbot_interface/share/mbot_interface/cmake/export_mbot_interface__rosidl_typesupport_fastrtps_cExport.cmake
-- Installing: /home/zy/ws/install/mbot_interface/share/mbot_interface/cmake/export_mbot_interface__rosidl_typesupport_fastrtps_cExport-noconfig.cmake
-- Installing: /home/zy/ws/install/mbot_interface/share/mbot_interface/cmake/mbot_interface__rosidl_typesupport_introspection_cExport.cmake
-- Installing: /home/zy/ws/install/mbot_interface/share/mbot_interface/cmake/mbot_interface__rosidl_typesupport_introspection_cExport-noconfig.cmake
-- Installing: /home/zy/ws/install/mbot_interface/share/mbot_interface/cmake/mbot_interface__rosidl_typesupport_cExport.cmake
-- Installing: /home/zy/ws/install/mbot_interface/share/mbot_interface/cmake/mbot_interface__rosidl_typesupport_cExport-noconfig.cmake
-- Installing: /home/zy/ws/install/mbot_interface/share/mbot_interface/cmake/export_mbot_interface__rosidl_generator_cppExport.cmake
-- Installing: /home/zy/ws/install/mbot_interface/share/mbot_interface/cmake/export_mbot_interface__rosidl_typesupport_fastrtps_cppExport.cmake
-- Installing: /home/zy/ws/install/mbot_interface/share/mbot_interface/cmake/export_mbot_interface__rosidl_typesupport_fastrtps_cppExport-noconfig.cmake
-- Installing: /home/zy/ws/install/mbot_interface/share/mbot_interface/cmake/mbot_interface__rosidl_typesupport_introspection_cppExport.cmake
-- Installing: /home/zy/ws/install/mbot_interface/share/mbot_interface/cmake/mbot_interface__rosidl_typesupport_introspection_cppExport-noconfig.cmake
-- Installing: /home/zy/ws/install/mbot_interface/share/mbot_interface/cmake/mbot_interface__rosidl_typesupport_cppExport.cmake
-- Installing: /home/zy/ws/install/mbot_interface/share/mbot_interface/cmake/mbot_interface__rosidl_typesupport_cppExport-noconfig.cmake
-- Installing: /home/zy/ws/install/mbot_interface/share/mbot_interface/cmake/export_mbot_interface__rosidl_generator_pyExport.cmake
-- Installing: /home/zy/ws/install/mbot_interface/share/mbot_interface/cmake/export_mbot_interface__rosidl_generator_pyExport-noconfig.cmake
-- Installing: /home/zy/ws/install/mbot_interface/share/mbot_interface/cmake/rosidl_cmake-extras.cmake
-- Installing: /home/zy/ws/install/mbot_interface/share/mbot_interface/cmake/ament_cmake_export_include_directories-extras.cmake
-- Installing: /home/zy/ws/install/mbot_interface/share/mbot_interface/cmake/ament_cmake_export_libraries-extras.cmake
-- Installing: /home/zy/ws/install/mbot_interface/share/mbot_interface/cmake/ament_cmake_export_targets-extras.cmake
-- Installing: /home/zy/ws/install/mbot_interface/share/mbot_interface/cmake/rosidl_cmake_export_typesupport_targets-extras.cmake
-- Installing: /home/zy/ws/install/mbot_interface/share/mbot_interface/cmake/ament_cmake_export_dependencies-extras.cmake
-- Installing: /home/zy/ws/install/mbot_interface/share/mbot_interface/cmake/rosidl_cmake_export_typesupport_libraries-extras.cmake
-- Installing: /home/zy/ws/install/mbot_interface/share/mbot_interface/cmake/mbot_interfaceConfig.cmake
-- Installing: /home/zy/ws/install/mbot_interface/share/mbot_interface/cmake/mbot_interfaceConfig-version.cmake
-- Installing: /home/zy/ws/install/mbot_interface/share/mbot_interface/package.xml
