[0.009s] Invoking command in '/home/zy/ws/build/mbot_interface': CMAKE_PREFIX_PATH=/opt/ros/humble /usr/bin/cmake /home/zy/ws/src/mbot_interface -DCMAKE_INSTALL_PREFIX=/home/zy/ws/install/mbot_interface
[0.016s] -- Found ament_cmake: 1.3.11 (/opt/ros/humble/share/ament_cmake/cmake)
[0.079s] -- Found rosidl_default_generators: 1.2.0 (/opt/ros/humble/share/rosidl_default_generators/cmake)
[0.080s] -- Using all available rosidl_typesupport_c: rosidl_typesupport_fastrtps_c;rosidl_typesupport_introspection_c
[0.081s] -- Found rosidl_adapter: 3.1.6 (/opt/ros/humble/share/rosidl_adapter/cmake)
[0.172s] -- Using all available rosidl_typesupport_cpp: rosidl_typesupport_fastrtps_cpp;rosidl_typesupport_introspection_cpp
[0.322s] -- Found ament_cmake_ros: 0.10.0 (/opt/ros/humble/share/ament_cmake_ros/cmake)
[0.427s] -- Using all available rosidl_typesupport_c: rosidl_typesupport_fastrtps_c;rosidl_typesupport_introspection_c
[0.611s] -- Using all available rosidl_typesupport_cpp: rosidl_typesupport_fastrtps_cpp;rosidl_typesupport_introspection_cpp
[0.722s] -- Found PythonInterp: /usr/bin/python3 (found suitable version "3.10.12", minimum required is "3.6") 
[0.723s] -- Found python_cmake_module: 0.10.0 (/opt/ros/humble/share/python_cmake_module/cmake)
[0.999s] -- Found PythonLibs: /usr/lib/x86_64-linux-gnu/libpython3.10.so (found suitable version "3.10.12", minimum required is "3.5") 
[0.999s] -- Using PYTHON_EXECUTABLE: /usr/bin/python3
[0.999s] -- Using PYTHON_INCLUDE_DIRS: /usr/include/python3.10
[0.999s] -- Using PYTHON_LIBRARIES: /usr/lib/x86_64-linux-gnu/libpython3.10.so
[1.010s] -- Found PythonExtra: .so  
[1.059s] -- Found ament_lint_auto: 0.12.12 (/opt/ros/humble/share/ament_lint_auto/cmake)
[1.080s] -- Added test 'lint_cmake' to check CMake code style
[1.081s] -- Added test 'xmllint' to check XML markup files
[1.084s] -- Configuring done
[1.108s] -- Generating done
[1.113s] -- Build files have been written to: /home/zy/ws/build/mbot_interface
[1.118s] Invoked command in '/home/zy/ws/build/mbot_interface' returned '0': CMAKE_PREFIX_PATH=/opt/ros/humble /usr/bin/cmake /home/zy/ws/src/mbot_interface -DCMAKE_INSTALL_PREFIX=/home/zy/ws/install/mbot_interface
[1.120s] Invoking command in '/home/zy/ws/build/mbot_interface': CMAKE_PREFIX_PATH=/opt/ros/humble /usr/bin/cmake --build /home/zy/ws/build/mbot_interface -- -j32 -l32
[1.141s] [  3%] [34m[1mGenerating C code for ROS interfaces[0m
[1.148s] [  6%] [34m[1mGenerating C++ code for ROS interfaces[0m
[1.154s] [  6%] Built target ament_cmake_python_copy_mbot_interface
[1.294s] running egg_info
[1.295s] creating mbot_interface.egg-info
[1.295s] writing mbot_interface.egg-info/PKG-INFO
[1.295s] writing dependency_links to mbot_interface.egg-info/dependency_links.txt
[1.295s] writing top-level names to mbot_interface.egg-info/top_level.txt
[1.296s] writing manifest file 'mbot_interface.egg-info/SOURCES.txt'
[1.296s] [  6%] Built target mbot_interface__cpp
[1.301s] reading manifest file 'mbot_interface.egg-info/SOURCES.txt'
[1.302s] writing manifest file 'mbot_interface.egg-info/SOURCES.txt'
[1.305s] [  9%] [34m[1mGenerating C++ type support for eProsima Fast-RTPS[0m
[1.305s] [ 12%] [34m[1mGenerating C++ type support dispatch for ROS interfaces[0m
[1.305s] [ 16%] [34m[1mGenerating C++ introspection for ROS interfaces[0m
[1.306s] [ 19%] [32mBuilding C object CMakeFiles/mbot_interface__rosidl_generator_c.dir/rosidl_generator_c/mbot_interface/msg/detail/person__functions.c.o[0m
[1.324s] [ 19%] Built target ament_cmake_python_build_mbot_interface_egg
[1.388s] [ 22%] [32m[1mLinking C shared library libmbot_interface__rosidl_generator_c.so[0m
[1.450s] [ 25%] [32mBuilding CXX object CMakeFiles/mbot_interface__rosidl_typesupport_cpp.dir/rosidl_typesupport_cpp/mbot_interface/msg/person__type_support.cpp.o[0m
[1.462s] [ 29%] [32mBuilding CXX object CMakeFiles/mbot_interface__rosidl_typesupport_introspection_cpp.dir/rosidl_typesupport_introspection_cpp/mbot_interface/msg/detail/person__type_support.cpp.o[0m
[1.468s] [ 32%] [32mBuilding CXX object CMakeFiles/mbot_interface__rosidl_typesupport_fastrtps_cpp.dir/rosidl_typesupport_fastrtps_cpp/mbot_interface/msg/detail/dds_fastrtps/person__type_support.cpp.o[0m
[1.512s] [ 32%] Built target mbot_interface__rosidl_generator_c
[1.519s] [ 35%] [34m[1mGenerating C type support for eProsima Fast-RTPS[0m
[1.520s] [ 38%] [34m[1mGenerating C type support dispatch for ROS interfaces[0m
[1.520s] [ 41%] [34m[1mGenerating C introspection for ROS interfaces[0m
[1.676s] [ 45%] [32mBuilding CXX object CMakeFiles/mbot_interface__rosidl_typesupport_c.dir/rosidl_typesupport_c/mbot_interface/msg/person__type_support.cpp.o[0m
[1.682s] [ 48%] [32m[1mLinking CXX shared library libmbot_interface__rosidl_typesupport_cpp.so[0m
[1.693s] [ 51%] [32mBuilding CXX object CMakeFiles/mbot_interface__rosidl_typesupport_fastrtps_c.dir/rosidl_typesupport_fastrtps_c/mbot_interface/msg/detail/person__type_support_c.cpp.o[0m
[1.694s] [ 54%] [32mBuilding C object CMakeFiles/mbot_interface__rosidl_typesupport_introspection_c.dir/rosidl_typesupport_introspection_c/mbot_interface/msg/detail/person__type_support.c.o[0m
[1.700s] [ 58%] [32m[1mLinking CXX shared library libmbot_interface__rosidl_typesupport_c.so[0m
[1.721s] [ 61%] [32m[1mLinking C shared library libmbot_interface__rosidl_typesupport_introspection_c.so[0m
[1.768s] [ 64%] [32m[1mLinking CXX shared library libmbot_interface__rosidl_typesupport_introspection_cpp.so[0m
[1.770s] [ 67%] [32m[1mLinking CXX shared library libmbot_interface__rosidl_typesupport_fastrtps_cpp.so[0m
[1.850s] [ 67%] Built target mbot_interface__rosidl_typesupport_cpp
[1.851s] [ 67%] Built target mbot_interface__rosidl_typesupport_c
[1.887s] [ 67%] Built target mbot_interface__rosidl_typesupport_introspection_c
[1.908s] [ 70%] [32m[1mLinking CXX shared library libmbot_interface__rosidl_typesupport_fastrtps_c.so[0m
[1.908s] [ 70%] Built target mbot_interface__rosidl_typesupport_introspection_cpp
[1.934s] [ 70%] Built target mbot_interface__rosidl_typesupport_fastrtps_cpp
[2.018s] [ 70%] Built target mbot_interface__rosidl_typesupport_fastrtps_c
[2.030s] [ 70%] Built target mbot_interface
[2.041s] [ 74%] [34m[1mGenerating Python code for ROS interfaces[0m
[2.191s] [ 74%] Built target mbot_interface__py
[2.202s] [ 77%] [32mBuilding C object CMakeFiles/mbot_interface__rosidl_generator_py.dir/rosidl_generator_py/mbot_interface/msg/_person_s.c.o[0m
[2.299s] [ 80%] [32m[1mLinking C shared library rosidl_generator_py/mbot_interface/libmbot_interface__rosidl_generator_py.so[0m
[2.371s] [ 80%] Built target mbot_interface__rosidl_generator_py
[2.383s] [ 83%] [32mBuilding C object CMakeFiles/mbot_interface__rosidl_typesupport_fastrtps_c__pyext.dir/rosidl_generator_py/mbot_interface/_mbot_interface_s.ep.rosidl_typesupport_fastrtps_c.c.o[0m
[2.384s] [ 87%] [32mBuilding C object CMakeFiles/mbot_interface__rosidl_typesupport_introspection_c__pyext.dir/rosidl_generator_py/mbot_interface/_mbot_interface_s.ep.rosidl_typesupport_introspection_c.c.o[0m
[2.384s] [ 90%] [32mBuilding C object CMakeFiles/mbot_interface__rosidl_typesupport_c__pyext.dir/rosidl_generator_py/mbot_interface/_mbot_interface_s.ep.rosidl_typesupport_c.c.o[0m
[2.443s] [ 96%] [32m[1mLinking C shared library rosidl_generator_py/mbot_interface/mbot_interface_s__rosidl_typesupport_c.cpython-310-x86_64-linux-gnu.so[0m
[2.443s] [ 96%] [32m[1mLinking C shared library rosidl_generator_py/mbot_interface/mbot_interface_s__rosidl_typesupport_fastrtps_c.cpython-310-x86_64-linux-gnu.so[0m
[2.444s] [100%] [32m[1mLinking C shared library rosidl_generator_py/mbot_interface/mbot_interface_s__rosidl_typesupport_introspection_c.cpython-310-x86_64-linux-gnu.so[0m
[2.511s] [100%] Built target mbot_interface__rosidl_typesupport_c__pyext
[2.511s] [100%] Built target mbot_interface__rosidl_typesupport_introspection_c__pyext
[2.512s] [100%] Built target mbot_interface__rosidl_typesupport_fastrtps_c__pyext
[2.518s] Invoked command in '/home/zy/ws/build/mbot_interface' returned '0': CMAKE_PREFIX_PATH=/opt/ros/humble /usr/bin/cmake --build /home/zy/ws/build/mbot_interface -- -j32 -l32
[2.524s] Invoking command in '/home/zy/ws/build/mbot_interface': CMAKE_PREFIX_PATH=/opt/ros/humble /usr/bin/cmake --install /home/zy/ws/build/mbot_interface
[2.528s] -- Install configuration: ""
[2.529s] -- Installing: /home/zy/ws/install/mbot_interface/share/ament_index/resource_index/rosidl_interfaces/mbot_interface
[2.529s] -- Installing: /home/zy/ws/install/mbot_interface/include/mbot_interface/mbot_interface
[2.529s] -- Installing: /home/zy/ws/install/mbot_interface/include/mbot_interface/mbot_interface/msg
[2.530s] -- Installing: /home/zy/ws/install/mbot_interface/include/mbot_interface/mbot_interface/msg/person.h
[2.530s] -- Installing: /home/zy/ws/install/mbot_interface/include/mbot_interface/mbot_interface/msg/rosidl_generator_c__visibility_control.h
[2.530s] -- Installing: /home/zy/ws/install/mbot_interface/include/mbot_interface/mbot_interface/msg/detail
[2.530s] -- Installing: /home/zy/ws/install/mbot_interface/include/mbot_interface/mbot_interface/msg/detail/person__functions.h
[2.530s] -- Installing: /home/zy/ws/install/mbot_interface/include/mbot_interface/mbot_interface/msg/detail/person__struct.h
[2.530s] -- Installing: /home/zy/ws/install/mbot_interface/include/mbot_interface/mbot_interface/msg/detail/person__type_support.h
[2.530s] -- Installing: /home/zy/ws/install/mbot_interface/include/mbot_interface/mbot_interface/msg/detail/person__functions.c
[2.530s] -- Installing: /home/zy/ws/install/mbot_interface/share/mbot_interface/environment/library_path.sh
[2.530s] -- Installing: /home/zy/ws/install/mbot_interface/share/mbot_interface/environment/library_path.dsv
[2.531s] -- Installing: /home/zy/ws/install/mbot_interface/lib/libmbot_interface__rosidl_generator_c.so
[2.531s] -- Set runtime path of "/home/zy/ws/install/mbot_interface/lib/libmbot_interface__rosidl_generator_c.so" to ""
[2.531s] -- Up-to-date: /home/zy/ws/install/mbot_interface/include/mbot_interface/mbot_interface
[2.531s] -- Up-to-date: /home/zy/ws/install/mbot_interface/include/mbot_interface/mbot_interface/msg
[2.531s] -- Installing: /home/zy/ws/install/mbot_interface/include/mbot_interface/mbot_interface/msg/rosidl_typesupport_fastrtps_c__visibility_control.h
[2.531s] -- Up-to-date: /home/zy/ws/install/mbot_interface/include/mbot_interface/mbot_interface/msg/detail
[2.531s] -- Installing: /home/zy/ws/install/mbot_interface/include/mbot_interface/mbot_interface/msg/detail/person__rosidl_typesupport_fastrtps_c.h
[2.531s] -- Installing: /home/zy/ws/install/mbot_interface/lib/libmbot_interface__rosidl_typesupport_fastrtps_c.so
[2.531s] -- Set runtime path of "/home/zy/ws/install/mbot_interface/lib/libmbot_interface__rosidl_typesupport_fastrtps_c.so" to ""
[2.531s] -- Up-to-date: /home/zy/ws/install/mbot_interface/include/mbot_interface/mbot_interface
[2.532s] -- Up-to-date: /home/zy/ws/install/mbot_interface/include/mbot_interface/mbot_interface/msg
[2.532s] -- Installing: /home/zy/ws/install/mbot_interface/include/mbot_interface/mbot_interface/msg/rosidl_typesupport_introspection_c__visibility_control.h
[2.532s] -- Up-to-date: /home/zy/ws/install/mbot_interface/include/mbot_interface/mbot_interface/msg/detail
[2.532s] -- Installing: /home/zy/ws/install/mbot_interface/include/mbot_interface/mbot_interface/msg/detail/person__rosidl_typesupport_introspection_c.h
[2.532s] -- Installing: /home/zy/ws/install/mbot_interface/include/mbot_interface/mbot_interface/msg/detail/person__type_support.c
[2.532s] -- Installing: /home/zy/ws/install/mbot_interface/lib/libmbot_interface__rosidl_typesupport_introspection_c.so
[2.532s] -- Set runtime path of "/home/zy/ws/install/mbot_interface/lib/libmbot_interface__rosidl_typesupport_introspection_c.so" to ""
[2.532s] -- Installing: /home/zy/ws/install/mbot_interface/lib/libmbot_interface__rosidl_typesupport_c.so
[2.532s] -- Set runtime path of "/home/zy/ws/install/mbot_interface/lib/libmbot_interface__rosidl_typesupport_c.so" to ""
[2.532s] -- Up-to-date: /home/zy/ws/install/mbot_interface/include/mbot_interface/mbot_interface
[2.532s] -- Up-to-date: /home/zy/ws/install/mbot_interface/include/mbot_interface/mbot_interface/msg
[2.532s] -- Installing: /home/zy/ws/install/mbot_interface/include/mbot_interface/mbot_interface/msg/rosidl_generator_cpp__visibility_control.hpp
[2.532s] -- Installing: /home/zy/ws/install/mbot_interface/include/mbot_interface/mbot_interface/msg/person.hpp
[2.532s] -- Up-to-date: /home/zy/ws/install/mbot_interface/include/mbot_interface/mbot_interface/msg/detail
[2.533s] -- Installing: /home/zy/ws/install/mbot_interface/include/mbot_interface/mbot_interface/msg/detail/person__builder.hpp
[2.533s] -- Installing: /home/zy/ws/install/mbot_interface/include/mbot_interface/mbot_interface/msg/detail/person__traits.hpp
[2.533s] -- Installing: /home/zy/ws/install/mbot_interface/include/mbot_interface/mbot_interface/msg/detail/person__type_support.hpp
[2.533s] -- Installing: /home/zy/ws/install/mbot_interface/include/mbot_interface/mbot_interface/msg/detail/person__struct.hpp
[2.533s] -- Up-to-date: /home/zy/ws/install/mbot_interface/include/mbot_interface/mbot_interface
[2.533s] -- Up-to-date: /home/zy/ws/install/mbot_interface/include/mbot_interface/mbot_interface/msg
[2.533s] -- Installing: /home/zy/ws/install/mbot_interface/include/mbot_interface/mbot_interface/msg/rosidl_typesupport_fastrtps_cpp__visibility_control.h
[2.533s] -- Up-to-date: /home/zy/ws/install/mbot_interface/include/mbot_interface/mbot_interface/msg/detail
[2.533s] -- Installing: /home/zy/ws/install/mbot_interface/include/mbot_interface/mbot_interface/msg/detail/dds_fastrtps
[2.533s] -- Installing: /home/zy/ws/install/mbot_interface/include/mbot_interface/mbot_interface/msg/detail/person__rosidl_typesupport_fastrtps_cpp.hpp
[2.533s] -- Installing: /home/zy/ws/install/mbot_interface/lib/libmbot_interface__rosidl_typesupport_fastrtps_cpp.so
[2.533s] -- Set runtime path of "/home/zy/ws/install/mbot_interface/lib/libmbot_interface__rosidl_typesupport_fastrtps_cpp.so" to ""
[2.533s] -- Up-to-date: /home/zy/ws/install/mbot_interface/include/mbot_interface/mbot_interface
[2.534s] -- Up-to-date: /home/zy/ws/install/mbot_interface/include/mbot_interface/mbot_interface/msg
[2.534s] -- Up-to-date: /home/zy/ws/install/mbot_interface/include/mbot_interface/mbot_interface/msg/detail
[2.534s] -- Installing: /home/zy/ws/install/mbot_interface/include/mbot_interface/mbot_interface/msg/detail/person__rosidl_typesupport_introspection_cpp.hpp
[2.534s] -- Installing: /home/zy/ws/install/mbot_interface/include/mbot_interface/mbot_interface/msg/detail/person__type_support.cpp
[2.534s] -- Installing: /home/zy/ws/install/mbot_interface/lib/libmbot_interface__rosidl_typesupport_introspection_cpp.so
[2.534s] -- Set runtime path of "/home/zy/ws/install/mbot_interface/lib/libmbot_interface__rosidl_typesupport_introspection_cpp.so" to ""
[2.534s] -- Installing: /home/zy/ws/install/mbot_interface/lib/libmbot_interface__rosidl_typesupport_cpp.so
[2.534s] -- Set runtime path of "/home/zy/ws/install/mbot_interface/lib/libmbot_interface__rosidl_typesupport_cpp.so" to ""
[2.534s] -- Installing: /home/zy/ws/install/mbot_interface/share/mbot_interface/environment/pythonpath.sh
[2.534s] -- Installing: /home/zy/ws/install/mbot_interface/share/mbot_interface/environment/pythonpath.dsv
[2.535s] -- Installing: /home/zy/ws/install/mbot_interface/local/lib/python3.10/dist-packages/mbot_interface-0.0.0-py3.10.egg-info
[2.535s] -- Installing: /home/zy/ws/install/mbot_interface/local/lib/python3.10/dist-packages/mbot_interface-0.0.0-py3.10.egg-info/top_level.txt
[2.535s] -- Installing: /home/zy/ws/install/mbot_interface/local/lib/python3.10/dist-packages/mbot_interface-0.0.0-py3.10.egg-info/SOURCES.txt
[2.535s] -- Installing: /home/zy/ws/install/mbot_interface/local/lib/python3.10/dist-packages/mbot_interface-0.0.0-py3.10.egg-info/dependency_links.txt
[2.535s] -- Installing: /home/zy/ws/install/mbot_interface/local/lib/python3.10/dist-packages/mbot_interface-0.0.0-py3.10.egg-info/PKG-INFO
[2.535s] -- Installing: /home/zy/ws/install/mbot_interface/local/lib/python3.10/dist-packages/mbot_interface
[2.535s] -- Installing: /home/zy/ws/install/mbot_interface/local/lib/python3.10/dist-packages/mbot_interface/_mbot_interface_s.ep.rosidl_typesupport_introspection_c.c
[2.535s] -- Installing: /home/zy/ws/install/mbot_interface/local/lib/python3.10/dist-packages/mbot_interface/mbot_interface_s__rosidl_typesupport_fastrtps_c.cpython-310-x86_64-linux-gnu.so
[2.535s] -- Installing: /home/zy/ws/install/mbot_interface/local/lib/python3.10/dist-packages/mbot_interface/_mbot_interface_s.ep.rosidl_typesupport_c.c
[2.535s] -- Installing: /home/zy/ws/install/mbot_interface/local/lib/python3.10/dist-packages/mbot_interface/mbot_interface_s__rosidl_typesupport_c.cpython-310-x86_64-linux-gnu.so
[2.536s] -- Installing: /home/zy/ws/install/mbot_interface/local/lib/python3.10/dist-packages/mbot_interface/msg
[2.536s] -- Installing: /home/zy/ws/install/mbot_interface/local/lib/python3.10/dist-packages/mbot_interface/msg/__init__.py
[2.536s] -- Installing: /home/zy/ws/install/mbot_interface/local/lib/python3.10/dist-packages/mbot_interface/msg/_person_s.c
[2.536s] -- Installing: /home/zy/ws/install/mbot_interface/local/lib/python3.10/dist-packages/mbot_interface/msg/_person.py
[2.536s] -- Installing: /home/zy/ws/install/mbot_interface/local/lib/python3.10/dist-packages/mbot_interface/mbot_interface_s__rosidl_typesupport_introspection_c.cpython-310-x86_64-linux-gnu.so
[2.536s] -- Installing: /home/zy/ws/install/mbot_interface/local/lib/python3.10/dist-packages/mbot_interface/__init__.py
[2.536s] -- Installing: /home/zy/ws/install/mbot_interface/local/lib/python3.10/dist-packages/mbot_interface/_mbot_interface_s.ep.rosidl_typesupport_fastrtps_c.c
[2.536s] -- Installing: /home/zy/ws/install/mbot_interface/local/lib/python3.10/dist-packages/mbot_interface/libmbot_interface__rosidl_generator_py.so
[2.556s] Listing '/home/zy/ws/install/mbot_interface/local/lib/python3.10/dist-packages/mbot_interface'...
[2.556s] Compiling '/home/zy/ws/install/mbot_interface/local/lib/python3.10/dist-packages/mbot_interface/__init__.py'...
[2.556s] Listing '/home/zy/ws/install/mbot_interface/local/lib/python3.10/dist-packages/mbot_interface/msg'...
[2.556s] Compiling '/home/zy/ws/install/mbot_interface/local/lib/python3.10/dist-packages/mbot_interface/msg/__init__.py'...
[2.556s] Compiling '/home/zy/ws/install/mbot_interface/local/lib/python3.10/dist-packages/mbot_interface/msg/_person.py'...
[2.559s] -- Installing: /home/zy/ws/install/mbot_interface/local/lib/python3.10/dist-packages/mbot_interface/mbot_interface_s__rosidl_typesupport_fastrtps_c.cpython-310-x86_64-linux-gnu.so
[2.559s] -- Set runtime path of "/home/zy/ws/install/mbot_interface/local/lib/python3.10/dist-packages/mbot_interface/mbot_interface_s__rosidl_typesupport_fastrtps_c.cpython-310-x86_64-linux-gnu.so" to ""
[2.559s] -- Installing: /home/zy/ws/install/mbot_interface/local/lib/python3.10/dist-packages/mbot_interface/mbot_interface_s__rosidl_typesupport_introspection_c.cpython-310-x86_64-linux-gnu.so
[2.559s] -- Set runtime path of "/home/zy/ws/install/mbot_interface/local/lib/python3.10/dist-packages/mbot_interface/mbot_interface_s__rosidl_typesupport_introspection_c.cpython-310-x86_64-linux-gnu.so" to ""
[2.559s] -- Installing: /home/zy/ws/install/mbot_interface/local/lib/python3.10/dist-packages/mbot_interface/mbot_interface_s__rosidl_typesupport_c.cpython-310-x86_64-linux-gnu.so
[2.560s] -- Set runtime path of "/home/zy/ws/install/mbot_interface/local/lib/python3.10/dist-packages/mbot_interface/mbot_interface_s__rosidl_typesupport_c.cpython-310-x86_64-linux-gnu.so" to ""
[2.560s] -- Installing: /home/zy/ws/install/mbot_interface/lib/libmbot_interface__rosidl_generator_py.so
[2.560s] -- Set runtime path of "/home/zy/ws/install/mbot_interface/lib/libmbot_interface__rosidl_generator_py.so" to ""
[2.560s] -- Installing: /home/zy/ws/install/mbot_interface/share/mbot_interface/msg/Person.idl
[2.560s] -- Installing: /home/zy/ws/install/mbot_interface/share/mbot_interface/msg/Person.msg
[2.560s] -- Up-to-date: /home/zy/ws/install/mbot_interface/share/mbot_interface/msg
[2.560s] -- Up-to-date: /home/zy/ws/install/mbot_interface/share/mbot_interface/msg/Person.msg
[2.560s] -- Installing: /home/zy/ws/install/mbot_interface/share/ament_index/resource_index/package_run_dependencies/mbot_interface
[2.560s] -- Installing: /home/zy/ws/install/mbot_interface/share/ament_index/resource_index/parent_prefix_path/mbot_interface
[2.560s] -- Installing: /home/zy/ws/install/mbot_interface/share/mbot_interface/environment/ament_prefix_path.sh
[2.560s] -- Installing: /home/zy/ws/install/mbot_interface/share/mbot_interface/environment/ament_prefix_path.dsv
[2.560s] -- Installing: /home/zy/ws/install/mbot_interface/share/mbot_interface/environment/path.sh
[2.560s] -- Installing: /home/zy/ws/install/mbot_interface/share/mbot_interface/environment/path.dsv
[2.560s] -- Installing: /home/zy/ws/install/mbot_interface/share/mbot_interface/local_setup.bash
[2.560s] -- Installing: /home/zy/ws/install/mbot_interface/share/mbot_interface/local_setup.sh
[2.560s] -- Installing: /home/zy/ws/install/mbot_interface/share/mbot_interface/local_setup.zsh
[2.560s] -- Installing: /home/zy/ws/install/mbot_interface/share/mbot_interface/local_setup.dsv
[2.560s] -- Installing: /home/zy/ws/install/mbot_interface/share/mbot_interface/package.dsv
[2.561s] -- Installing: /home/zy/ws/install/mbot_interface/share/ament_index/resource_index/packages/mbot_interface
[2.561s] -- Installing: /home/zy/ws/install/mbot_interface/share/mbot_interface/cmake/export_mbot_interface__rosidl_generator_cExport.cmake
[2.561s] -- Installing: /home/zy/ws/install/mbot_interface/share/mbot_interface/cmake/export_mbot_interface__rosidl_generator_cExport-noconfig.cmake
[2.561s] -- Installing: /home/zy/ws/install/mbot_interface/share/mbot_interface/cmake/export_mbot_interface__rosidl_typesupport_fastrtps_cExport.cmake
[2.561s] -- Installing: /home/zy/ws/install/mbot_interface/share/mbot_interface/cmake/export_mbot_interface__rosidl_typesupport_fastrtps_cExport-noconfig.cmake
[2.561s] -- Installing: /home/zy/ws/install/mbot_interface/share/mbot_interface/cmake/mbot_interface__rosidl_typesupport_introspection_cExport.cmake
[2.561s] -- Installing: /home/zy/ws/install/mbot_interface/share/mbot_interface/cmake/mbot_interface__rosidl_typesupport_introspection_cExport-noconfig.cmake
[2.562s] -- Installing: /home/zy/ws/install/mbot_interface/share/mbot_interface/cmake/mbot_interface__rosidl_typesupport_cExport.cmake
[2.562s] -- Installing: /home/zy/ws/install/mbot_interface/share/mbot_interface/cmake/mbot_interface__rosidl_typesupport_cExport-noconfig.cmake
[2.562s] -- Installing: /home/zy/ws/install/mbot_interface/share/mbot_interface/cmake/export_mbot_interface__rosidl_generator_cppExport.cmake
[2.562s] -- Installing: /home/zy/ws/install/mbot_interface/share/mbot_interface/cmake/export_mbot_interface__rosidl_typesupport_fastrtps_cppExport.cmake
[2.562s] -- Installing: /home/zy/ws/install/mbot_interface/share/mbot_interface/cmake/export_mbot_interface__rosidl_typesupport_fastrtps_cppExport-noconfig.cmake
[2.562s] -- Installing: /home/zy/ws/install/mbot_interface/share/mbot_interface/cmake/mbot_interface__rosidl_typesupport_introspection_cppExport.cmake
[2.562s] -- Installing: /home/zy/ws/install/mbot_interface/share/mbot_interface/cmake/mbot_interface__rosidl_typesupport_introspection_cppExport-noconfig.cmake
[2.562s] -- Installing: /home/zy/ws/install/mbot_interface/share/mbot_interface/cmake/mbot_interface__rosidl_typesupport_cppExport.cmake
[2.562s] -- Installing: /home/zy/ws/install/mbot_interface/share/mbot_interface/cmake/mbot_interface__rosidl_typesupport_cppExport-noconfig.cmake
[2.562s] -- Installing: /home/zy/ws/install/mbot_interface/share/mbot_interface/cmake/export_mbot_interface__rosidl_generator_pyExport.cmake
[2.563s] -- Installing: /home/zy/ws/install/mbot_interface/share/mbot_interface/cmake/export_mbot_interface__rosidl_generator_pyExport-noconfig.cmake
[2.563s] -- Installing: /home/zy/ws/install/mbot_interface/share/mbot_interface/cmake/rosidl_cmake-extras.cmake
[2.563s] -- Installing: /home/zy/ws/install/mbot_interface/share/mbot_interface/cmake/ament_cmake_export_include_directories-extras.cmake
[2.563s] -- Installing: /home/zy/ws/install/mbot_interface/share/mbot_interface/cmake/ament_cmake_export_libraries-extras.cmake
[2.563s] -- Installing: /home/zy/ws/install/mbot_interface/share/mbot_interface/cmake/ament_cmake_export_targets-extras.cmake
[2.563s] -- Installing: /home/zy/ws/install/mbot_interface/share/mbot_interface/cmake/rosidl_cmake_export_typesupport_targets-extras.cmake
[2.563s] -- Installing: /home/zy/ws/install/mbot_interface/share/mbot_interface/cmake/ament_cmake_export_dependencies-extras.cmake
[2.563s] -- Installing: /home/zy/ws/install/mbot_interface/share/mbot_interface/cmake/rosidl_cmake_export_typesupport_libraries-extras.cmake
[2.563s] -- Installing: /home/zy/ws/install/mbot_interface/share/mbot_interface/cmake/mbot_interfaceConfig.cmake
[2.563s] -- Installing: /home/zy/ws/install/mbot_interface/share/mbot_interface/cmake/mbot_interfaceConfig-version.cmake
[2.563s] -- Installing: /home/zy/ws/install/mbot_interface/share/mbot_interface/package.xml
[2.565s] Invoked command in '/home/zy/ws/build/mbot_interface' returned '0': CMAKE_PREFIX_PATH=/opt/ros/humble /usr/bin/cmake --install /home/zy/ws/build/mbot_interface
