[0.015s] Invoking command in '/home/zy/ws/build/mbot_interface': CMAKE_PREFIX_PATH=/opt/ros/humble /usr/bin/cmake /home/zy/ws/src/mbot_interface -DCMAKE_INSTALL_PREFIX=/home/zy/ws/install/mbot_interface
[0.184s] -- The C compiler identification is GNU 11.4.0
[0.534s] -- The CXX compiler identification is GNU 11.4.0
[0.718s] -- Detecting C compiler ABI info
[0.806s] -- Detecting C compiler ABI info - done
[0.810s] -- Check for working C compiler: /usr/bin/cc - skipped
[0.815s] -- Detecting C compile features
[0.816s] -- Detecting C compile features - done
[0.819s] -- Detecting CXX compiler ABI info
[0.934s] -- Detecting CXX compiler ABI info - done
[0.938s] -- Check for working CXX compiler: /usr/bin/c++ - skipped
[0.938s] -- Detecting CXX compile features
[0.938s] -- Detecting CXX compile features - done
[0.951s] -- Found ament_cmake: 1.3.11 (/opt/ros/humble/share/ament_cmake/cmake)
[1.063s] -- Found Python3: /usr/bin/python3 (found version "3.10.12") found components: Interpreter 
[1.138s] -- Found rosidl_default_generators: 1.2.0 (/opt/ros/humble/share/rosidl_default_generators/cmake)
[1.142s] -- Using all available rosidl_typesupport_c: rosidl_typesupport_fastrtps_c;rosidl_typesupport_introspection_c
[1.149s] -- Found rosidl_adapter: 3.1.6 (/opt/ros/humble/share/rosidl_adapter/cmake)
[1.263s] -- Using all available rosidl_typesupport_cpp: rosidl_typesupport_fastrtps_cpp;rosidl_typesupport_introspection_cpp
[1.395s] [31mCMake Error at /opt/ros/humble/share/rosidl_adapter/cmake/rosidl_adapt_interfaces.cmake:59 (message):
[1.395s]   execute_process(/usr/bin/python3 -m rosidl_adapter --package-name
[1.395s]   mbot_interface --arguments-file
[1.395s]   /home/zy/ws/build/mbot_interface/rosidl_adapter__arguments__mbot_interface.json
[1.395s]   --output-dir /home/zy/ws/build/mbot_interface/rosidl_adapter/mbot_interface
[1.395s]   --output-file
[1.395s]   /home/zy/ws/build/mbot_interface/rosidl_adapter/mbot_interface.idls)
[1.395s]   returned error code 1:
[1.395s] 
[1.395s]   Traceback (most recent call last):
[1.395s] 
[1.395s]     File "/usr/lib/python3.10/runpy.py", line 196, in _run_module_as_main
[1.395s]       return _run_code(code, main_globals, None,
[1.395s]     File "/usr/lib/python3.10/runpy.py", line 86, in _run_code
[1.395s]       exec(code, run_globals)
[1.395s]     File "/opt/ros/humble/local/lib/python3.10/dist-packages/rosidl_adapter/__main__.py", line 19, in <module>
[1.395s]       sys.exit(main())
[1.395s]     File "/opt/ros/humble/local/lib/python3.10/dist-packages/rosidl_adapter/main.py", line 53, in main
[1.395s]       abs_idl_file = convert_to_idl(
[1.395s]     File "/opt/ros/humble/local/lib/python3.10/dist-packages/rosidl_adapter/__init__.py", line 19, in convert_to_idl
[1.395s]       return convert_msg_to_idl(
[1.395s]     File "/opt/ros/humble/local/lib/python3.10/dist-packages/rosidl_adapter/msg/__init__.py", line 28, in convert_msg_to_idl
[1.395s]       msg = parse_message_string(package_name, input_file.stem, content)
[1.395s]     File "/opt/ros/humble/local/lib/python3.10/dist-packages/rosidl_adapter/parser.py", line 544, in parse_message_string
[1.395s]       msg = MessageSpecification(pkg_name, msg_name, fields, constants)
[1.395s]     File "/opt/ros/humble/local/lib/python3.10/dist-packages/rosidl_adapter/parser.py", line 388, in __init__
[1.395s]       self.base_type = BaseType(
[1.395s]     File "/opt/ros/humble/local/lib/python3.10/dist-packages/rosidl_adapter/parser.py", line 205, in __init__
[1.396s]       raise InvalidResourceName(
[1.396s] 
[1.396s]   rosidl_adapter.parser.InvalidResourceName: 'person' is an invalid message
[1.396s]   name.  It should have the pattern '^[A-Z][A-Za-z0-9]*$'
[1.396s] 
[1.396s] Call Stack (most recent call first):
[1.396s]   /opt/ros/humble/share/rosidl_cmake/cmake/rosidl_generate_interfaces.cmake:130 (rosidl_adapt_interfaces)
[1.396s]   CMakeLists.txt:15 (rosidl_generate_interfaces)
[1.396s] 
[1.396s] [0m
[1.396s] -- Configuring incomplete, errors occurred!
[1.396s] See also "/home/zy/ws/build/mbot_interface/CMakeFiles/CMakeOutput.log".
[1.400s] Invoked command in '/home/zy/ws/build/mbot_interface' returned '1': CMAKE_PREFIX_PATH=/opt/ros/humble /usr/bin/cmake /home/zy/ws/src/mbot_interface -DCMAKE_INSTALL_PREFIX=/home/zy/ws/install/mbot_interface
