[0.078s] Invoking command in '/home/zy/ws/build/mbot_pkg': AMENT_PREFIX_PATH=/home/zy/ws/install/mbot_interface:${AMENT_PREFIX_PATH} CMAKE_PREFIX_PATH=/home/zy/ws/install/mbot_interface:/opt/ros/humble LD_LIBRARY_PATH=/home/zy/ws/install/mbot_interface/lib:${LD_LIBRARY_PATH} PYTHONPATH=/home/zy/ws/install/mbot_interface/local/lib/python3.10/dist-packages:${PYTHONPATH} /usr/bin/cmake --build /home/zy/ws/build/mbot_pkg -- -j32 -l32
[0.100s] [35m[1mConsolidate compiler generated dependencies of target mbot_manager[0m
[0.110s] [ 50%] [32mBuilding CXX object CMakeFiles/mbot_manager.dir/src/mbot_manager.cpp.o[0m
[1.461s] [01m[K/home/zy/ws/src/mbot_pkg/src/mbot_manager.cpp:[m[K In constructor ‘[01m[KMbotManager::MbotManager()[m[K’:
[1.461s] [01m[K/home/zy/ws/src/mbot_pkg/src/mbot_manager.cpp:12:100:[m[K [01;31m[Kerror: [m[Kno match for ‘[01m[Koperator=[m[K’ (operand types are ‘[01m[Krclcpp::WallTimer<std::function<void()> >::SharedPtr[m[K’ {aka ‘[01m[Kstd::shared_ptr<rclcpp::WallTimer<std::function<void()> > >[m[K’} and ‘[01m[Krclcpp::WallTimer<MbotManager::MbotManager()::<lambda()>, 0>::SharedPtr[m[K’ {aka ‘[01m[Kstd::shared_ptr<rclcpp::WallTimer<MbotManager::MbotManager()::<lambda()>, 0> >[m[K’})
[1.461s]    12 |     timer_ = this->create_wall_timer(std::chrono::seconds(1),[this](){publisher_->publish(person);}[01;31m[K)[m[K;
[1.461s]       |                                                                                                    [01;31m[K^[m[K
[1.461s] In file included from [01m[K/usr/include/c++/11/memory:77[m[K,
[1.461s]                  from [01m[K/home/zy/ws/src/mbot_pkg/src/mbot_manager.cpp:2[m[K:
[1.461s] [01m[K/usr/include/c++/11/bits/shared_ptr.h:363:9:[m[K [01;36m[Knote: [m[Kcandidate: ‘[01m[Ktemplate<class _Yp> std::shared_ptr<_Tp>::_Assignable<const std::shared_ptr<_Yp>&> std::shared_ptr<_Tp>::operator=(const std::shared_ptr<_Yp>&) [with _Yp = _Yp; _Tp = rclcpp::WallTimer<std::function<void()> >][m[K’
[1.461s]   363 |         [01;36m[Koperator[m[K=(const shared_ptr<_Yp>& __r) noexcept
[1.461s]       |         [01;36m[K^~~~~~~~[m[K
[1.461s] [01m[K/usr/include/c++/11/bits/shared_ptr.h:363:9:[m[K [01;36m[Knote: [m[K  template argument deduction/substitution failed:
[1.461s] /usr/include/c++/11/bits/shared_ptr.h: In substitution of ‘[01m[Ktemplate<class _Tp> template<class _Arg> using _Assignable = typename std::enable_if<std::is_assignable<std::__shared_ptr<_Tp>&, _Arg>::value, std::shared_ptr<_Tp>&>::type [with _Arg = const std::shared_ptr<rclcpp::WallTimer<MbotManager::MbotManager()::<lambda()>, 0> >&; _Tp = rclcpp::WallTimer<std::function<void()> >][m[K’:
[1.461s] [01m[K/usr/include/c++/11/bits/shared_ptr.h:363:2:[m[K   required by substitution of ‘[01m[Ktemplate<class _Yp> std::shared_ptr<rclcpp::WallTimer<std::function<void()> > >::_Assignable<const std::shared_ptr<_Tp>&> std::shared_ptr<rclcpp::WallTimer<std::function<void()> > >::operator=<_Yp>(const std::shared_ptr<_Tp>&) [with _Yp = rclcpp::WallTimer<MbotManager::MbotManager()::<lambda()>, 0>][m[K’
[1.461s] [01m[K/home/zy/ws/src/mbot_pkg/src/mbot_manager.cpp:12:100:[m[K   required from here
[1.461s] [01m[K/usr/include/c++/11/bits/shared_ptr.h:130:15:[m[K [01;31m[Kerror: [m[Kno type named ‘[01m[Ktype[m[K’ in ‘[01m[Kstruct std::enable_if<false, std::shared_ptr<rclcpp::WallTimer<std::function<void()> > >&>[m[K’
[1.461s]   130 |         using [01;31m[K_Assignable[m[K = typename enable_if<
[1.461s]       |               [01;31m[K^~~~~~~~~~~[m[K
[1.461s] [01m[K/usr/include/c++/11/bits/shared_ptr.h:374:9:[m[K [01;36m[Knote: [m[Kcandidate: ‘[01m[Ktemplate<class _Yp> std::shared_ptr<_Tp>::_Assignable<std::auto_ptr<_Up> > std::shared_ptr<_Tp>::operator=(std::auto_ptr<_Up>&&) [with _Yp = _Yp; _Tp = rclcpp::WallTimer<std::function<void()> >][m[K’
[1.461s]   374 |         [01;36m[Koperator[m[K=(auto_ptr<_Yp>&& __r)
[1.462s]       |         [01;36m[K^~~~~~~~[m[K
[1.462s] [01m[K/usr/include/c++/11/bits/shared_ptr.h:374:9:[m[K [01;36m[Knote: [m[K  template argument deduction/substitution failed:
[1.462s] [01m[K/home/zy/ws/src/mbot_pkg/src/mbot_manager.cpp:12:100:[m[K [01;36m[Knote: [m[K  ‘[01m[Krclcpp::WallTimer<MbotManager::MbotManager()::<lambda()>, 0>::SharedPtr[m[K’ {aka ‘[01m[Kstd::shared_ptr<rclcpp::WallTimer<MbotManager::MbotManager()::<lambda()>, 0> >[m[K’} is not derived from ‘[01m[Kstd::auto_ptr<_Up>[m[K’
[1.462s]    12 |     timer_ = this->create_wall_timer(std::chrono::seconds(1),[this](){publisher_->publish(person);}[01;36m[K)[m[K;
[1.462s]       |                                                                                                    [01;36m[K^[m[K
[1.462s] In file included from [01m[K/usr/include/c++/11/memory:77[m[K,
[1.462s]                  from [01m[K/home/zy/ws/src/mbot_pkg/src/mbot_manager.cpp:2[m[K:
[1.462s] [01m[K/usr/include/c++/11/bits/shared_ptr.h:391:9:[m[K [01;36m[Knote: [m[Kcandidate: ‘[01m[Ktemplate<class _Yp> std::shared_ptr<_Tp>::_Assignable<std::shared_ptr<_Yp> > std::shared_ptr<_Tp>::operator=(std::shared_ptr<_Yp>&&) [with _Yp = _Yp; _Tp = rclcpp::WallTimer<std::function<void()> >][m[K’
[1.462s]   391 |         [01;36m[Koperator[m[K=(shared_ptr<_Yp>&& __r) noexcept
[1.462s]       |         [01;36m[K^~~~~~~~[m[K
[1.462s] [01m[K/usr/include/c++/11/bits/shared_ptr.h:391:9:[m[K [01;36m[Knote: [m[K  template argument deduction/substitution failed:
[1.462s] /usr/include/c++/11/bits/shared_ptr.h: In substitution of ‘[01m[Ktemplate<class _Tp> template<class _Arg> using _Assignable = typename std::enable_if<std::is_assignable<std::__shared_ptr<_Tp>&, _Arg>::value, std::shared_ptr<_Tp>&>::type [with _Arg = std::shared_ptr<rclcpp::WallTimer<MbotManager::MbotManager()::<lambda()>, 0> >; _Tp = rclcpp::WallTimer<std::function<void()> >][m[K’:
[1.462s] [01m[K/usr/include/c++/11/bits/shared_ptr.h:391:2:[m[K   required by substitution of ‘[01m[Ktemplate<class _Yp> std::shared_ptr<rclcpp::WallTimer<std::function<void()> > >::_Assignable<std::shared_ptr<_Tp> > std::shared_ptr<rclcpp::WallTimer<std::function<void()> > >::operator=<_Yp>(std::shared_ptr<_Tp>&&) [with _Yp = rclcpp::WallTimer<MbotManager::MbotManager()::<lambda()>, 0>][m[K’
[1.462s] [01m[K/home/zy/ws/src/mbot_pkg/src/mbot_manager.cpp:12:100:[m[K   required from here
[1.462s] [01m[K/usr/include/c++/11/bits/shared_ptr.h:130:15:[m[K [01;31m[Kerror: [m[Kno type named ‘[01m[Ktype[m[K’ in ‘[01m[Kstruct std::enable_if<false, std::shared_ptr<rclcpp::WallTimer<std::function<void()> > >&>[m[K’
[1.462s]   130 |         using [01;31m[K_Assignable[m[K = typename enable_if<
[1.462s]       |               [01;31m[K^~~~~~~~~~~[m[K
[1.462s] [01m[K/usr/include/c++/11/bits/shared_ptr.h:399:9:[m[K [01;36m[Knote: [m[Kcandidate: ‘[01m[Ktemplate<class _Yp, class _Del> std::shared_ptr<_Tp>::_Assignable<std::unique_ptr<_Up, _Ep> > std::shared_ptr<_Tp>::operator=(std::unique_ptr<_Up, _Ep>&&) [with _Yp = _Yp; _Del = _Del; _Tp = rclcpp::WallTimer<std::function<void()> >][m[K’
[1.462s]   399 |         [01;36m[Koperator[m[K=(unique_ptr<_Yp, _Del>&& __r)
[1.462s]       |         [01;36m[K^~~~~~~~[m[K
[1.462s] [01m[K/usr/include/c++/11/bits/shared_ptr.h:399:9:[m[K [01;36m[Knote: [m[K  template argument deduction/substitution failed:
[1.462s] [01m[K/home/zy/ws/src/mbot_pkg/src/mbot_manager.cpp:12:100:[m[K [01;36m[Knote: [m[K  ‘[01m[Krclcpp::WallTimer<MbotManager::MbotManager()::<lambda()>, 0>::SharedPtr[m[K’ {aka ‘[01m[Kstd::shared_ptr<rclcpp::WallTimer<MbotManager::MbotManager()::<lambda()>, 0> >[m[K’} is not derived from ‘[01m[Kstd::unique_ptr<_Tp, _Dp>[m[K’
[1.462s]    12 |     timer_ = this->create_wall_timer(std::chrono::seconds(1),[this](){publisher_->publish(person);}[01;36m[K)[m[K;
[1.462s]       |                                                                                                    [01;36m[K^[m[K
[1.462s] In file included from [01m[K/usr/include/c++/11/memory:77[m[K,
[1.462s]                  from [01m[K/home/zy/ws/src/mbot_pkg/src/mbot_manager.cpp:2[m[K:
[1.462s] [01m[K/usr/include/c++/11/bits/shared_ptr.h:359:19:[m[K [01;36m[Knote: [m[Kcandidate: ‘[01m[Kstd::shared_ptr<_Tp>& std::shared_ptr<_Tp>::operator=(const std::shared_ptr<_Tp>&) [with _Tp = rclcpp::WallTimer<std::function<void()> >][m[K’
[1.462s]   359 |       shared_ptr& [01;36m[Koperator[m[K=(const shared_ptr&) noexcept = default;
[1.462s]       |                   [01;36m[K^~~~~~~~[m[K
[1.462s] [01m[K/usr/include/c++/11/bits/shared_ptr.h:359:29:[m[K [01;36m[Knote: [m[K  no known conversion for argument 1 from ‘[01m[Krclcpp::WallTimer<MbotManager::MbotManager()::<lambda()>, 0>::SharedPtr[m[K’ {aka ‘[01m[Kstd::shared_ptr<rclcpp::WallTimer<MbotManager::MbotManager()::<lambda()>, 0> >[m[K’} to ‘[01m[Kconst std::shared_ptr<rclcpp::WallTimer<std::function<void()> > >&[m[K’
[1.463s]   359 |       shared_ptr& operator=([01;36m[Kconst shared_ptr&[m[K) noexcept = default;
[1.463s]       |                             [01;36m[K^~~~~~~~~~~~~~~~~[m[K
[1.463s] [01m[K/usr/include/c++/11/bits/shared_ptr.h:383:7:[m[K [01;36m[Knote: [m[Kcandidate: ‘[01m[Kstd::shared_ptr<_Tp>& std::shared_ptr<_Tp>::operator=(std::shared_ptr<_Tp>&&) [with _Tp = rclcpp::WallTimer<std::function<void()> >][m[K’
[1.463s]   383 |       [01;36m[Koperator[m[K=(shared_ptr&& __r) noexcept
[1.463s]       |       [01;36m[K^~~~~~~~[m[K
[1.463s] [01m[K/usr/include/c++/11/bits/shared_ptr.h:383:30:[m[K [01;36m[Knote: [m[K  no known conversion for argument 1 from ‘[01m[Krclcpp::WallTimer<MbotManager::MbotManager()::<lambda()>, 0>::SharedPtr[m[K’ {aka ‘[01m[Kstd::shared_ptr<rclcpp::WallTimer<MbotManager::MbotManager()::<lambda()>, 0> >[m[K’} to ‘[01m[Kstd::shared_ptr<rclcpp::WallTimer<std::function<void()> > >&&[m[K’
[1.463s]   383 |       operator=([01;36m[Kshared_ptr&& __r[m[K) noexcept
[1.463s]       |                 [01;36m[K~~~~~~~~~~~~~^~~[m[K
[1.911s] gmake[2]: *** [CMakeFiles/mbot_manager.dir/build.make:76: CMakeFiles/mbot_manager.dir/src/mbot_manager.cpp.o] Error 1
[1.911s] gmake[1]: *** [CMakeFiles/Makefile2:137: CMakeFiles/mbot_manager.dir/all] Error 2
[1.912s] gmake: *** [Makefile:146: all] Error 2
[1.915s] Invoked command in '/home/zy/ws/build/mbot_pkg' returned '2': AMENT_PREFIX_PATH=/home/zy/ws/install/mbot_interface:${AMENT_PREFIX_PATH} CMAKE_PREFIX_PATH=/home/zy/ws/install/mbot_interface:/opt/ros/humble LD_LIBRARY_PATH=/home/zy/ws/install/mbot_interface/lib:${LD_LIBRARY_PATH} PYTHONPATH=/home/zy/ws/install/mbot_interface/local/lib/python3.10/dist-packages:${PYTHONPATH} /usr/bin/cmake --build /home/zy/ws/build/mbot_pkg -- -j32 -l32
