[0.085s] Invoking command in '/home/zy/ws/build/mbot_pkg': CMAKE_PREFIX_PATH=/home/zy/ws/install/mbot_interface:/home/zy/ws/install/mbot_pkg:/home/zy/ws/install/control:/opt/ros/humble /usr/bin/cmake /home/zy/ws/src/mbot_pkg -DCMAKE_INSTALL_PREFIX=/home/zy/ws/install/mbot_pkg
[0.192s] -- The C compiler identification is GNU 11.4.0
[0.547s] -- The CXX compiler identification is GNU 11.4.0
[0.790s] -- Detecting C compiler ABI info
[0.892s] -- Detecting C compiler ABI info - done
[0.897s] -- Check for working C compiler: /usr/bin/cc - skipped
[0.897s] -- Detecting C compile features
[0.897s] -- Detecting C compile features - done
[0.899s] -- Detecting CXX compiler ABI info
[1.012s] -- Detecting CXX compiler ABI info - done
[1.017s] -- Check for working CXX compiler: /usr/bin/c++ - skipped
[1.017s] -- Detecting CXX compile features
[1.018s] -- Detecting CXX compile features - done
[1.019s] -- Found ament_cmake: 1.3.11 (/opt/ros/humble/share/ament_cmake/cmake)
[1.113s] -- Found Python3: /usr/bin/python3 (found version "3.10.12") found components: Interpreter 
[1.168s] -- Found rclcpp: 16.0.12 (/opt/ros/humble/share/rclcpp/cmake)
[1.286s] -- Found rosidl_generator_c: 3.1.6 (/opt/ros/humble/share/rosidl_generator_c/cmake)
[1.289s] -- Found rosidl_adapter: 3.1.6 (/opt/ros/humble/share/rosidl_adapter/cmake)
[1.293s] -- Found rosidl_generator_cpp: 3.1.6 (/opt/ros/humble/share/rosidl_generator_cpp/cmake)
[1.300s] -- Using all available rosidl_typesupport_c: rosidl_typesupport_fastrtps_c;rosidl_typesupport_introspection_c
[1.309s] -- Using all available rosidl_typesupport_cpp: rosidl_typesupport_fastrtps_cpp;rosidl_typesupport_introspection_cpp
[1.332s] -- Found rmw_implementation_cmake: 6.1.2 (/opt/ros/humble/share/rmw_implementation_cmake/cmake)
[1.334s] -- Found rmw_fastrtps_cpp: 6.2.7 (/opt/ros/humble/share/rmw_fastrtps_cpp/cmake)
[2.308s] -- Found OpenSSL: /usr/lib/x86_64-linux-gnu/libcrypto.so (found version "3.0.2")  
[3.329s] -- Found FastRTPS: /opt/ros/humble/include  
[5.405s] -- Using RMW implementation 'rmw_fastrtps_cpp' as default
[5.411s] -- Looking for pthread.h
[5.512s] -- Looking for pthread.h - found
[5.512s] -- Performing Test CMAKE_HAVE_LIBC_PTHREAD
[5.620s] -- Performing Test CMAKE_HAVE_LIBC_PTHREAD - Success
[5.621s] -- Found Threads: TRUE  
[5.650s] -- Found mbot_interface: 0.0.0 (/home/zy/ws/install/mbot_interface/share/mbot_interface/cmake)
[5.656s] -- Found gazebo_ros: 3.9.0 (/opt/ros/humble/share/gazebo_ros/cmake)
[5.662s] -- Found PkgConfig: /usr/bin/pkg-config (found version "0.29.2") 
[5.663s] -- Checking for module 'bullet>=2.82'
[5.672s] --   Found bullet, version 3.05
[5.763s] -- Found fcl: /usr/include (found suitable version "0.7.0", minimum required is "0.5.0") 
[5.795s] -- Found assimp: /usr/include (found version "5.2.0") 
[5.806s] -- Found DART: /usr/include (Required is at least version "6.6") found components: dart 
[5.824s] -- Found Boost: /usr/lib/x86_64-linux-gnu/cmake/Boost-1.74.0/BoostConfig.cmake (found suitable version "1.74.0", minimum required is "1.40.0") found components: thread system filesystem program_options regex iostreams date_time 
[6.110s] -- Found Protobuf: /usr/lib/x86_64-linux-gnu/libprotobuf.so (found version "3.12.4") 
[6.113s] -- Looking for ignition-math6 -- found version 6.15.1
[6.116s] -- Searching for dependencies of ignition-math6
[6.118s] -- Looking for OGRE...
[6.118s] -- OGRE_PREFIX_WATCH changed.
[6.122s] -- Checking for module 'OGRE'
[6.130s] --   Found OGRE, version 1.9.0
[6.150s] -- Found Ogre Ghadamon (1.9.0)
[6.459s] -- Found OGRE: optimized;/usr/lib/x86_64-linux-gnu/libOgreMain.so;debug;/usr/lib/x86_64-linux-gnu/libOgreMain.so
[6.465s] -- Looking for OGRE_Paging...
[6.881s] -- Found OGRE_Paging: optimized;/usr/lib/x86_64-linux-gnu/libOgrePaging.so;debug;/usr/lib/x86_64-linux-gnu/libOgrePaging.so
[6.882s] -- Looking for OGRE_Terrain...
[7.159s] -- Found OGRE_Terrain: optimized;/usr/lib/x86_64-linux-gnu/libOgreTerrain.so;debug;/usr/lib/x86_64-linux-gnu/libOgreTerrain.so
[7.159s] -- Looking for OGRE_Property...
[7.449s] -- Found OGRE_Property: optimized;/usr/lib/x86_64-linux-gnu/libOgreProperty.so;debug;/usr/lib/x86_64-linux-gnu/libOgreProperty.so
[7.449s] -- Looking for OGRE_RTShaderSystem...
[7.726s] -- Found OGRE_RTShaderSystem: optimized;/usr/lib/x86_64-linux-gnu/libOgreRTShaderSystem.so;debug;/usr/lib/x86_64-linux-gnu/libOgreRTShaderSystem.so
[7.726s] -- Looking for OGRE_Volume...
[7.995s] -- Found OGRE_Volume: optimized;/usr/lib/x86_64-linux-gnu/libOgreVolume.so;debug;/usr/lib/x86_64-linux-gnu/libOgreVolume.so
[7.995s] -- Looking for OGRE_Overlay...
[8.373s] -- Found OGRE_Overlay: optimized;/usr/lib/x86_64-linux-gnu/libOgreOverlay.so;debug;/usr/lib/x86_64-linux-gnu/libOgreOverlay.so
[23.328s] -- Looking for ignition-math6 -- found version 6.15.1
[23.335s] -- Looking for ignition-transport8 -- found version 8.2.1
[23.336s] -- Searching for dependencies of ignition-transport8
[24.276s] -- Found Protobuf: /usr/lib/x86_64-linux-gnu/libprotobuf.so (found suitable version "3.12.4", minimum required is "3") 
[25.182s] -- Config-file not installed for ZeroMQ -- checking for pkg-config
[25.194s] -- Checking for module 'libzmq >= 4'
[25.204s] --   Found libzmq , version 4.3.4
[25.226s] -- Found ZeroMQ: TRUE (Required is at least version "4") 
[25.259s] -- Checking for module 'uuid'
[25.269s] --   Found uuid, version 2.37.2
[25.288s] -- Found UUID: TRUE  
[25.290s] -- Looking for ignition-msgs5 -- found version 5.8.1
[25.291s] -- Searching for dependencies of ignition-msgs5
[26.187s] -- Looking for ignition-math6 -- found version 6.15.1
[26.197s] -- Checking for module 'tinyxml2'
[26.205s] --   Found tinyxml2, version 9.0.0
[26.230s] -- Looking for ignition-msgs5 -- found version 5.8.1
[26.231s] -- Looking for ignition-common3 -- found version 3.14.0
[26.232s] -- Searching for dependencies of ignition-common3
[26.263s] -- Looking for dlfcn.h - found
[26.290s] -- Looking for libdl - found
[26.292s] -- Found DL: TRUE  
[26.352s] -- Found tinyobjloader: /usr/lib/x86_64-linux-gnu/cmake/tinyobjloader/tinyobjloader-config.cmake (found version "2.0.0") 
[26.353s] -- Searching for <ignition-common3> component [graphics]
[26.355s] -- Looking for ignition-common3-graphics -- found version 3.14.0
[26.355s] -- Searching for dependencies of ignition-common3-graphics
[26.355s] -- Looking for ignition-math6 -- found version 6.15.1
[26.358s] -- Looking for ignition-fuel_tools4 -- found version 4.4.0
[26.358s] -- Searching for dependencies of ignition-fuel_tools4
[27.532s] -- Found CURL: /usr/lib/x86_64-linux-gnu/libcurl.so (found version "7.81.0")  
[27.542s] -- Checking for module 'jsoncpp'
[27.551s] --   Found jsoncpp, version 1.9.5
[27.571s] -- Found JSONCPP: TRUE  
[27.576s] -- Checking for module 'libzip'
[27.585s] --   Found libzip, version 1.7.3
[27.605s] -- Found ZIP: TRUE  
[27.605s] -- Looking for ignition-common3 -- found version 3.14.0
[27.606s] -- Looking for ignition-math6 -- found version 6.15.1
[27.606s] -- Looking for ignition-msgs5 -- found version 5.8.1
[27.611s] -- Gazebo version: 11.10
[27.612s] -- Checking for module 'tbb'
[27.620s] --   Found tbb, version 2021.5.0
[27.642s] -- Found gazebo_plugins: 3.9.0 (/opt/ros/humble/share/gazebo_plugins/cmake)
[27.699s] -- Found urdf: 2.6.1 (/opt/ros/humble/share/urdf/cmake)
[28.671s] -- Found xacro: 2.0.13 (/opt/ros/humble/share/xacro/cmake)
[28.673s] -- Found sensor_msgs: 4.9.0 (/opt/ros/humble/share/sensor_msgs/cmake)
[28.694s] -- Found ament_lint_auto: 0.12.12 (/opt/ros/humble/share/ament_lint_auto/cmake)
[28.787s] -- Added test 'cppcheck' to perform static code analysis on C / C++ code
[28.787s] -- Configured cppcheck include dirs: $<BUILD_INTERFACE:/home/zy/ws/src/mbot_pkg/include>
[28.787s] -- Configured cppcheck exclude dirs and/or files: 
[28.787s] -- Added test 'flake8' to check Python code syntax and style conventions
[28.788s] -- Added test 'lint_cmake' to check CMake code style
[28.789s] -- Added test 'pep257' to check Python code against some of the docstring style conventions in PEP 257
[28.790s] -- Added test 'uncrustify' to check C / C++ code style
[28.790s] -- Configured uncrustify additional arguments: 
[28.791s] -- Added test 'xmllint' to check XML markup files
[28.792s] -- Configuring done
[28.873s] -- Generating done
[28.878s] -- Build files have been written to: /home/zy/ws/build/mbot_pkg
[28.893s] Invoked command in '/home/zy/ws/build/mbot_pkg' returned '0': CMAKE_PREFIX_PATH=/home/zy/ws/install/mbot_interface:/home/zy/ws/install/mbot_pkg:/home/zy/ws/install/control:/opt/ros/humble /usr/bin/cmake /home/zy/ws/src/mbot_pkg -DCMAKE_INSTALL_PREFIX=/home/zy/ws/install/mbot_pkg
[28.894s] Invoking command in '/home/zy/ws/build/mbot_pkg': CMAKE_PREFIX_PATH=/home/zy/ws/install/mbot_interface:/home/zy/ws/install/mbot_pkg:/home/zy/ws/install/control:/opt/ros/humble /usr/bin/cmake --build /home/zy/ws/build/mbot_pkg -- -j32 -l32
[28.952s] [ 50%] [32mBuilding CXX object CMakeFiles/mbot_manager.dir/src/mbot_manager.cpp.o[0m
[34.604s] [100%] [32m[1mLinking CXX executable mbot_manager[0m
[35.351s] [100%] Built target mbot_manager
[35.363s] Invoked command in '/home/zy/ws/build/mbot_pkg' returned '0': CMAKE_PREFIX_PATH=/home/zy/ws/install/mbot_interface:/home/zy/ws/install/mbot_pkg:/home/zy/ws/install/control:/opt/ros/humble /usr/bin/cmake --build /home/zy/ws/build/mbot_pkg -- -j32 -l32
[35.374s] Invoking command in '/home/zy/ws/build/mbot_pkg': CMAKE_PREFIX_PATH=/home/zy/ws/install/mbot_interface:/home/zy/ws/install/mbot_pkg:/home/zy/ws/install/control:/opt/ros/humble /usr/bin/cmake --install /home/zy/ws/build/mbot_pkg
[35.381s] -- Install configuration: ""
[35.381s] -- Installing: /home/zy/ws/install/mbot_pkg/lib/mbot_pkg/mbot_manager
[35.384s] -- Set runtime path of "/home/zy/ws/install/mbot_pkg/lib/mbot_pkg/mbot_manager" to ""
[35.385s] -- Installing: /home/zy/ws/install/mbot_pkg/share/mbot_pkg/launch
[35.385s] -- Installing: /home/zy/ws/install/mbot_pkg/share/mbot_pkg/launch/mbot.launch.py
[35.385s] -- Installing: /home/zy/ws/install/mbot_pkg/share/mbot_pkg/urdf
[35.385s] -- Installing: /home/zy/ws/install/mbot_pkg/share/mbot_pkg/urdf/mbot_gazebo.urdf.xacro
[35.386s] -- Installing: /home/zy/ws/install/mbot_pkg/share/mbot_pkg/urdf/mbot_base.urdf.xacro
[35.387s] -- Installing: /home/zy/ws/install/mbot_pkg/share/ament_index/resource_index/package_run_dependencies/mbot_pkg
[35.387s] -- Installing: /home/zy/ws/install/mbot_pkg/share/ament_index/resource_index/parent_prefix_path/mbot_pkg
[35.387s] -- Installing: /home/zy/ws/install/mbot_pkg/share/mbot_pkg/environment/ament_prefix_path.sh
[35.387s] -- Installing: /home/zy/ws/install/mbot_pkg/share/mbot_pkg/environment/ament_prefix_path.dsv
[35.388s] -- Installing: /home/zy/ws/install/mbot_pkg/share/mbot_pkg/environment/path.sh
[35.388s] -- Installing: /home/zy/ws/install/mbot_pkg/share/mbot_pkg/environment/path.dsv
[35.388s] -- Installing: /home/zy/ws/install/mbot_pkg/share/mbot_pkg/local_setup.bash
[35.388s] -- Installing: /home/zy/ws/install/mbot_pkg/share/mbot_pkg/local_setup.sh
[35.388s] -- Installing: /home/zy/ws/install/mbot_pkg/share/mbot_pkg/local_setup.zsh
[35.389s] -- Installing: /home/zy/ws/install/mbot_pkg/share/mbot_pkg/local_setup.dsv
[35.389s] -- Installing: /home/zy/ws/install/mbot_pkg/share/mbot_pkg/package.dsv
[35.389s] -- Installing: /home/zy/ws/install/mbot_pkg/share/ament_index/resource_index/packages/mbot_pkg
[35.389s] -- Installing: /home/zy/ws/install/mbot_pkg/share/mbot_pkg/cmake/mbot_pkgConfig.cmake
[35.389s] -- Installing: /home/zy/ws/install/mbot_pkg/share/mbot_pkg/cmake/mbot_pkgConfig-version.cmake
[35.389s] -- Installing: /home/zy/ws/install/mbot_pkg/share/mbot_pkg/package.xml
[35.391s] Invoked command in '/home/zy/ws/build/mbot_pkg' returned '0': CMAKE_PREFIX_PATH=/home/zy/ws/install/mbot_interface:/home/zy/ws/install/mbot_pkg:/home/zy/ws/install/control:/opt/ros/humble /usr/bin/cmake --install /home/zy/ws/build/mbot_pkg
