[0.056s] Invoking command in '/home/zy/ws/build/mbot_pkg': AMENT_PREFIX_PATH=/home/zy/ws/install/mbot_interface:${AMENT_PREFIX_PATH} CMAKE_PREFIX_PATH=/home/zy/ws/install/mbot_interface:/opt/ros/humble LD_LIBRARY_PATH=/home/zy/ws/install/mbot_interface/lib:${LD_LIBRARY_PATH} PYTHONPATH=/home/zy/ws/install/mbot_interface/local/lib/python3.10/dist-packages:${PYTHONPATH} /usr/bin/cmake /home/zy/ws/src/mbot_pkg -DCMAKE_INSTALL_PREFIX=/home/zy/ws/install/mbot_pkg
[0.137s] -- The C compiler identification is GNU 11.4.0
[0.389s] -- The CXX compiler identification is GNU 11.4.0
[0.648s] -- Detecting C compiler ABI info
[0.746s] -- Detecting C compiler ABI info - done
[0.750s] -- Check for working C compiler: /usr/bin/cc - skipped
[0.750s] -- Detecting C compile features
[0.751s] -- Detecting C compile features - done
[0.752s] -- Detecting CXX compiler ABI info
[0.857s] -- Detecting CXX compiler ABI info - done
[0.861s] -- Check for working CXX compiler: /usr/bin/c++ - skipped
[0.861s] -- Detecting CXX compile features
[0.861s] -- Detecting CXX compile features - done
[0.862s] -- Found ament_cmake: 1.3.11 (/opt/ros/humble/share/ament_cmake/cmake)
[0.941s] -- Found Python3: /usr/bin/python3 (found version "3.10.12") found components: Interpreter 
[0.989s] -- Found rclcpp: 16.0.12 (/opt/ros/humble/share/rclcpp/cmake)
[1.194s] -- Found rosidl_generator_c: 3.1.6 (/opt/ros/humble/share/rosidl_generator_c/cmake)
[1.196s] -- Found rosidl_adapter: 3.1.6 (/opt/ros/humble/share/rosidl_adapter/cmake)
[1.200s] -- Found rosidl_generator_cpp: 3.1.6 (/opt/ros/humble/share/rosidl_generator_cpp/cmake)
[1.206s] -- Using all available rosidl_typesupport_c: rosidl_typesupport_fastrtps_c;rosidl_typesupport_introspection_c
[1.214s] -- Using all available rosidl_typesupport_cpp: rosidl_typesupport_fastrtps_cpp;rosidl_typesupport_introspection_cpp
[1.255s] -- Found rmw_implementation_cmake: 6.1.2 (/opt/ros/humble/share/rmw_implementation_cmake/cmake)
[1.258s] -- Found rmw_fastrtps_cpp: 6.2.7 (/opt/ros/humble/share/rmw_fastrtps_cpp/cmake)
[2.033s] -- Found OpenSSL: /usr/lib/x86_64-linux-gnu/libcrypto.so (found version "3.0.2")  
[2.796s] -- Found FastRTPS: /opt/ros/humble/include  
[4.171s] -- Using RMW implementation 'rmw_fastrtps_cpp' as default
[4.185s] -- Looking for pthread.h
[4.264s] -- Looking for pthread.h - found
[4.265s] -- Performing Test CMAKE_HAVE_LIBC_PTHREAD
[4.334s] -- Performing Test CMAKE_HAVE_LIBC_PTHREAD - Success
[4.335s] -- Found Threads: TRUE  
[5.049s] [31mCMake Error at CMakeLists.txt:12 (find_package):
[5.049s]   By not providing "Findmbot_interfaces.cmake" in CMAKE_MODULE_PATH this
[5.049s]   project has asked CMake to find a package configuration file provided by
[5.049s]   "mbot_interfaces", but CMake did not find one.
[5.049s] 
[5.049s]   Could not find a package configuration file provided by "mbot_interfaces"
[5.049s]   with any of the following names:
[5.049s] 
[5.049s]     mbot_interfacesConfig.cmake
[5.049s]     mbot_interfaces-config.cmake
[5.049s] 
[5.049s]   Add the installation prefix of "mbot_interfaces" to CMAKE_PREFIX_PATH or
[5.049s]   set "mbot_interfaces_DIR" to a directory containing one of the above files.
[5.049s]   If "mbot_interfaces" provides a separate development package or SDK, be
[5.049s]   sure it has been installed.
[5.049s] 
[5.049s] [0m
[5.049s] -- Configuring incomplete, errors occurred!
[5.050s] See also "/home/zy/ws/build/mbot_pkg/CMakeFiles/CMakeOutput.log".
[5.054s] Invoked command in '/home/zy/ws/build/mbot_pkg' returned '1': AMENT_PREFIX_PATH=/home/zy/ws/install/mbot_interface:${AMENT_PREFIX_PATH} CMAKE_PREFIX_PATH=/home/zy/ws/install/mbot_interface:/opt/ros/humble LD_LIBRARY_PATH=/home/zy/ws/install/mbot_interface/lib:${LD_LIBRARY_PATH} PYTHONPATH=/home/zy/ws/install/mbot_interface/local/lib/python3.10/dist-packages:${PYTHONPATH} /usr/bin/cmake /home/zy/ws/src/mbot_pkg -DCMAKE_INSTALL_PREFIX=/home/zy/ws/install/mbot_pkg
